{"meta": {"version": "7.3.2", "timestamp": "2023-11-27T03:38:59.573675", "branch_coverage": true, "show_contexts": false}, "files": {"/input/test-apps/scrapy/scrapy/utils/console.py": {"executed_lines": [1, 2, 5, 7, 8, 9, 14, 15, 25, 28, 30, 32, 33, 35, 38, 40, 42, 43, 44, 45, 46, 49, 51, 52, 53, 57, 58, 60, 61, 63, 66, 74, 78, 79, 80, 81, 82, 83, 84, 87, 92], "summary": {"covered_lines": 41, "num_statements": 62, "percent_covered": 66.21621621621621, "percent_covered_display": "66", "missing_lines": 21, "excluded_lines": 0, "num_branches": 12, "num_partial_branches": 0, "covered_branches": 8, "missing_branches": 4}, "missing_lines": [10, 11, 12, 16, 21, 22, 24, 34, 54, 55, 62, 88, 89, 96, 97, 99, 100, 101, 102, 103, 104], "excluded_lines": [], "executed_branches": [[78, 79], [78, 80], [80, 81], [80, 82], [82, -74], [82, 83], [83, 82], [83, 84]], "missing_branches": [[96, 97], [96, 99], [101, -92], [101, 102]]}}, "totals": {"covered_lines": 41, "num_statements": 62, "percent_covered": 66.21621621621621, "percent_covered_display": "66", "missing_lines": 21, "excluded_lines": 0, "num_branches": 12, "num_partial_branches": 0, "covered_branches": 8, "missing_branches": 4}}