{"meta": {"version": "7.3.2", "timestamp": "2023-11-27T03:59:05.202323", "branch_coverage": false, "show_contexts": false}, "files": {"/input/test-apps/docstring_parser/docstring_parser/rest.py": {"executed_lines": [1, 3, 4, 5, 7, 21, 22, 24, 53, 70, 83, 86, 91, 92, 95, 96, 97, 98, 99, 104, 105, 106, 112, 115, 116, 118, 119, 124, 125, 126, 130, 132], "summary": {"covered_lines": 31, "num_statements": 69, "percent_covered": 44.927536231884055, "percent_covered_display": "45", "missing_lines": 38, "excluded_lines": 0}, "missing_lines": [25, 26, 27, 28, 29, 31, 32, 33, 34, 35, 37, 41, 42, 44, 54, 55, 56, 57, 59, 63, 71, 72, 73, 74, 76, 79, 93, 101, 102, 107, 108, 109, 110, 117, 120, 121, 127, 128], "excluded_lines": []}}, "totals": {"covered_lines": 31, "num_statements": 69, "percent_covered": 44.927536231884055, "percent_covered_display": "45", "missing_lines": 38, "excluded_lines": 0}}