{"meta": {"version": "7.3.2", "timestamp": "2023-11-27T04:40:51.304222", "branch_coverage": false, "show_contexts": false}, "files": {"/input/test-apps/pypara/pypara/commons/numbers.py": {"executed_lines": [1, 5, 20, 21, 26, 31, 34, 38, 41, 44, 47, 50, 53, 57, 61, 64, 67], "summary": {"covered_lines": 16, "num_statements": 17, "percent_covered": 94.11764705882354, "percent_covered_display": "94", "missing_lines": 1, "excluded_lines": 0}, "missing_lines": [88], "excluded_lines": []}}, "totals": {"covered_lines": 16, "num_statements": 17, "percent_covered": 94.11764705882354, "percent_covered_display": "94", "missing_lines": 1, "excluded_lines": 0}}