{"meta": {"version": "7.3.2", "timestamp": "2023-11-27T03:38:51.036664", "branch_coverage": true, "show_contexts": false}, "files": {"/input/test-apps/scrapy/scrapy/utils/console.py": {"executed_lines": [1, 2, 5, 28, 38, 49, 51, 52, 53, 57, 58, 60, 61, 62, 63, 66, 74, 92], "summary": {"covered_lines": 18, "num_statements": 62, "percent_covered": 24.324324324324323, "percent_covered_display": "24", "missing_lines": 44, "excluded_lines": 0, "num_branches": 12, "num_partial_branches": 0, "covered_branches": 0, "missing_branches": 12}, "missing_lines": [7, 8, 9, 10, 11, 12, 14, 15, 16, 21, 22, 24, 25, 30, 32, 33, 34, 35, 40, 42, 43, 44, 45, 46, 54, 55, 78, 79, 80, 81, 82, 83, 84, 87, 88, 89, 96, 97, 99, 100, 101, 102, 103, 104], "excluded_lines": [], "executed_branches": [], "missing_branches": [[78, 79], [78, 80], [80, 81], [80, 82], [82, -74], [82, 83], [83, 82], [83, 84], [96, 97], [96, 99], [101, -92], [101, 102]]}}, "totals": {"covered_lines": 18, "num_statements": 62, "percent_covered": 24.324324324324323, "percent_covered_display": "24", "missing_lines": 44, "excluded_lines": 0, "num_branches": 12, "num_partial_branches": 0, "covered_branches": 0, "missing_branches": 12}}