{"meta": {"version": "7.3.2", "timestamp": "2023-11-27T03:43:55.443414", "branch_coverage": true, "show_contexts": false}, "files": {"/input/test-apps/scrapy/scrapy/utils/url.py": {"executed_lines": [1, 8, 9, 10, 14, 15, 16, 19, 28, 33, 37, 46, 75, 86, 108, 124, 128, 136, 148, 149, 150, 151, 152, 153, 156, 157], "summary": {"covered_lines": 25, "num_statements": 51, "percent_covered": 43.66197183098591, "percent_covered_display": "44", "missing_lines": 26, "excluded_lines": 0, "num_branches": 20, "num_partial_branches": 0, "covered_branches": 6, "missing_branches": 14}, "missing_lines": [21, 22, 23, 24, 25, 30, 34, 41, 42, 43, 69, 70, 71, 72, 77, 78, 79, 80, 81, 83, 87, 109, 125, 131, 132, 133], "excluded_lines": [], "executed_branches": [[150, 151], [150, 152], [152, 153], [152, 157], [153, 156], [153, 157]], "missing_branches": [[22, 23], [22, 24], [24, -24], [24, 25], [25, -25], [25, -19], [41, 42], [41, 43], [70, 71], [70, 72], [78, 79], [78, 83], [131, 132], [131, 133]]}}, "totals": {"covered_lines": 25, "num_statements": 51, "percent_covered": 43.66197183098591, "percent_covered_display": "44", "missing_lines": 26, "excluded_lines": 0, "num_branches": 20, "num_partial_branches": 0, "covered_branches": 6, "missing_branches": 14}}