{"meta": {"version": "7.3.2", "timestamp": "2023-11-27T03:45:12.541169", "branch_coverage": true, "show_contexts": false}, "files": {"/input/test-apps/scrapy/scrapy/utils/spider.py": {"executed_lines": [1, 2, 4, 5, 6, 7, 10, 13, 25, 43, 70, 71], "summary": {"covered_lines": 12, "num_statements": 33, "percent_covered": 25.53191489361702, "percent_covered_display": "26", "missing_lines": 21, "excluded_lines": 0, "num_branches": 14, "num_partial_branches": 0, "covered_branches": 0, "missing_branches": 14}, "missing_lines": [14, 15, 16, 17, 18, 19, 20, 21, 22, 31, 33, 34, 40, 55, 56, 57, 59, 60, 63, 64, 67], "excluded_lines": [], "executed_branches": [], "missing_branches": [[14, 15], [14, 18], [18, 19], [18, 22], [33, -25], [33, 34], [34, 33], [34, 40], [56, 57], [56, 59], [59, 60], [59, 63], [63, 64], [63, 67]]}}, "totals": {"covered_lines": 12, "num_statements": 33, "percent_covered": 25.53191489361702, "percent_covered_display": "26", "missing_lines": 21, "excluded_lines": 0, "num_branches": 14, "num_partial_branches": 0, "covered_branches": 0, "missing_branches": 14}}