{"meta": {"version": "7.3.2", "timestamp": "2023-11-27T04:33:46.840410", "branch_coverage": true, "show_contexts": false}, "files": {"/input/test-apps/tornado/tornado/httputil.py": {"executed_lines": [16, 22, 23, 24, 25, 26, 27, 28, 29, 30, 31, 32, 33, 34, 36, 37, 38, 43, 45, 46, 60, 66, 67, 76, 77, 105, 106, 109, 110, 113, 114, 117, 118, 121, 135, 147, 152, 162, 184, 185, 210, 215, 218, 223, 226, 229, 236, 238, 244, 247, 248, 340, 341, 344, 346, 386, 387, 409, 413, 420, 451, 463, 469, 470, 476, 479, 480, 485, 488, 489, 494, 508, 517, 518, 524, 543, 550, 554, 563, 564, 569, 593, 604, 610, 657, 658, 668, 671, 722, 737, 744, 793, 851, 874, 879, 882, 903, 908, 911, 934, 947, 982, 989, 990, 991, 993, 994, 995, 998, 999, 1002, 1018, 1025, 1028, 1045, 1055, 1056, 1057, 1060, 1110], "summary": {"covered_lines": 112, "num_statements": 424, "percent_covered": 20.65972222222222, "percent_covered_display": "21", "missing_lines": 312, "excluded_lines": 0, "num_branches": 152, "num_partial_branches": 1, "covered_branches": 7, "missing_branches": 145}, "missing_lines": [61, 62, 63, 73, 107, 111, 115, 119, 122, 123, 124, 125, 127, 128, 131, 137, 138, 139, 140, 143, 145, 149, 150, 158, 159, 160, 170, 172, 173, 174, 175, 176, 178, 179, 180, 181, 182, 198, 201, 202, 203, 204, 205, 206, 211, 212, 213, 216, 219, 220, 221, 224, 227, 231, 239, 240, 241, 242, 359, 360, 361, 362, 363, 364, 365, 368, 369, 370, 372, 373, 374, 375, 376, 377, 378, 380, 381, 382, 383, 384, 389, 390, 393, 394, 395, 396, 397, 399, 400, 401, 402, 406, 407, 411, 415, 416, 418, 441, 442, 443, 445, 448, 449, 452, 460, 461, 464, 465, 466, 506, 514, 541, 548, 552, 560, 591, 602, 607, 629, 630, 631, 632, 633, 634, 635, 636, 637, 639, 642, 643, 644, 654, 702, 703, 704, 705, 706, 707, 708, 709, 710, 711, 712, 713, 714, 715, 716, 718, 719, 732, 733, 734, 738, 739, 740, 741, 759, 760, 761, 764, 765, 767, 768, 769, 770, 771, 772, 773, 774, 775, 776, 779, 780, 781, 782, 783, 784, 785, 786, 788, 789, 790, 815, 816, 817, 818, 819, 820, 821, 822, 823, 824, 825, 826, 827, 828, 829, 830, 831, 832, 833, 834, 835, 836, 837, 838, 839, 840, 841, 842, 848, 863, 864, 865, 866, 867, 868, 870, 871, 890, 891, 892, 895, 896, 897, 900, 919, 920, 921, 922, 923, 935, 936, 937, 938, 939, 940, 941, 942, 943, 944, 961, 962, 964, 965, 966, 967, 968, 969, 970, 971, 972, 973, 974, 975, 976, 977, 978, 979, 1011, 1012, 1013, 1014, 1015, 1020, 1022, 1035, 1036, 1037, 1038, 1040, 1041, 1042, 1050, 1051, 1052, 1069, 1070, 1071, 1072, 1078, 1084, 1085, 1086, 1087, 1088, 1089, 1090, 1091, 1092, 1094, 1095, 1096, 1097, 1098, 1099, 1100, 1101, 1102, 1104, 1105, 1106, 1107, 1121, 1122, 1123, 1124, 1128, 1129, 1130, 1132, 1133], "excluded_lines": [], "executed_branches": [[60, 66], [989, 990], [989, 991], [993, 994], [993, 999], [994, 995], [994, 998]], "missing_branches": [[60, 61], [73, -73], [73, -66], [125, 127], [125, 131], [127, -121], [127, 128], [139, 140], [139, 145], [158, -152], [158, 159], [159, 158], [159, 160], [170, 172], [170, 178], [172, 173], [172, 174], [201, 202], [201, 206], [202, 203], [202, 204], [204, 201], [204, 205], [240, 241], [240, 242], [359, 360], [359, 361], [380, 381], [380, 382], [389, 390], [389, 407], [393, 394], [393, 407], [399, 400], [399, 407], [415, 416], [415, 418], [442, 443], [442, 445], [460, -451], [460, 461], [465, -465], [465, 466], [629, 630], [629, 631], [632, 633], [632, 635], [635, 636], [635, 639], [704, 705], [704, 706], [712, 713], [712, 719], [713, 714], [713, 718], [714, 715], [714, 719], [739, 740], [739, 741], [759, 760], [759, 774], [760, 761], [760, 765], [771, -744], [771, 772], [772, 771], [772, 773], [774, -744], [774, 775], [775, 776], [775, 780], [782, 783], [782, 788], [784, 782], [784, 785], [815, 816], [815, 817], [818, 819], [818, 821], [822, -793], [822, 823], [823, 824], [823, 825], [826, 827], [826, 829], [832, 833], [832, 835], [836, 837], [836, 839], [840, 841], [840, 848], [863, 864], [863, 865], [865, 866], [865, 867], [867, 868], [867, 870], [896, 897], [896, 900], [921, 922], [921, 923], [935, -934], [935, 936], [938, 939], [938, 940], [940, 941], [940, 942], [965, 966], [965, 971], [967, 965], [967, 968], [974, 975], [974, 979], [976, 977], [976, 978], [1011, 1012], [1011, 1013], [1013, 1014], [1013, 1015], [1036, 1037], [1036, 1040], [1050, -1045], [1050, 1051], [1051, 1050], [1051, 1052], [1069, 1070], [1069, 1071], [1071, 1072], [1071, 1078], [1087, 1088], [1087, 1107], [1090, 1091], [1090, 1094], [1095, 1096], [1095, 1097], [1097, 1098], [1097, 1099], [1099, 1100], [1099, 1104], [1122, 1123], [1122, 1133], [1123, 1124], [1123, 1128], [1130, 1122], [1130, 1132]]}}, "totals": {"covered_lines": 112, "num_statements": 424, "percent_covered": 20.65972222222222, "percent_covered_display": "21", "missing_lines": 312, "excluded_lines": 0, "num_branches": 152, "num_partial_branches": 1, "covered_branches": 7, "missing_branches": 145}}