{"meta": {"version": "7.3.2", "timestamp": "2023-11-27T03:58:39.954272", "branch_coverage": true, "show_contexts": false}, "files": {"/input/test-apps/pytutils/pytutils/env.py": {"executed_lines": [1, 2, 3, 4, 7, 13, 27, 28, 30, 31, 33, 34, 37, 38, 41, 44], "summary": {"covered_lines": 16, "num_statements": 29, "percent_covered": 51.21951219512195, "percent_covered_display": "51", "missing_lines": 13, "excluded_lines": 0, "num_branches": 12, "num_partial_branches": 3, "covered_branches": 5, "missing_branches": 7}, "missing_lines": [8, 9, 10, 35, 39, 55, 57, 59, 60, 62, 64, 65, 67], "excluded_lines": [], "executed_branches": [[27, -13], [27, 28], [30, 31], [34, 37], [38, 41]], "missing_branches": [[30, 27], [34, 35], [38, 39], [59, 60], [59, 67], [64, 59], [64, 65]]}, "pytutils/__init__.py": {"executed_lines": [], "summary": {"covered_lines": 0, "num_statements": 0, "percent_covered": 100.0, "percent_covered_display": "100", "missing_lines": 0, "excluded_lines": 0, "num_branches": 0, "num_partial_branches": 0, "covered_branches": 0, "missing_branches": 0}, "missing_lines": [], "excluded_lines": [], "executed_branches": [], "missing_branches": []}, "pytutils/debug.py": {"executed_lines": [], "summary": {"covered_lines": 0, "num_statements": 10, "percent_covered": 0.0, "percent_covered_display": "0", "missing_lines": 10, "excluded_lines": 0, "num_branches": 0, "num_partial_branches": 0, "covered_branches": 0, "missing_branches": 0}, "missing_lines": [1, 2, 5, 7, 9, 11, 14, 15, 18, 20], "excluded_lines": [], "executed_branches": [], "missing_branches": []}, "pytutils/env.py": {"executed_lines": [], "summary": {"covered_lines": 0, "num_statements": 29, "percent_covered": 0.0, "percent_covered_display": "0", "missing_lines": 29, "excluded_lines": 0, "num_branches": 12, "num_partial_branches": 0, "covered_branches": 0, "missing_branches": 12}, "missing_lines": [1, 2, 3, 4, 7, 8, 9, 10, 13, 27, 28, 30, 31, 33, 34, 35, 37, 38, 39, 41, 44, 55, 57, 59, 60, 62, 64, 65, 67], "excluded_lines": [], "executed_branches": [], "missing_branches": [[27, -13], [27, 28], [30, 27], [30, 31], [34, 35], [34, 37], [38, 39], [38, 41], [59, 60], [59, 67], [64, 59], [64, 65]]}, "pytutils/excs.py": {"executed_lines": [], "summary": {"covered_lines": 0, "num_statements": 9, "percent_covered": 0.0, "percent_covered_display": "0", "missing_lines": 9, "excluded_lines": 0, "num_branches": 2, "num_partial_branches": 0, "covered_branches": 0, "missing_branches": 2}, "missing_lines": [1, 4, 5, 9, 10, 11, 12, 13, 15], "excluded_lines": [], "executed_branches": [], "missing_branches": [[12, 13], [12, 15]]}, "pytutils/files.py": {"executed_lines": [], "summary": {"covered_lines": 0, "num_statements": 35, "percent_covered": 0.0, "percent_covered_display": "0", "missing_lines": 35, "excluded_lines": 0, "num_branches": 20, "num_partial_branches": 0, "covered_branches": 0, "missing_branches": 20}, "missing_lines": [5, 6, 7, 9, 12, 23, 24, 26, 27, 28, 29, 31, 32, 33, 34, 36, 37, 39, 40, 41, 42, 43, 45, 46, 49, 52, 55, 59, 60, 62, 63, 64, 65, 67, 68], "excluded_lines": [], "executed_branches": [], "missing_branches": [[23, 24], [23, 26], [28, 29], [28, 31], [31, 32], [31, 33], [33, 34], [33, 36], [41, 42], [41, 43], [45, -12], [45, 46], [59, 60], [59, 62], [62, 63], [62, 64], [64, 65], [64, 67], [67, -55], [67, 68]]}, "pytutils/iters.py": {"executed_lines": [], "summary": {"covered_lines": 0, "num_statements": 30, "percent_covered": 0.0, "percent_covered_display": "0", "missing_lines": 30, "excluded_lines": 0, "num_branches": 8, "num_partial_branches": 0, "covered_branches": 0, "missing_branches": 8}, "missing_lines": [1, 2, 3, 4, 7, 21, 22, 23, 24, 25, 26, 27, 28, 29, 32, 37, 39, 42, 45, 53, 54, 55, 57, 58, 60, 61, 64, 65, 75, 76], "excluded_lines": [], "executed_branches": [], "missing_branches": [[27, -7], [27, 28], [37, 39], [37, 42], [54, -45], [54, 55], [57, 58], [57, 60]]}, "pytutils/log.py": {"executed_lines": [], "summary": {"covered_lines": 0, "num_statements": 66, "percent_covered": 0.0, "percent_covered_display": "0", "missing_lines": 66, "excluded_lines": 0, "num_branches": 14, "num_partial_branches": 0, "covered_branches": 0, "missing_branches": 14}, "missing_lines": [1, 2, 3, 4, 5, 7, 10, 11, 12, 14, 15, 16, 17, 19, 20, 21, 24, 34, 37, 81, 89, 91, 92, 93, 94, 95, 96, 97, 100, 101, 103, 104, 106, 107, 109, 110, 112, 113, 115, 116, 117, 118, 120, 121, 122, 123, 128, 131, 134, 135, 136, 138, 139, 142, 150, 152, 153, 155, 159, 162, 163, 165, 166, 167, 168, 170], "excluded_lines": [], "executed_branches": [], "missing_branches": [[14, 15], [14, 19], [103, 104], [103, 106], [106, 107], [106, 109], [109, 110], [109, 112], [112, 113], [112, 128], [135, 136], [135, 138], [152, 153], [152, 155]]}, "pytutils/mappings.py": {"executed_lines": [], "summary": {"covered_lines": 0, "num_statements": 168, "percent_covered": 0.0, "percent_covered_display": "0", "missing_lines": 168, "excluded_lines": 0, "num_branches": 56, "num_partial_branches": 0, "covered_branches": 0, "missing_branches": 56}, "missing_lines": [1, 2, 3, 5, 7, 10, 15, 16, 17, 20, 23, 49, 55, 56, 58, 60, 61, 62, 64, 65, 66, 68, 70, 71, 73, 74, 76, 77, 79, 80, 82, 83, 85, 86, 88, 89, 92, 93, 94, 96, 98, 99, 101, 102, 104, 105, 106, 108, 109, 110, 112, 113, 114, 116, 117, 118, 120, 121, 122, 125, 126, 133, 134, 135, 137, 143, 144, 145, 146, 148, 149, 150, 151, 152, 154, 155, 157, 158, 160, 161, 164, 166, 168, 169, 170, 171, 172, 175, 178, 214, 215, 217, 220, 221, 224, 227, 229, 231, 232, 233, 234, 236, 237, 238, 239, 241, 243, 244, 247, 248, 249, 251, 252, 254, 255, 257, 260, 303, 304, 305, 307, 309, 310, 311, 313, 314, 315, 316, 318, 319, 321, 322, 324, 326, 327, 328, 329, 331, 332, 333, 335, 337, 340, 343, 361, 363, 364, 366, 368, 374, 375, 376, 378, 379, 380, 382, 383, 384, 387, 394, 395, 396, 398, 401, 409, 410, 412, 413], "excluded_lines": [], "executed_branches": [], "missing_branches": [[61, 62], [61, 64], [65, 66], [65, 68], [106, -106], [106, -104], [144, 145], [144, 146], [149, 150], [149, 155], [150, 151], [150, 154], [151, 152], [151, 155], [169, 170], [169, 172], [214, 215], [214, 217], [221, 224], [221, 231], [224, 227], [224, 229], [231, 232], [231, 257], [236, 237], [236, 247], [237, -237], [237, 238], [238, 239], [238, 241], [243, 236], [243, 244], [247, 231], [247, 248], [248, 249], [248, 254], [249, 251], [249, 252], [251, -251], [251, 252], [254, -254], [254, 255], [314, -313], [314, 315], [318, 319], [318, 321], [327, 328], [327, 337], [328, 329], [328, 331], [379, 380], [379, 382], [382, -378], [382, 383], [395, 396], [395, 398]]}, "pytutils/memo.py": {"executed_lines": [], "summary": {"covered_lines": 0, "num_statements": 62, "percent_covered": 0.0, "percent_covered_display": "0", "missing_lines": 62, "excluded_lines": 0, "num_branches": 24, "num_partial_branches": 0, "covered_branches": 0, "missing_branches": 24}, "missing_lines": [1, 3, 5, 7, 10, 11, 12, 14, 15, 17, 20, 28, 29, 30, 31, 36, 38, 39, 41, 43, 44, 45, 46, 48, 49, 50, 51, 52, 53, 55, 56, 57, 59, 60, 61, 62, 63, 65, 66, 67, 68, 69, 71, 72, 73, 75, 76, 78, 81, 82, 83, 85, 86, 88, 91, 95, 97, 98, 99, 100, 101, 103], "excluded_lines": [], "executed_branches": [], "missing_branches": [[28, 29], [28, 30], [30, 31], [30, 36], [38, 39], [38, 41], [48, 49], [48, 59], [51, 52], [51, 55], [52, 53], [52, 59], [59, 60], [59, 75], [65, 66], [65, 75], [67, 68], [67, 71], [68, 69], [68, 75], [75, 76], [75, 78], [99, 100], [99, 101]]}, "pytutils/meth.py": {"executed_lines": [], "summary": {"covered_lines": 0, "num_statements": 2, "percent_covered": 0.0, "percent_covered_display": "0", "missing_lines": 2, "excluded_lines": 0, "num_branches": 0, "num_partial_branches": 0, "covered_branches": 0, "missing_branches": 0}, "missing_lines": [1, 20], "excluded_lines": [], "executed_branches": [], "missing_branches": []}, "pytutils/path.py": {"executed_lines": [], "summary": {"covered_lines": 0, "num_statements": 4, "percent_covered": 0.0, "percent_covered_display": "0", "missing_lines": 4, "excluded_lines": 0, "num_branches": 2, "num_partial_branches": 0, "covered_branches": 0, "missing_branches": 2}, "missing_lines": [1, 4, 5, 6], "excluded_lines": [], "executed_branches": [], "missing_branches": [[5, -4], [5, 6]]}, "pytutils/pretty.py": {"executed_lines": [], "summary": {"covered_lines": 0, "num_statements": 35, "percent_covered": 0.0, "percent_covered_display": "0", "missing_lines": 35, "excluded_lines": 0, "num_branches": 8, "num_partial_branches": 0, "covered_branches": 0, "missing_branches": 8}, "missing_lines": [5, 6, 7, 8, 10, 11, 12, 13, 14, 16, 17, 18, 20, 21, 22, 24, 27, 34, 36, 37, 38, 40, 43, 50, 52, 53, 54, 55, 56, 58, 59, 62, 64, 65, 67], "excluded_lines": [], "executed_branches": [], "missing_branches": [[36, 37], [36, 38], [54, 55], [54, 58], [58, 59], [58, 62], [64, -43], [64, 65]]}, "pytutils/props.py": {"executed_lines": [], "summary": {"covered_lines": 0, "num_statements": 28, "percent_covered": 0.0, "percent_covered_display": "0", "missing_lines": 28, "excluded_lines": 0, "num_branches": 4, "num_partial_branches": 0, "covered_branches": 0, "missing_branches": 4}, "missing_lines": [1, 6, 7, 9, 10, 13, 16, 17, 18, 19, 21, 22, 25, 30, 31, 32, 33, 34, 35, 37, 40, 44, 46, 47, 48, 49, 50, 52], "excluded_lines": [], "executed_branches": [], "missing_branches": [[33, 34], [33, 35], [48, 49], [48, 50]]}, "pytutils/python.py": {"executed_lines": [], "summary": {"covered_lines": 0, "num_statements": 28, "percent_covered": 0.0, "percent_covered_display": "0", "missing_lines": 28, "excluded_lines": 0, "num_branches": 4, "num_partial_branches": 0, "covered_branches": 0, "missing_branches": 4}, "missing_lines": [1, 2, 5, 6, 7, 9, 10, 11, 12, 13, 14, 16, 18, 19, 20, 21, 22, 24, 26, 29, 31, 32, 34, 35, 36, 38, 41, 42], "excluded_lines": [], "executed_branches": [], "missing_branches": [[9, 10], [9, 18], [24, 26], [24, 29]]}, "pytutils/pythree.py": {"executed_lines": [], "summary": {"covered_lines": 0, "num_statements": 9, "percent_covered": 0.0, "percent_covered_display": "0", "missing_lines": 9, "excluded_lines": 0, "num_branches": 4, "num_partial_branches": 0, "covered_branches": 0, "missing_branches": 4}, "missing_lines": [1, 4, 13, 14, 16, 19, 31, 32, 34], "excluded_lines": [], "executed_branches": [], "missing_branches": [[13, 14], [13, 16], [31, 32], [31, 34]]}, "pytutils/queues.py": {"executed_lines": [], "summary": {"covered_lines": 0, "num_statements": 24, "percent_covered": 0.0, "percent_covered_display": "0", "missing_lines": 24, "excluded_lines": 0, "num_branches": 10, "num_partial_branches": 0, "covered_branches": 0, "missing_branches": 10}, "missing_lines": [1, 2, 5, 11, 13, 14, 15, 16, 17, 19, 20, 21, 22, 25, 26, 27, 28, 31, 37, 38, 39, 40, 41, 42], "excluded_lines": [], "executed_branches": [], "missing_branches": [[5, -5], [5, 25], [11, -11], [11, 13], [16, 14], [16, 17], [38, -38], [38, 39], [39, 40], [39, 42]]}, "pytutils/rand.py": {"executed_lines": [], "summary": {"covered_lines": 0, "num_statements": 3, "percent_covered": 0.0, "percent_covered_display": "0", "missing_lines": 3, "excluded_lines": 0, "num_branches": 0, "num_partial_branches": 0, "covered_branches": 0, "missing_branches": 0}, "missing_lines": [1, 4, 11], "excluded_lines": [], "executed_branches": [], "missing_branches": []}, "pytutils/sets.py": {"executed_lines": [], "summary": {"covered_lines": 0, "num_statements": 42, "percent_covered": 0.0, "percent_covered_display": "0", "missing_lines": 42, "excluded_lines": 0, "num_branches": 10, "num_partial_branches": 0, "covered_branches": 0, "missing_branches": 10}, "missing_lines": [1, 2, 3, 4, 6, 7, 8, 9, 11, 13, 16, 17, 22, 24, 25, 27, 29, 30, 31, 32, 34, 35, 37, 38, 40, 41, 43, 44, 45, 47, 48, 49, 51, 54, 56, 57, 60, 61, 62, 64, 65, 66], "excluded_lines": [], "executed_branches": [], "missing_branches": [[16, 17], [16, 18], [22, -22], [22, 24], [30, -29], [30, 31], [60, 61], [60, 62], [62, -62], [62, 64]]}, "pytutils/timers.py": {"executed_lines": [], "summary": {"covered_lines": 0, "num_statements": 18, "percent_covered": 0.0, "percent_covered_display": "0", "missing_lines": 18, "excluded_lines": 0, "num_branches": 2, "num_partial_branches": 0, "covered_branches": 0, "missing_branches": 2}, "missing_lines": [1, 2, 4, 7, 12, 13, 14, 16, 17, 19, 20, 21, 23, 24, 25, 26, 28, 29], "excluded_lines": [], "executed_branches": [], "missing_branches": [[28, -23], [28, 29]]}, "pytutils/tlds.py": {"executed_lines": [], "summary": {"covered_lines": 0, "num_statements": 27, "percent_covered": 0.0, "percent_covered_display": "0", "missing_lines": 27, "excluded_lines": 0, "num_branches": 10, "num_partial_branches": 0, "covered_branches": 0, "missing_branches": 10}, "missing_lines": [1, 3, 4, 6, 7, 10, 11, 19, 22, 26, 27, 29, 31, 32, 33, 37, 38, 39, 41, 42, 44, 47, 49, 50, 53, 55, 57], "excluded_lines": [], "executed_branches": [], "missing_branches": [[6, -6], [6, 7], [26, 27], [26, 29], [32, 33], [32, 37], [38, 39], [38, 41], [41, 42], [41, 44]]}, "pytutils/trees.py": {"executed_lines": [], "summary": {"covered_lines": 0, "num_statements": 47, "percent_covered": 0.0, "percent_covered_display": "0", "missing_lines": 47, "excluded_lines": 0, "num_branches": 14, "num_partial_branches": 0, "covered_branches": 0, "missing_branches": 14}, "missing_lines": [1, 3, 6, 20, 21, 22, 26, 27, 28, 29, 30, 31, 32, 34, 35, 36, 39, 53, 54, 55, 56, 59, 61, 64, 70, 72, 73, 74, 75, 76, 77, 78, 80, 81, 82, 83, 84, 85, 87, 88, 89, 91, 92, 93, 95, 98, 101], "excluded_lines": [], "executed_branches": [], "missing_branches": [[21, 22], [21, 26], [27, 28], [27, 34], [34, 35], [34, 36], [73, 74], [73, 75], [77, -72], [77, 78], [81, 82], [81, 83], [83, 84], [83, 85]]}, "pytutils/urls.py": {"executed_lines": [], "summary": {"covered_lines": 0, "num_statements": 13, "percent_covered": 0.0, "percent_covered_display": "0", "missing_lines": 13, "excluded_lines": 0, "num_branches": 0, "num_partial_branches": 0, "covered_branches": 0, "missing_branches": 0}, "missing_lines": [1, 2, 3, 4, 5, 6, 9, 23, 25, 26, 28, 30, 31], "excluded_lines": [], "executed_branches": [], "missing_branches": []}}, "totals": {"covered_lines": 16, "num_statements": 718, "percent_covered": 2.2483940042826553, "percent_covered_display": "2", "missing_lines": 702, "excluded_lines": 0, "num_branches": 216, "num_partial_branches": 3, "covered_branches": 5, "missing_branches": 211}}