id,module,name,file,doc,markers,status,message,duration
pytutils/test__namespace_from_calling_context.py::test_0,pytutils.test__namespace_from_calling_context,test_0,pytutils/test__namespace_from_calling_context.py,,,failed,"AssertionError: assert 'timeout_deco...out_decorator' == '__main__'
  - __main__
  + timeout_decorator.timeout_decorator",0.01260258792899549
pytutils/test__namespace_from_calling_context.py::test_1,pytutils.test__namespace_from_calling_context,test_1,pytutils/test__namespace_from_calling_context.py,,,failed,"AssertionError: assert 'timeout_deco...out_decorator' == '__main__'
  - __main__
  + timeout_decorator.timeout_decorator",0.0019449200481176376
pytutils/test__namespace_from_calling_context.py::test_2,pytutils.test__namespace_from_calling_context,test_2,pytutils/test__namespace_from_calling_context.py,,,failed,"AssertionError: assert 'timeout_deco...out_decorator' == '__main__'
  - __main__
  + timeout_decorator.timeout_decorator",0.0017791599966585636
pytutils/test__namespace_from_calling_context.py::test_3,pytutils.test__namespace_from_calling_context,test_3,pytutils/test__namespace_from_calling_context.py,,,failed,"AssertionError: assert 'timeout_deco...out_decorator' == '__main__'
  - __main__
  + timeout_decorator.timeout_decorator",0.0017026469577103853
