{"meta": {"version": "7.3.2", "timestamp": "2023-11-27T04:29:03.942910", "branch_coverage": true, "show_contexts": false}, "files": {"/input/test-apps/tornado/tornado/auth.py": {"executed_lines": [16, 59, 60, 61, 62, 63, 64, 65, 67, 68, 69, 70, 71, 73, 76, 77, 80, 81, 88, 116, 148, 202, 264, 273, 274, 290, 339, 385, 416, 440, 466, 473, 497, 532, 541, 542, 553, 588, 610, 666, 677, 678, 710, 711, 712, 713, 714, 715, 717, 739, 814, 823, 834, 835, 853, 854, 855, 856, 857, 859, 924, 925, 927, 928, 929, 930, 932, 1039, 1102, 1113, 1114, 1115, 1117, 1118, 1119, 1120, 1125, 1127, 1128, 1129, 1131, 1132, 1135, 1170, 1171, 1172, 1173, 1176], "summary": {"covered_lines": 82, "num_statements": 357, "percent_covered": 17.791411042944784, "percent_covered_display": "18", "missing_lines": 275, "excluded_lines": 0, "num_branches": 132, "num_partial_branches": 1, "covered_branches": 5, "missing_branches": 127}, "missing_lines": [109, 110, 111, 112, 113, 114, 134, 136, 139, 140, 141, 142, 143, 146, 154, 155, 156, 164, 165, 171, 172, 173, 174, 175, 176, 183, 188, 189, 190, 191, 192, 193, 200, 205, 206, 207, 210, 211, 212, 216, 217, 219, 220, 221, 222, 223, 224, 225, 226, 227, 228, 229, 230, 231, 233, 234, 235, 236, 237, 238, 239, 240, 241, 242, 243, 244, 245, 246, 247, 248, 249, 250, 251, 252, 253, 254, 255, 256, 257, 258, 259, 260, 261, 262, 270, 323, 324, 325, 326, 327, 328, 329, 335, 336, 337, 357, 358, 359, 360, 361, 362, 363, 364, 367, 368, 369, 372, 373, 374, 375, 376, 377, 378, 379, 380, 381, 382, 383, 390, 391, 392, 393, 400, 401, 402, 403, 404, 407, 408, 409, 411, 413, 414, 422, 423, 424, 429, 430, 431, 432, 433, 434, 435, 438, 441, 442, 443, 451, 452, 454, 455, 459, 463, 464, 471, 495, 509, 510, 518, 519, 520, 521, 522, 526, 529, 530, 538, 575, 576, 577, 578, 579, 580, 581, 582, 583, 584, 585, 586, 596, 597, 598, 599, 600, 601, 602, 603, 604, 605, 606, 607, 608, 650, 651, 652, 653, 655, 656, 657, 658, 659, 663, 664, 674, 733, 734, 737, 787, 790, 792, 794, 795, 796, 797, 798, 799, 802, 803, 804, 805, 806, 807, 811, 812, 815, 816, 817, 818, 826, 829, 830, 831, 903, 904, 905, 915, 921, 985, 986, 993, 996, 997, 999, 1002, 1003, 1007, 1009, 1020, 1021, 1023, 1024, 1025, 1031, 1037, 1096, 1097, 1146, 1147, 1148, 1150, 1151, 1152, 1153, 1159, 1160, 1161, 1164, 1166, 1167, 1180, 1181, 1182, 1185, 1186, 1187], "excluded_lines": [], "executed_branches": [[1120, -1120], [1120, 1120], [1120, 1125], [1125, -1125], [1125, 1125], [1125, 1127], [1171, 1172]], "missing_branches": [[136, -136], [136, 139], [141, 142], [141, 143], [164, 165], [164, 192], [173, 174], [173, 183], [188, 189], [188, 191], [192, 193], [192, 200], [206, 207], [206, 210], [211, 212], [211, 219], [212, 211], [212, 216], [220, 221], [220, 222], [224, 225], [224, 229], [225, 224], [225, 226], [229, 230], [229, 231], [241, 242], [241, 244], [244, 245], [244, 247], [247, 248], [247, 249], [249, 250], [249, 251], [251, 252], [251, 253], [253, 254], [253, 255], [255, 256], [255, 257], [257, 258], [257, 259], [260, 261], [260, 262], [323, 324], [323, 325], [325, 326], [325, 327], [328, 329], [328, 335], [361, 362], [361, 363], [364, -364], [364, 367], [367, 368], [367, 369], [372, 373], [372, 374], [374, 375], [374, 376], [380, 381], [380, 382], [400, 401], [400, 411], [401, 402], [401, 403], [403, 404], [403, 407], [407, 408], [407, 409], [431, 432], [431, 434], [434, 435], [434, 438], [451, 452], [451, 454], [454, 455], [454, 459], [521, 522], [521, 526], [577, 578], [577, 579], [579, 580], [579, 581], [581, 582], [581, 583], [583, 584], [583, 585], [598, 599], [598, 600], [600, 601], [600, 602], [602, 603], [602, 604], [604, 605], [604, 606], [606, 607], [606, 608], [651, 652], [651, 655], [655, 656], [655, 657], [658, 659], [658, 663], [787, 790], [787, 792], [794, 795], [794, 803], [803, 804], [803, 805], [806, 807], [806, 811], [829, 830], [829, 831], [996, 997], [996, 999], [1020, 1021], [1020, 1023], [1024, 1025], [1024, 1031], [1153, -1153], [1153, 1159], [1159, -1159], [1159, 1160], [1171, 1173], [1186, -1186], [1186, 1187]]}}, "totals": {"covered_lines": 82, "num_statements": 357, "percent_covered": 17.791411042944784, "percent_covered_display": "18", "missing_lines": 275, "excluded_lines": 0, "num_branches": 132, "num_partial_branches": 1, "covered_branches": 5, "missing_branches": 127}}