{"meta": {"version": "7.3.2", "timestamp": "2023-11-27T03:40:08.037591", "branch_coverage": true, "show_contexts": false}, "files": {"/input/test-apps/scrapy/scrapy/http/request/form.py": {"executed_lines": [1, 8, 10, 11, 12, 14, 15, 16, 19, 20, 22, 38, 39, 61, 70, 77, 119, 151, 159, 174, 180, 185, 186, 189, 190, 191, 196, 197, 198, 199, 203, 207, 208, 209, 210], "summary": {"covered_lines": 34, "num_statements": 129, "percent_covered": 21.608040201005025, "percent_covered_display": "22", "missing_lines": 95, "excluded_lines": 0, "num_branches": 70, "num_partial_branches": 1, "covered_branches": 9, "missing_branches": 61}, "missing_lines": [23, 24, 25, 27, 29, 30, 31, 32, 33, 34, 36, 42, 44, 45, 46, 48, 49, 50, 52, 53, 54, 55, 56, 58, 62, 63, 64, 65, 66, 67, 71, 74, 79, 81, 82, 83, 85, 86, 87, 88, 90, 91, 92, 93, 96, 97, 98, 99, 100, 101, 102, 103, 104, 105, 106, 110, 111, 112, 113, 114, 116, 120, 121, 122, 123, 125, 126, 127, 135, 139, 140, 141, 142, 144, 145, 147, 148, 152, 153, 154, 155, 156, 160, 161, 164, 165, 166, 169, 170, 171, 200, 201, 211, 212, 215], "excluded_lines": [], "executed_branches": [[185, 186], [185, 189], [189, 190], [189, 196], [197, 198], [197, 207], [207, -207], [207, 207], [207, 208], [209, 210]], "missing_branches": [[24, 25], [24, 27], [29, -22], [29, 30], [32, 33], [32, 36], [44, 45], [44, 48], [53, 54], [53, 58], [55, 56], [55, 58], [62, 63], [62, 67], [64, 65], [64, 66], [71, -71], [71, 74], [82, 83], [82, 85], [85, 86], [85, 90], [87, 88], [87, 90], [90, 91], [90, 96], [92, 93], [92, 96], [96, 97], [96, 110], [98, 99], [98, 106], [101, 102], [101, 103], [104, 100], [104, 105], [110, -77], [110, 111], [125, 126], [125, 127], [135, -135], [135, 139], [139, 140], [139, 144], [141, 142], [141, 144], [144, 145], [144, 147], [147, -147], [147, 148], [154, 155], [154, 156], [161, 164], [161, 166], [166, 169], [166, 171], [170, -170], [170, 171], [209, 211], [211, 212], [211, 215]]}}, "totals": {"covered_lines": 34, "num_statements": 129, "percent_covered": 21.608040201005025, "percent_covered_display": "22", "missing_lines": 95, "excluded_lines": 0, "num_branches": 70, "num_partial_branches": 1, "covered_branches": 9, "missing_branches": 61}}