{"meta": {"version": "7.3.2", "timestamp": "2023-11-27T03:48:20.223583", "branch_coverage": false, "show_contexts": false}, "files": {"/input/test-apps/py-backwards/py_backwards/files.py": {"executed_lines": [1, 3, 4, 8, 9, 12, 15, 18, 21, 33, 34, 35, 36, 37, 39], "summary": {"covered_lines": 15, "num_statements": 26, "percent_covered": 57.69230769230769, "percent_covered_display": "58", "missing_lines": 11, "excluded_lines": 0}, "missing_lines": [5, 6, 16, 19, 22, 23, 25, 26, 27, 29, 31], "excluded_lines": []}}, "totals": {"covered_lines": 15, "num_statements": 26, "percent_covered": 57.69230769230769, "percent_covered_display": "58", "missing_lines": 11, "excluded_lines": 0}}