{"meta": {"version": "7.3.2", "timestamp": "2023-11-27T04:36:03.180893", "branch_coverage": true, "show_contexts": false}, "files": {"/input/test-apps/tornado/tornado/util.py": {"executed_lines": [1, 13, 14, 15, 16, 17, 18, 19, 21, 34, 45, 46, 47, 49, 50, 66, 67, 76, 77, 80, 86, 90, 91, 97, 103, 116, 117, 122, 131, 160, 170, 190, 208, 211, 212, 213, 215, 218, 221, 230, 233, 234, 268, 269, 271, 291, 292, 303, 304, 309, 312, 313, 321, 322, 338, 339, 354, 355, 360, 361, 368, 369, 376, 384, 399, 411, 435, 441, 457, 462, 463, 470], "summary": {"covered_lines": 66, "num_statements": 178, "percent_covered": 31.363636363636363, "percent_covered_display": "31", "missing_lines": 112, "excluded_lines": 0, "num_branches": 42, "num_partial_branches": 3, "covered_branches": 3, "missing_branches": 39}, "missing_lines": [37, 38, 39, 40, 51, 53, 54, 55, 57, 59, 61, 63, 81, 82, 83, 84, 87, 101, 114, 120, 128, 149, 150, 152, 153, 154, 155, 156, 157, 163, 166, 167, 179, 180, 181, 183, 187, 200, 201, 202, 203, 205, 214, 272, 273, 274, 275, 276, 277, 279, 280, 281, 283, 284, 288, 289, 301, 307, 310, 330, 331, 332, 333, 334, 335, 336, 342, 346, 347, 348, 349, 352, 357, 358, 363, 364, 365, 377, 378, 379, 380, 382, 385, 386, 387, 388, 395, 396, 397, 406, 407, 409, 423, 425, 426, 427, 430, 431, 432, 438, 450, 451, 452, 453, 454, 460, 464, 465, 466, 467, 472, 474], "excluded_lines": [], "executed_branches": [[34, 45], [213, 215], [457, 462]], "missing_branches": [[34, 37], [55, -55], [55, 57], [149, 150], [149, 152], [163, 166], [163, 167], [180, 181], [180, 183], [200, 201], [200, 202], [202, 203], [202, 205], [213, 214], [274, 275], [274, 279], [276, 277], [276, 280], [281, 283], [281, 284], [331, 332], [331, 333], [333, 334], [333, 335], [346, 347], [346, 348], [348, 349], [348, 352], [388, 395], [388, 397], [406, 407], [406, 409], [423, 425], [423, 430], [452, 453], [452, 454], [457, 460], [465, 466], [465, 467]]}}, "totals": {"covered_lines": 66, "num_statements": 178, "percent_covered": 31.363636363636363, "percent_covered_display": "31", "missing_lines": 112, "excluded_lines": 0, "num_branches": 42, "num_partial_branches": 3, "covered_branches": 3, "missing_branches": 39}}