{"meta": {"version": "7.3.2", "timestamp": "2023-11-27T04:40:37.949113", "branch_coverage": false, "show_contexts": false}, "files": {"/input/test-apps/pypara/pypara/accounting/ledger.py": {"executed_lines": [1, 5, 16, 17, 18, 19, 21, 22, 23, 24, 25, 28, 32, 35, 36, 37, 42, 45, 48, 50, 51, 57, 58, 64, 65, 71, 72, 78, 79, 85, 86, 92, 93, 99, 100, 107, 108, 109, 114, 117, 120, 122, 123, 132, 149, 150, 151, 156, 159, 162, 174, 177, 186, 189, 190, 194, 198, 199, 203, 207], "summary": {"covered_lines": 54, "num_statements": 79, "percent_covered": 68.35443037974683, "percent_covered_display": "68", "missing_lines": 25, "excluded_lines": 0}, "missing_lines": [55, 62, 69, 76, 83, 90, 97, 104, 127, 128, 129, 130, 140, 143, 146, 179, 180, 183, 195, 204, 220, 228, 231, 234, 237], "excluded_lines": []}}, "totals": {"covered_lines": 54, "num_statements": 79, "percent_covered": 68.35443037974683, "percent_covered_display": "68", "missing_lines": 25, "excluded_lines": 0}}