{"meta": {"version": "7.3.2", "timestamp": "2023-11-27T03:51:06.048985", "branch_coverage": false, "show_contexts": false}, "files": {"/input/test-apps/flutils/flutils/codecs/raw_utf8_escape.py": {"executed_lines": [1, 2, 3, 4, 5, 13, 16, 17, 18, 19, 20, 21, 22, 23, 24, 27, 52, 55, 58, 59, 65, 69, 72, 73, 84, 86, 88, 91, 114, 117, 123, 127, 130, 131, 140, 143, 147, 158], "summary": {"covered_lines": 38, "num_statements": 50, "percent_covered": 76.0, "percent_covered_display": "76", "missing_lines": 12, "excluded_lines": 0}, "missing_lines": [74, 75, 132, 133, 148, 149, 154, 155, 159, 160, 161, 162], "excluded_lines": []}}, "totals": {"covered_lines": 38, "num_statements": 50, "percent_covered": 76.0, "percent_covered_display": "76", "missing_lines": 12, "excluded_lines": 0}}