{"meta": {"version": "7.3.2", "timestamp": "2023-11-27T03:45:30.485421", "branch_coverage": true, "show_contexts": false}, "files": {"/input/test-apps/scrapy/scrapy/utils/signal.py": {"executed_lines": [1, 3, 5, 6, 8, 9, 11, 12, 13, 16, 19, 20, 23, 49, 54, 62, 63, 64, 65, 70, 71, 72, 75], "summary": {"covered_lines": 22, "num_statements": 47, "percent_covered": 39.682539682539684, "percent_covered_display": "40", "missing_lines": 25, "excluded_lines": 0, "num_branches": 16, "num_partial_branches": 1, "covered_branches": 3, "missing_branches": 13}, "missing_lines": [27, 28, 29, 30, 31, 32, 33, 34, 36, 37, 38, 39, 40, 44, 45, 46, 55, 56, 60, 66, 67, 68, 69, 79, 80], "excluded_lines": [], "executed_branches": [[65, 70], [71, -71], [71, 72]], "missing_branches": [[30, 31], [30, 46], [33, 34], [33, 44], [36, 37], [36, 38], [55, 56], [55, 60], [65, 66], [68, -68], [68, 69], [79, -75], [79, 80]]}}, "totals": {"covered_lines": 22, "num_statements": 47, "percent_covered": 39.682539682539684, "percent_covered_display": "40", "missing_lines": 25, "excluded_lines": 0, "num_branches": 16, "num_partial_branches": 1, "covered_branches": 3, "missing_branches": 13}}