{"meta": {"version": "7.3.2", "timestamp": "2023-11-27T04:46:37.927125", "branch_coverage": false, "show_contexts": false}, "files": {"/input/test-apps/typesystem/typesystem/json_schema.py": {"executed_lines": [1, 4, 5, 7, 8, 24, 26, 54, 56, 107, 110, 113, 116, 122, 125, 126, 127, 128, 130, 132, 134, 136, 138, 140, 143, 144, 150, 154, 156, 157, 163, 165, 166, 168, 169, 174, 179, 180, 181, 183, 185, 186, 188, 189, 191, 192, 193, 194, 196, 199, 206, 207, 216, 218, 219, 228, 230, 231, 232, 241, 243, 244, 245, 247, 248, 249, 250, 258, 259, 260, 268, 277, 279, 280, 281, 282, 284, 289, 290, 291, 300, 301, 302, 310, 311, 312, 318, 329, 334, 340, 346, 352, 358, 364, 370, 376, 397, 565], "summary": {"covered_lines": 97, "num_statements": 269, "percent_covered": 36.059479553903344, "percent_covered_display": "36", "missing_lines": 172, "excluded_lines": 1}, "missing_lines": [114, 117, 118, 119, 120, 123, 129, 131, 133, 135, 137, 139, 141, 145, 146, 147, 251, 252, 256, 261, 262, 264, 295, 303, 304, 306, 314, 335, 336, 337, 341, 342, 343, 347, 348, 349, 353, 354, 355, 359, 360, 361, 365, 366, 367, 371, 372, 373, 377, 378, 383, 388, 394, 401, 402, 403, 404, 406, 407, 408, 410, 411, 412, 413, 414, 415, 417, 419, 420, 421, 425, 426, 427, 428, 429, 430, 431, 432, 433, 434, 435, 439, 440, 441, 443, 444, 445, 446, 447, 448, 449, 450, 451, 452, 453, 454, 455, 456, 458, 459, 460, 462, 463, 464, 465, 466, 467, 468, 469, 470, 471, 476, 477, 478, 479, 481, 484, 485, 487, 488, 489, 490, 491, 495, 496, 500, 501, 502, 504, 507, 508, 511, 512, 513, 514, 515, 516, 518, 519, 520, 522, 523, 524, 526, 527, 530, 532, 533, 536, 538, 539, 542, 544, 545, 546, 547, 548, 549, 550, 552, 553, 554, 556, 557, 558, 560, 561, 562, 566, 567, 568, 569], "excluded_lines": [331]}}, "totals": {"covered_lines": 97, "num_statements": 269, "percent_covered": 36.059479553903344, "percent_covered_display": "36", "missing_lines": 172, "excluded_lines": 1}}