{"meta": {"version": "7.3.2", "timestamp": "2023-11-27T04:46:08.113399", "branch_coverage": false, "show_contexts": false}, "files": {"/input/test-apps/httpie/httpie/status.py": {"executed_lines": [1, 4, 5, 6, 7, 8, 9, 12, 13, 14, 16, 17, 20, 23, 30, 32, 33, 35, 36, 38, 40], "summary": {"covered_lines": 20, "num_statements": 20, "percent_covered": 100.0, "percent_covered_display": "100", "missing_lines": 0, "excluded_lines": 0}, "missing_lines": [], "excluded_lines": []}}, "totals": {"covered_lines": 20, "num_statements": 20, "percent_covered": 100.0, "percent_covered_display": "100", "missing_lines": 0, "excluded_lines": 0}}