{"meta": {"version": "7.3.2", "timestamp": "2023-11-27T04:00:47.766177", "branch_coverage": true, "show_contexts": false}, "files": {"/input/test-apps/sanic/sanic/exceptions.py": {"executed_lines": [1, 3, 6, 9, 14, 15, 16, 17, 18, 19, 21, 24, 25, 36, 37, 38, 42, 45, 46, 47, 51, 54, 55, 56, 60, 65, 66, 67, 71, 74, 75, 76, 83, 86, 87, 91, 94, 95, 99, 105, 106, 107, 115, 118, 119, 120, 124, 127, 128, 132, 135, 136, 137, 141, 146, 147, 148, 152, 155, 156, 157, 161, 164, 165, 169, 172, 173, 177, 178, 179, 213, 226, 227, 230, 231, 234], "summary": {"covered_lines": 61, "num_statements": 84, "percent_covered": 72.03389830508475, "percent_covered_display": "72", "missing_lines": 23, "excluded_lines": 0, "num_branches": 34, "num_partial_branches": 0, "covered_branches": 24, "missing_branches": 10}, "missing_lines": [26, 28, 29, 32, 33, 61, 62, 100, 101, 102, 142, 143, 174, 214, 217, 218, 219, 221, 244, 245, 247, 248, 249], "excluded_lines": [], "executed_branches": [[16, 17], [16, 18], [36, 37], [36, 38], [45, 46], [45, 47], [54, 55], [54, 56], [65, 66], [65, 67], [74, 75], [74, 76], [105, 106], [105, 107], [118, 119], [118, 120], [135, 136], [135, 137], [146, 147], [146, 148], [155, 156], [155, 157], [177, 178], [177, 179]], "missing_branches": [[28, 29], [28, 32], [32, -25], [32, 33], [217, -213], [217, 218], [218, -218], [218, 219], [244, 245], [244, 248]]}}, "totals": {"covered_lines": 61, "num_statements": 84, "percent_covered": 72.03389830508475, "percent_covered_display": "72", "missing_lines": 23, "excluded_lines": 0, "num_branches": 34, "num_partial_branches": 0, "covered_branches": 24, "missing_branches": 10}}