{"meta": {"version": "7.3.2", "timestamp": "2023-11-27T04:45:24.644724", "branch_coverage": false, "show_contexts": false}, "files": {"/input/test-apps/httpie/httpie/utils.py": {"executed_lines": [1, 3, 4, 5, 6, 7, 8, 9, 11, 14, 18, 22, 48, 57, 58, 60, 61, 62, 65, 68, 69, 73, 77, 92, 124], "summary": {"covered_lines": 24, "num_statements": 46, "percent_covered": 52.17391304347826, "percent_covered_display": "52", "missing_lines": 22, "excluded_lines": 0}, "missing_lines": [15, 19, 74, 84, 85, 86, 87, 88, 89, 97, 99, 100, 102, 106, 112, 114, 131, 132, 133, 134, 135, 136], "excluded_lines": []}}, "totals": {"covered_lines": 24, "num_statements": 46, "percent_covered": 52.17391304347826, "percent_covered_display": "52", "missing_lines": 22, "excluded_lines": 0}}