{"meta": {"version": "7.3.2", "timestamp": "2023-11-27T04:50:20.028765", "branch_coverage": false, "show_contexts": false}, "files": {"/input/test-apps/black/src/blib2to3/pgen2/tokenize.py": {"executed_lines": [6, 30, 42, 43, 45, 46, 48, 49, 50, 52, 54, 59, 62, 63, 66, 67, 70, 71, 74, 75, 78, 79, 80, 81, 85, 86, 87, 88, 89, 90, 91, 94, 95, 96, 97, 100, 102, 104, 106, 107, 108, 110, 118, 130, 131, 132, 135, 139, 140, 142, 143, 144, 146, 152, 162, 167, 173, 176, 177, 180, 181, 184, 192, 193, 196, 216, 221, 222, 225, 227, 228, 229, 231, 236, 243, 259, 288, 289, 292, 295, 296, 297, 298, 301, 302, 305, 323, 324, 325, 327, 328, 329, 330, 331, 333, 334, 335, 336, 337, 338, 339, 340, 341, 342, 343, 348, 349, 352, 353, 355, 356, 357, 358, 359, 360, 361, 363, 364, 365, 366, 367, 369, 370, 373, 374, 375, 377, 380, 402, 675], "summary": {"covered_lines": 130, "num_statements": 365, "percent_covered": 35.61643835616438, "percent_covered_display": "36", "missing_lines": 235, "excluded_lines": 0}, "missing_lines": [185, 186, 187, 209, 210, 211, 212, 217, 218, 232, 233, 234, 237, 238, 239, 240, 241, 244, 245, 246, 247, 248, 251, 252, 253, 254, 255, 256, 257, 260, 261, 262, 263, 264, 265, 266, 267, 268, 269, 271, 272, 274, 275, 276, 277, 278, 279, 280, 281, 282, 283, 284, 285, 344, 346, 351, 371, 398, 399, 420, 421, 422, 423, 424, 428, 430, 431, 432, 433, 438, 439, 440, 441, 442, 443, 444, 446, 447, 448, 449, 450, 451, 452, 453, 460, 461, 462, 463, 470, 471, 472, 474, 475, 476, 478, 479, 480, 481, 482, 483, 484, 485, 486, 487, 488, 490, 491, 492, 493, 495, 496, 497, 499, 500, 501, 503, 504, 505, 506, 513, 514, 516, 517, 518, 520, 521, 522, 526, 528, 529, 530, 531, 533, 535, 536, 537, 538, 541, 542, 543, 545, 546, 547, 548, 549, 550, 552, 555, 556, 557, 558, 559, 560, 561, 562, 563, 564, 565, 567, 568, 569, 570, 571, 572, 573, 574, 575, 576, 577, 578, 579, 580, 581, 582, 584, 585, 586, 587, 588, 593, 594, 595, 600, 601, 602, 604, 605, 606, 607, 608, 609, 610, 611, 618, 620, 621, 622, 623, 625, 626, 628, 629, 630, 632, 639, 641, 642, 643, 645, 646, 648, 649, 650, 651, 652, 654, 655, 656, 657, 658, 659, 660, 661, 663, 664, 666, 667, 668, 670, 671, 672, 676, 678, 679, 681], "excluded_lines": []}}, "totals": {"covered_lines": 130, "num_statements": 365, "percent_covered": 35.61643835616438, "percent_covered_display": "36", "missing_lines": 235, "excluded_lines": 0}}