{"meta": {"version": "7.3.2", "timestamp": "2023-11-27T03:49:18.349219", "branch_coverage": false, "show_contexts": false}, "files": {"/input/test-apps/flutils/flutils/namedtupleutils.py": {"executed_lines": [1, 5, 9, 10, 11, 19, 21, 23, 32, 90, 93, 94, 98, 103, 107, 108, 112, 113, 114, 115, 116, 117, 118, 119, 120, 121, 122, 123, 124, 125, 126, 127, 128, 129, 131, 133, 134, 141, 142, 146, 147, 148, 153, 154, 155, 156, 157, 158, 159, 160, 161, 162, 163, 165, 167, 168, 171, 172, 173, 174, 175, 176, 177, 181, 182, 186], "summary": {"covered_lines": 66, "num_statements": 72, "percent_covered": 91.66666666666667, "percent_covered_display": "92", "missing_lines": 6, "excluded_lines": 0}, "missing_lines": [99, 135, 136, 137, 149, 169], "excluded_lines": []}}, "totals": {"covered_lines": 66, "num_statements": 72, "percent_covered": 91.66666666666667, "percent_covered_display": "92", "missing_lines": 6, "excluded_lines": 0}}