{"meta": {"version": "7.3.2", "timestamp": "2023-11-27T03:49:51.394619", "branch_coverage": false, "show_contexts": false}, "files": {"/input/test-apps/flutils/flutils/strutils.py": {"executed_lines": [1, 3, 13, 34, 35, 36, 37, 38, 39, 40, 41, 43, 44, 47, 75, 81, 100, 157, 212], "summary": {"covered_lines": 19, "num_statements": 36, "percent_covered": 52.77777777777778, "percent_covered_display": "53", "missing_lines": 17, "excluded_lines": 0}, "missing_lines": [68, 69, 70, 71, 72, 97, 153, 154, 205, 206, 207, 208, 209, 233, 234, 235, 236], "excluded_lines": []}}, "totals": {"covered_lines": 19, "num_statements": 36, "percent_covered": 52.77777777777778, "percent_covered_display": "53", "missing_lines": 17, "excluded_lines": 0}}