{"meta": {"version": "7.3.2", "timestamp": "2023-11-27T03:47:07.334937", "branch_coverage": false, "show_contexts": false}, "files": {"/input/test-apps/cookiecutter/cookiecutter/repository.py": {"executed_lines": [1, 2, 3, 5, 6, 7, 9, 21, 23, 26, 31, 49, 63], "summary": {"covered_lines": 12, "num_statements": 39, "percent_covered": 30.76923076923077, "percent_covered_display": "31", "missing_lines": 27, "excluded_lines": 0}, "missing_lines": [28, 37, 38, 42, 43, 44, 46, 55, 57, 60, 93, 95, 96, 103, 104, 105, 106, 112, 113, 115, 116, 118, 119, 123, 124, 125, 127], "excluded_lines": []}, "cookiecutter/__init__.py": {"executed_lines": [], "summary": {"covered_lines": 0, "num_statements": 1, "percent_covered": 0.0, "percent_covered_display": "0", "missing_lines": 1, "excluded_lines": 0}, "missing_lines": [2], "excluded_lines": []}, "cookiecutter/__main__.py": {"executed_lines": [], "summary": {"covered_lines": 0, "num_statements": 1, "percent_covered": 0.0, "percent_covered_display": "0", "missing_lines": 1, "excluded_lines": 2}, "missing_lines": [2], "excluded_lines": [5, 6]}, "cookiecutter/cli.py": {"executed_lines": [], "summary": {"covered_lines": 0, "num_statements": 74, "percent_covered": 0.0, "percent_covered_display": "0", "missing_lines": 74, "excluded_lines": 0}, "missing_lines": [2, 3, 4, 5, 7, 9, 10, 21, 22, 23, 26, 28, 29, 30, 31, 34, 36, 37, 38, 45, 48, 50, 51, 52, 53, 57, 59, 66, 67, 68, 71, 72, 73, 74, 75, 80, 83, 88, 91, 96, 102, 108, 115, 122, 125, 130, 136, 142, 145, 170, 171, 172, 175, 176, 177, 179, 183, 184, 186, 188, 189, 191, 192, 207, 217, 218, 219, 220, 221, 223, 224, 225, 228, 229], "excluded_lines": []}, "cookiecutter/config.py": {"executed_lines": [], "summary": {"covered_lines": 0, "num_statements": 53, "percent_covered": 0.0, "percent_covered_display": "0", "missing_lines": 53, "excluded_lines": 0}, "missing_lines": [2, 3, 4, 5, 7, 9, 11, 13, 15, 21, 29, 31, 32, 33, 36, 42, 44, 47, 48, 50, 52, 55, 57, 58, 62, 63, 64, 65, 66, 67, 71, 73, 74, 76, 77, 79, 82, 99, 100, 101, 104, 105, 106, 108, 110, 111, 114, 115, 116, 118, 119, 123, 124], "excluded_lines": []}, "cookiecutter/environment.py": {"executed_lines": [], "summary": {"covered_lines": 0, "num_statements": 20, "percent_covered": 0.0, "percent_covered_display": "0", "missing_lines": 20, "excluded_lines": 0}, "missing_lines": [2, 4, 7, 14, 23, 25, 32, 34, 35, 36, 37, 39, 45, 46, 47, 48, 50, 53, 60, 65], "excluded_lines": []}, "cookiecutter/exceptions.py": {"executed_lines": [], "summary": {"covered_lines": 0, "num_statements": 23, "percent_covered": 0.0, "percent_covered_display": "0", "missing_lines": 23, "excluded_lines": 0}, "missing_lines": [4, 12, 21, 32, 43, 52, 61, 69, 77, 85, 93, 102, 110, 118, 120, 121, 122, 124, 126, 133, 141, 149, 157], "excluded_lines": []}, "cookiecutter/extensions.py": {"executed_lines": [], "summary": {"covered_lines": 0, "num_statements": 33, "percent_covered": 0.0, "percent_covered_display": "0", "missing_lines": 33, "excluded_lines": 0}, "missing_lines": [2, 3, 4, 5, 7, 8, 11, 14, 16, 18, 19, 21, 24, 27, 29, 31, 32, 33, 35, 36, 38, 41, 44, 46, 48, 50, 52, 55, 58, 60, 62, 64, 66], "excluded_lines": []}, "cookiecutter/find.py": {"executed_lines": [], "summary": {"covered_lines": 0, "num_statements": 17, "percent_covered": 0.0, "percent_covered_display": "0", "missing_lines": 17, "excluded_lines": 0}, "missing_lines": [2, 3, 5, 7, 10, 16, 18, 20, 21, 22, 23, 24, 26, 27, 28, 29, 31], "excluded_lines": []}, "cookiecutter/generate.py": {"executed_lines": [], "summary": {"covered_lines": 0, "num_statements": 181, "percent_covered": 0.0, "percent_covered_display": "0", "missing_lines": 181, "excluded_lines": 0}, "missing_lines": [2, 3, 4, 5, 6, 7, 8, 10, 11, 12, 14, 15, 22, 23, 24, 26, 29, 39, 40, 41, 42, 43, 44, 46, 49, 51, 52, 54, 56, 58, 60, 64, 65, 67, 73, 76, 88, 90, 91, 92, 93, 96, 97, 98, 102, 105, 106, 107, 111, 112, 113, 114, 115, 116, 117, 119, 120, 123, 144, 147, 149, 150, 151, 152, 153, 155, 156, 157, 159, 162, 163, 164, 165, 169, 172, 173, 174, 177, 178, 179, 183, 184, 187, 188, 189, 190, 192, 194, 195, 198, 201, 205, 206, 208, 210, 214, 216, 217, 218, 222, 223, 225, 227, 230, 232, 233, 235, 238, 250, 251, 252, 253, 254, 255, 256, 261, 264, 281, 282, 283, 285, 287, 288, 289, 290, 291, 294, 295, 296, 305, 306, 310, 312, 313, 317, 318, 320, 324, 325, 327, 328, 332, 333, 335, 337, 338, 339, 340, 341, 342, 346, 347, 348, 349, 350, 353, 354, 355, 356, 357, 358, 360, 361, 362, 363, 364, 365, 366, 369, 370, 371, 372, 373, 376, 377, 378, 379, 380, 382, 383, 391], "excluded_lines": []}, "cookiecutter/hooks.py": {"executed_lines": [], "summary": {"covered_lines": 0, "num_statements": 64, "percent_covered": 0.0, "percent_covered_display": "0", "missing_lines": 64, "excluded_lines": 0}, "missing_lines": [2, 3, 4, 5, 6, 7, 9, 10, 11, 13, 15, 19, 22, 29, 30, 32, 33, 34, 36, 39, 51, 53, 54, 55, 57, 58, 59, 60, 62, 63, 64, 67, 73, 74, 75, 77, 79, 81, 82, 83, 84, 85, 88, 89, 90, 93, 96, 103, 105, 106, 108, 109, 110, 111, 112, 114, 117, 125, 126, 127, 128, 129, 130, 131], "excluded_lines": []}, "cookiecutter/log.py": {"executed_lines": [], "summary": {"covered_lines": 0, "num_statements": 21, "percent_covered": 0.0, "percent_covered_display": "0", "missing_lines": 21, "excluded_lines": 0}, "missing_lines": [2, 3, 5, 13, 19, 26, 27, 31, 34, 35, 36, 37, 38, 39, 42, 43, 46, 47, 48, 49, 51], "excluded_lines": []}, "cookiecutter/main.py": {"executed_lines": [], "summary": {"covered_lines": 0, "num_statements": 33, "percent_covered": 0.0, "percent_covered_display": "0", "missing_lines": 33, "excluded_lines": 0}, "missing_lines": [7, 8, 10, 11, 12, 13, 14, 15, 16, 18, 21, 55, 56, 60, 62, 66, 76, 78, 79, 80, 82, 83, 85, 86, 88, 96, 99, 102, 104, 107, 117, 118, 120], "excluded_lines": []}, "cookiecutter/prompt.py": {"executed_lines": [], "summary": {"covered_lines": 0, "num_statements": 92, "percent_covered": 0.0, "percent_covered_display": "0", "missing_lines": 92, "excluded_lines": 0}, "missing_lines": [2, 3, 5, 6, 8, 9, 12, 19, 22, 32, 35, 41, 44, 54, 55, 57, 58, 60, 63, 64, 66, 67, 75, 78, 81, 86, 87, 88, 90, 92, 94, 96, 99, 107, 108, 110, 112, 116, 118, 119, 122, 139, 140, 141, 142, 148, 149, 150, 151, 153, 155, 156, 159, 164, 166, 167, 168, 171, 177, 178, 183, 184, 185, 186, 187, 188, 189, 191, 192, 194, 197, 198, 200, 202, 203, 205, 206, 207, 208, 211, 213, 214, 216, 217, 219, 221, 222, 224, 225, 226, 227, 229], "excluded_lines": []}, "cookiecutter/replay.py": {"executed_lines": [], "summary": {"covered_lines": 0, "num_statements": 28, "percent_covered": 0.0, "percent_covered_display": "0", "missing_lines": 28, "excluded_lines": 0}, "missing_lines": [6, 7, 9, 12, 14, 15, 16, 19, 21, 22, 24, 25, 27, 28, 30, 31, 33, 35, 36, 39, 41, 42, 44, 46, 47, 49, 50, 52], "excluded_lines": []}, "cookiecutter/repository.py": {"executed_lines": [], "summary": {"covered_lines": 0, "num_statements": 39, "percent_covered": 0.0, "percent_covered_display": "0", "missing_lines": 39, "excluded_lines": 0}, "missing_lines": [2, 3, 5, 6, 7, 9, 21, 23, 26, 28, 31, 37, 38, 42, 43, 44, 46, 49, 55, 57, 60, 63, 93, 95, 96, 103, 104, 105, 106, 112, 113, 115, 116, 118, 119, 123, 124, 125, 127], "excluded_lines": []}, "cookiecutter/test_is_repo_url.py": {"executed_lines": [], "summary": {"covered_lines": 0, "num_statements": 1750, "percent_covered": 0.0, "percent_covered_display": "0", "missing_lines": 1750, "excluded_lines": 0}, "missing_lines": [1, 2, 3, 4, 5, 6, 7, 8, 9, 10, 11, 12, 13, 14, 15, 16, 17, 18, 19, 20, 21, 22, 23, 24, 25, 26, 28, 29, 31, 33, 34, 35, 37, 38, 39, 41, 42, 43, 45, 46, 47, 49, 50, 51, 53, 54, 55, 57, 58, 59, 61, 62, 63, 65, 66, 67, 69, 70, 71, 73, 74, 75, 77, 78, 79, 81, 82, 83, 85, 86, 87, 89, 90, 91, 93, 94, 95, 97, 98, 99, 101, 102, 103, 105, 106, 107, 109, 110, 111, 113, 114, 115, 117, 118, 119, 121, 122, 123, 125, 126, 127, 129, 130, 131, 133, 134, 135, 137, 138, 139, 141, 142, 143, 145, 146, 147, 149, 150, 151, 153, 154, 155, 157, 158, 159, 161, 162, 163, 165, 166, 167, 169, 170, 171, 173, 174, 175, 177, 178, 179, 181, 182, 183, 185, 186, 187, 189, 190, 191, 193, 194, 195, 197, 198, 199, 201, 202, 203, 205, 206, 207, 209, 210, 211, 213, 214, 215, 217, 218, 219, 221, 222, 223, 225, 226, 227, 229, 230, 231, 233, 234, 235, 237, 238, 239, 241, 242, 243, 245, 246, 247, 249, 250, 251, 253, 254, 255, 257, 258, 259, 261, 262, 263, 265, 266, 267, 269, 270, 271, 273, 274, 275, 277, 278, 279, 281, 282, 283, 285, 286, 287, 289, 290, 291, 293, 294, 295, 297, 298, 299, 301, 302, 303, 305, 306, 307, 309, 310, 311, 313, 314, 315, 317, 318, 319, 321, 322, 323, 325, 326, 327, 329, 330, 331, 333, 334, 335, 337, 338, 339, 341, 342, 343, 345, 346, 347, 349, 350, 351, 353, 354, 355, 357, 358, 359, 361, 362, 363, 365, 366, 367, 369, 370, 371, 373, 374, 375, 377, 378, 379, 381, 382, 383, 385, 386, 387, 389, 390, 391, 393, 394, 395, 397, 398, 399, 401, 402, 403, 405, 406, 407, 409, 410, 411, 413, 414, 415, 417, 418, 419, 421, 422, 423, 425, 426, 427, 429, 430, 431, 433, 434, 435, 437, 438, 439, 441, 442, 443, 445, 446, 447, 449, 450, 451, 453, 454, 455, 457, 458, 459, 461, 462, 463, 465, 466, 467, 469, 470, 471, 473, 474, 475, 477, 478, 479, 481, 482, 483, 485, 486, 487, 489, 490, 491, 493, 494, 495, 497, 498, 499, 501, 502, 503, 505, 506, 507, 509, 510, 511, 513, 514, 515, 517, 518, 519, 521, 522, 523, 525, 526, 527, 529, 530, 531, 533, 534, 535, 537, 538, 539, 541, 542, 543, 545, 546, 547, 549, 550, 551, 553, 554, 555, 557, 558, 559, 561, 562, 563, 565, 566, 567, 569, 570, 571, 573, 574, 575, 577, 578, 579, 581, 582, 583, 585, 586, 587, 589, 590, 591, 593, 594, 595, 597, 598, 599, 601, 602, 603, 605, 606, 607, 609, 610, 611, 613, 614, 615, 617, 618, 619, 621, 622, 623, 625, 626, 627, 629, 630, 631, 633, 634, 635, 637, 638, 639, 641, 642, 643, 645, 646, 647, 649, 650, 651, 653, 654, 655, 657, 658, 659, 661, 662, 663, 665, 666, 667, 669, 670, 671, 673, 674, 675, 677, 678, 679, 681, 682, 683, 685, 686, 687, 689, 690, 691, 693, 694, 695, 697, 698, 699, 701, 702, 703, 705, 706, 707, 709, 710, 711, 713, 714, 715, 717, 718, 719, 721, 722, 723, 725, 726, 727, 729, 730, 731, 733, 734, 735, 737, 738, 739, 741, 742, 743, 745, 746, 747, 749, 750, 751, 753, 754, 755, 757, 758, 759, 761, 762, 763, 765, 766, 767, 769, 770, 771, 773, 774, 775, 777, 778, 779, 781, 782, 783, 785, 786, 787, 789, 790, 791, 793, 794, 795, 797, 798, 799, 801, 802, 803, 805, 806, 807, 809, 810, 811, 813, 814, 815, 817, 818, 819, 821, 822, 823, 825, 826, 827, 829, 830, 831, 833, 834, 835, 837, 838, 839, 841, 842, 843, 845, 846, 847, 849, 850, 851, 853, 854, 855, 857, 858, 859, 861, 862, 863, 865, 866, 867, 869, 870, 871, 873, 874, 875, 877, 878, 879, 881, 882, 883, 885, 886, 887, 889, 890, 891, 893, 894, 895, 897, 898, 899, 901, 902, 903, 905, 906, 907, 909, 910, 911, 913, 914, 915, 917, 918, 919, 921, 922, 923, 925, 926, 927, 929, 930, 931, 933, 934, 935, 937, 938, 939, 941, 942, 943, 945, 946, 947, 949, 950, 951, 953, 954, 955, 957, 958, 959, 961, 962, 963, 965, 966, 967, 969, 970, 971, 973, 974, 975, 977, 978, 979, 981, 982, 983, 985, 986, 987, 989, 990, 991, 993, 994, 995, 997, 998, 999, 1001, 1002, 1003, 1005, 1006, 1007, 1009, 1010, 1011, 1013, 1014, 1015, 1017, 1018, 1019, 1021, 1022, 1023, 1025, 1026, 1027, 1029, 1030, 1031, 1033, 1034, 1035, 1037, 1038, 1039, 1041, 1042, 1043, 1045, 1046, 1047, 1049, 1050, 1051, 1053, 1054, 1055, 1057, 1058, 1059, 1061, 1062, 1063, 1065, 1066, 1067, 1069, 1070, 1071, 1073, 1074, 1075, 1077, 1078, 1079, 1081, 1082, 1083, 1085, 1086, 1087, 1089, 1090, 1091, 1093, 1094, 1095, 1097, 1098, 1099, 1101, 1102, 1103, 1105, 1106, 1107, 1109, 1110, 1111, 1113, 1114, 1115, 1117, 1118, 1119, 1121, 1122, 1123, 1125, 1126, 1127, 1129, 1130, 1131, 1133, 1134, 1135, 1137, 1138, 1139, 1141, 1142, 1143, 1145, 1146, 1147, 1149, 1150, 1151, 1153, 1154, 1155, 1157, 1158, 1159, 1161, 1162, 1163, 1165, 1166, 1167, 1169, 1170, 1171, 1173, 1174, 1175, 1177, 1178, 1179, 1181, 1182, 1183, 1185, 1186, 1187, 1189, 1190, 1191, 1193, 1194, 1195, 1197, 1198, 1199, 1201, 1202, 1203, 1205, 1206, 1207, 1209, 1210, 1211, 1213, 1214, 1215, 1217, 1218, 1219, 1221, 1222, 1223, 1225, 1226, 1227, 1229, 1230, 1231, 1233, 1234, 1235, 1237, 1238, 1239, 1241, 1242, 1243, 1245, 1246, 1247, 1249, 1250, 1251, 1253, 1254, 1255, 1257, 1258, 1259, 1261, 1262, 1263, 1265, 1266, 1267, 1269, 1270, 1271, 1273, 1274, 1275, 1277, 1278, 1279, 1281, 1282, 1283, 1285, 1286, 1287, 1289, 1290, 1291, 1293, 1294, 1295, 1297, 1298, 1299, 1301, 1302, 1303, 1305, 1306, 1307, 1309, 1310, 1311, 1313, 1314, 1315, 1317, 1318, 1319, 1321, 1322, 1323, 1325, 1326, 1327, 1329, 1330, 1331, 1333, 1334, 1335, 1337, 1338, 1339, 1341, 1342, 1343, 1345, 1346, 1347, 1349, 1350, 1351, 1353, 1354, 1355, 1357, 1358, 1359, 1361, 1362, 1363, 1365, 1366, 1367, 1369, 1370, 1371, 1373, 1374, 1375, 1377, 1378, 1379, 1381, 1382, 1383, 1385, 1386, 1387, 1389, 1390, 1391, 1393, 1394, 1395, 1397, 1398, 1399, 1401, 1402, 1403, 1405, 1406, 1407, 1409, 1410, 1411, 1413, 1414, 1415, 1417, 1418, 1419, 1421, 1422, 1423, 1425, 1426, 1427, 1429, 1430, 1431, 1433, 1434, 1435, 1437, 1438, 1439, 1441, 1442, 1443, 1445, 1446, 1447, 1449, 1450, 1451, 1453, 1454, 1455, 1457, 1458, 1459, 1461, 1462, 1463, 1465, 1466, 1467, 1469, 1470, 1471, 1473, 1474, 1475, 1477, 1478, 1479, 1481, 1482, 1483, 1484, 1485, 1487, 1488, 1489, 1490, 1491, 1493, 1494, 1495, 1496, 1497, 1499, 1500, 1501, 1502, 1503, 1505, 1506, 1507, 1508, 1509, 1511, 1512, 1513, 1514, 1515, 1517, 1518, 1519, 1520, 1521, 1523, 1524, 1525, 1526, 1527, 1529, 1530, 1531, 1532, 1533, 1535, 1536, 1537, 1538, 1539, 1541, 1542, 1543, 1544, 1545, 1547, 1548, 1549, 1550, 1551, 1553, 1554, 1555, 1556, 1557, 1559, 1560, 1561, 1562, 1563, 1565, 1566, 1567, 1568, 1569, 1571, 1572, 1573, 1574, 1575, 1577, 1578, 1579, 1580, 1581, 1583, 1584, 1585, 1586, 1587, 1589, 1590, 1591, 1592, 1593, 1595, 1596, 1597, 1598, 1599, 1601, 1602, 1603, 1604, 1605, 1607, 1608, 1609, 1610, 1611, 1613, 1614, 1615, 1616, 1617, 1619, 1620, 1621, 1622, 1623, 1625, 1626, 1627, 1628, 1629, 1631, 1632, 1633, 1634, 1635, 1637, 1638, 1639, 1640, 1641, 1643, 1644, 1645, 1646, 1647, 1649, 1650, 1651, 1652, 1653, 1655, 1656, 1657, 1658, 1659, 1661, 1662, 1663, 1664, 1665, 1667, 1668, 1669, 1670, 1671, 1673, 1674, 1675, 1676, 1677, 1679, 1680, 1681, 1682, 1683, 1685, 1686, 1687, 1688, 1689, 1691, 1692, 1693, 1694, 1695, 1697, 1698, 1699, 1700, 1701, 1703, 1704, 1705, 1706, 1707, 1709, 1710, 1711, 1712, 1713, 1715, 1716, 1717, 1718, 1719, 1721, 1722, 1723, 1724, 1725, 1727, 1728, 1729, 1730, 1731, 1733, 1734, 1735, 1736, 1737, 1739, 1740, 1741, 1742, 1743, 1745, 1746, 1747, 1748, 1749, 1751, 1752, 1753, 1754, 1755, 1757, 1758, 1759, 1760, 1761, 1763, 1764, 1765, 1766, 1767, 1769, 1770, 1771, 1772, 1773, 1775, 1776, 1777, 1778, 1779, 1781, 1782, 1783, 1784, 1785, 1787, 1788, 1789, 1790, 1791, 1793, 1794, 1795, 1796, 1797, 1799, 1800, 1801, 1802, 1803, 1805, 1806, 1807, 1808, 1809, 1811, 1812, 1813, 1814, 1815, 1817, 1818, 1819, 1820, 1821, 1823, 1824, 1825, 1826, 1827, 1829, 1830, 1831, 1832, 1833, 1835, 1836, 1837, 1838, 1839, 1841, 1842, 1843, 1844, 1845, 1847, 1848, 1849, 1850, 1851, 1853, 1854, 1855, 1856, 1857, 1859, 1860, 1861, 1862, 1863, 1865, 1866, 1867, 1868, 1869, 1871, 1872, 1873, 1874, 1875, 1877, 1878, 1879, 1880, 1881, 1883, 1884, 1885, 1886, 1887, 1889, 1890, 1891, 1892, 1893, 1895, 1896, 1897, 1898, 1899, 1901, 1902, 1903, 1904, 1905, 1907, 1908, 1909, 1910, 1911, 1913, 1914, 1915, 1916, 1917, 1919, 1920, 1921, 1922, 1923, 1925, 1926, 1927, 1928, 1929, 1931, 1932, 1933, 1934, 1935, 1937, 1938, 1939, 1940, 1941, 1943, 1944, 1945, 1946, 1947, 1949, 1950, 1951, 1952, 1953, 1955, 1956, 1957, 1958, 1959, 1961, 1962, 1963, 1964, 1965, 1967, 1968, 1969, 1970, 1971, 1973, 1974, 1975, 1976, 1977, 1979, 1980, 1981, 1982, 1983, 1985, 1986, 1987, 1988, 1989, 1991, 1992, 1993, 1994, 1995, 1997, 1998, 1999, 2000, 2001, 2003, 2004, 2005, 2006, 2007, 2009, 2010, 2011, 2012, 2013, 2015, 2016, 2017, 2018, 2019, 2021, 2022, 2023, 2024, 2025, 2027, 2028, 2029, 2030, 2031, 2033, 2034, 2035, 2036, 2037, 2039, 2040, 2041, 2042, 2043, 2045, 2046, 2047, 2048, 2049, 2051, 2052, 2053, 2054, 2055, 2057, 2058, 2059, 2060, 2061, 2063, 2064, 2065, 2066, 2067, 2069, 2070, 2071, 2072, 2073, 2075, 2076, 2077, 2078, 2079, 2081, 2082, 2083, 2084, 2085, 2087, 2088, 2089, 2090, 2091, 2093, 2094, 2095, 2096, 2097, 2099, 2100, 2101, 2102, 2103, 2105, 2106, 2107, 2108, 2109, 2111, 2112, 2113, 2114, 2115, 2117, 2118, 2119, 2120, 2121, 2123, 2124, 2125, 2126, 2127, 2129, 2130, 2131, 2132, 2133, 2135, 2136, 2137, 2138, 2139, 2141, 2142, 2143, 2144, 2145, 2147, 2148, 2149, 2150, 2151, 2153, 2154, 2155, 2156, 2157, 2159, 2160, 2161, 2162, 2163, 2165, 2166, 2167, 2168, 2169, 2171, 2172, 2173, 2174, 2175, 2177, 2178, 2179, 2180, 2181, 2183, 2184, 2185, 2186, 2187, 2189, 2190, 2191, 2192, 2193, 2195, 2196, 2197, 2198, 2199, 2201, 2202, 2203, 2204, 2205, 2207, 2208, 2209, 2210, 2211, 2213, 2214, 2215, 2216, 2217, 2219, 2220, 2221, 2222, 2223, 2225, 2226, 2227, 2228, 2229, 2231, 2232, 2233, 2234, 2235, 2237, 2238, 2239, 2240, 2241], "excluded_lines": []}, "cookiecutter/utils.py": {"executed_lines": [], "summary": {"covered_lines": 0, "num_statements": 48, "percent_covered": 0.0, "percent_covered_display": "0", "missing_lines": 48, "excluded_lines": 0}, "missing_lines": [2, 3, 4, 5, 6, 7, 8, 10, 12, 15, 21, 22, 25, 30, 33, 38, 39, 40, 41, 42, 43, 44, 45, 48, 49, 54, 55, 56, 57, 58, 60, 63, 68, 69, 72, 84, 85, 87, 91, 93, 94, 95, 97, 98, 100, 104, 105, 107], "excluded_lines": []}, "cookiecutter/vcs.py": {"executed_lines": [], "summary": {"covered_lines": 0, "num_statements": 54, "percent_covered": 0.0, "percent_covered_display": "0", "missing_lines": 54, "excluded_lines": 0}, "missing_lines": [2, 3, 4, 5, 7, 13, 15, 18, 24, 32, 33, 34, 35, 36, 38, 40, 41, 42, 43, 45, 48, 54, 57, 68, 69, 72, 75, 76, 77, 79, 80, 81, 82, 83, 84, 85, 86, 88, 89, 91, 93, 94, 95, 100, 101, 106, 107, 108, 109, 113, 114, 118, 119, 121], "excluded_lines": []}, "cookiecutter/zipfile.py": {"executed_lines": [], "summary": {"covered_lines": 0, "num_statements": 56, "percent_covered": 0.0, "percent_covered_display": "0", "missing_lines": 56, "excluded_lines": 0}, "missing_lines": [2, 3, 4, 6, 8, 9, 10, 13, 27, 28, 30, 33, 34, 36, 37, 39, 41, 43, 44, 45, 46, 47, 50, 54, 55, 57, 58, 62, 63, 64, 70, 71, 72, 75, 76, 77, 80, 81, 82, 83, 84, 87, 88, 92, 93, 94, 95, 96, 99, 100, 101, 102, 103, 107, 108, 112], "excluded_lines": []}}, "totals": {"covered_lines": 12, "num_statements": 2627, "percent_covered": 0.4567948229920061, "percent_covered_display": "1", "missing_lines": 2615, "excluded_lines": 2}}