{"meta": {"version": "7.3.2", "timestamp": "2023-11-27T04:48:53.474702", "branch_coverage": false, "show_contexts": false}, "files": {"/input/test-apps/dataclasses-json/dataclasses_json/core.py": {"executed_lines": [1, 2, 3, 4, 6, 11, 12, 13, 14, 15, 17, 19, 20, 26, 28, 29, 32, 33, 53, 90, 96, 118, 130, 211, 212, 221, 225, 230, 231, 234, 235, 236, 237, 241, 242, 243, 244, 249, 250, 258, 262, 263, 267, 269, 270, 271, 272, 274, 277, 279, 280, 283, 295, 305, 308, 309, 311, 312, 315], "summary": {"covered_lines": 59, "num_statements": 205, "percent_covered": 28.78048780487805, "percent_covered_display": "29", "missing_lines": 146, "excluded_lines": 0}, "missing_lines": [35, 36, 37, 39, 40, 41, 42, 43, 44, 45, 46, 47, 49, 50, 54, 55, 56, 57, 58, 59, 60, 61, 62, 63, 64, 65, 66, 68, 69, 71, 72, 73, 75, 76, 77, 78, 79, 80, 81, 83, 85, 86, 87, 91, 92, 93, 97, 98, 99, 100, 103, 104, 105, 106, 107, 109, 110, 112, 113, 114, 115, 120, 121, 122, 123, 124, 125, 126, 127, 131, 132, 133, 134, 135, 136, 137, 138, 140, 141, 142, 143, 144, 145, 146, 149, 151, 152, 153, 156, 157, 159, 160, 161, 162, 164, 165, 171, 172, 173, 175, 176, 177, 179, 181, 184, 185, 187, 189, 194, 195, 197, 199, 200, 201, 205, 208, 216, 217, 219, 220, 222, 226, 247, 251, 254, 255, 256, 264, 265, 273, 275, 290, 292, 306, 320, 321, 322, 323, 324, 326, 328, 330, 331, 334, 336, 338], "excluded_lines": []}}, "totals": {"covered_lines": 59, "num_statements": 205, "percent_covered": 28.78048780487805, "percent_covered_display": "29", "missing_lines": 146, "excluded_lines": 0}}