{"meta": {"version": "7.3.2", "timestamp": "2023-11-27T04:45:42.669445", "branch_coverage": false, "show_contexts": false}, "files": {"/input/test-apps/httpie/httpie/client.py": {"executed_lines": [1, 2, 3, 4, 5, 6, 7, 8, 10, 12, 13, 14, 15, 16, 17, 18, 22, 25, 27, 28, 29, 30, 33, 135, 136, 147, 176, 181, 197, 215, 223, 243, 300, 317, 318, 323, 324], "summary": {"covered_lines": 37, "num_statements": 143, "percent_covered": 25.874125874125873, "percent_covered_display": "26", "missing_lines": 106, "excluded_lines": 0}, "missing_lines": [38, 39, 40, 41, 47, 49, 54, 55, 56, 62, 63, 64, 65, 67, 71, 73, 75, 77, 79, 80, 81, 82, 86, 87, 91, 92, 93, 94, 95, 96, 100, 101, 108, 112, 113, 114, 115, 116, 117, 118, 119, 120, 121, 122, 124, 125, 126, 127, 131, 139, 140, 141, 142, 144, 152, 155, 163, 166, 167, 168, 173, 177, 182, 183, 184, 189, 190, 192, 193, 194, 198, 202, 203, 204, 205, 206, 208, 211, 212, 216, 220, 224, 225, 226, 227, 228, 229, 240, 252, 254, 255, 256, 257, 258, 262, 265, 266, 267, 268, 269, 272, 273, 275, 276, 282, 297], "excluded_lines": []}}, "totals": {"covered_lines": 37, "num_statements": 143, "percent_covered": 25.874125874125873, "percent_covered_display": "26", "missing_lines": 106, "excluded_lines": 0}}