{"meta": {"version": "7.3.2", "timestamp": "2023-11-27T03:45:19.117579", "branch_coverage": true, "show_contexts": false}, "files": {"/input/test-apps/scrapy/scrapy/core/downloader/webclient.py": {"executed_lines": [1, 2, 4, 5, 6, 8, 9, 10, 11, 14, 17, 18, 19, 20, 21, 22, 23, 24, 25, 28, 34, 35, 36, 39, 41, 43, 57, 60, 63, 66, 69, 74, 83, 99, 101, 103, 104, 105, 106, 108, 115, 123, 157, 160, 165, 174, 178, 191, 196, 201], "summary": {"covered_lines": 50, "num_statements": 127, "percent_covered": 33.12101910828026, "percent_covered_display": "33", "missing_lines": 77, "excluded_lines": 0, "num_branches": 30, "num_partial_branches": 0, "covered_branches": 2, "missing_branches": 28}, "missing_lines": [44, 47, 49, 50, 51, 52, 54, 55, 58, 61, 64, 67, 70, 71, 72, 75, 76, 77, 78, 80, 81, 84, 87, 88, 90, 109, 110, 111, 112, 113, 116, 117, 118, 119, 120, 121, 124, 126, 127, 128, 129, 130, 131, 132, 133, 141, 143, 146, 149, 150, 152, 154, 155, 158, 161, 162, 163, 166, 167, 168, 169, 170, 171, 172, 175, 176, 189, 192, 193, 194, 197, 198, 199, 207, 208, 211, 212], "excluded_lines": [], "executed_branches": [[23, 24], [23, 25]], "missing_branches": [[49, 50], [49, 52], [50, 49], [50, 51], [54, -43], [54, 55], [75, 76], [75, 77], [77, 78], [77, 80], [87, 88], [87, 90], [119, -115], [119, 120], [149, 150], [149, 154], [154, -123], [154, 155], [161, 162], [161, 163], [169, 170], [169, 172], [192, -191], [192, 193], [197, -196], [197, 198], [207, -201], [207, 208]]}}, "totals": {"covered_lines": 50, "num_statements": 127, "percent_covered": 33.12101910828026, "percent_covered_display": "33", "missing_lines": 77, "excluded_lines": 0, "num_branches": 30, "num_partial_branches": 0, "covered_branches": 2, "missing_branches": 28}}