{"meta": {"version": "7.3.2", "timestamp": "2023-11-27T03:37:19.629065", "branch_coverage": true, "show_contexts": false}, "files": {"/input/test-apps/scrapy/scrapy/utils/request.py": {"executed_lines": [1, 6, 7, 8, 9, 11, 12, 14, 15, 16, 19, 20, 23, 79, 86, 103, 105, 106, 107, 108], "summary": {"covered_lines": 19, "num_statements": 47, "percent_covered": 32.30769230769231, "percent_covered_display": "32", "missing_lines": 28, "excluded_lines": 0, "num_branches": 18, "num_partial_branches": 0, "covered_branches": 2, "missing_branches": 16}, "missing_lines": [59, 60, 61, 62, 63, 64, 65, 66, 67, 68, 69, 70, 71, 72, 73, 74, 75, 76, 83, 92, 93, 94, 95, 96, 97, 98, 99, 100], "excluded_lines": [], "executed_branches": [[106, 107], [106, 108]], "missing_branches": [[60, 61], [60, 62], [61, -61], [61, 62], [64, 65], [64, 76], [69, 70], [69, 75], [70, 71], [70, 75], [71, 70], [71, 72], [73, 70], [73, 74], [96, 97], [96, 98]]}}, "totals": {"covered_lines": 19, "num_statements": 47, "percent_covered": 32.30769230769231, "percent_covered_display": "32", "missing_lines": 28, "excluded_lines": 0, "num_branches": 18, "num_partial_branches": 0, "covered_branches": 2, "missing_branches": 16}}