{"meta": {"version": "7.3.2", "timestamp": "2023-11-27T03:45:41.553407", "branch_coverage": true, "show_contexts": false}, "files": {"/input/test-apps/scrapy/scrapy/utils/curl.py": {"executed_lines": [1, 2, 3, 4, 5, 7, 10, 11, 16, 17, 18, 19, 20, 21, 24, 33, 34, 37, 38, 39, 40, 41, 42, 43, 44, 45, 46, 48, 50, 51, 52, 54, 57, 67, 69, 72, 74, 75, 76, 77, 81, 85, 86, 87, 89, 91, 93, 95, 96, 97, 98, 99, 100, 101, 104, 106], "summary": {"covered_lines": 56, "num_statements": 60, "percent_covered": 93.02325581395348, "percent_covered_display": "93", "missing_lines": 4, "excluded_lines": 0, "num_branches": 26, "num_partial_branches": 2, "covered_branches": 24, "missing_branches": 2}, "missing_lines": [12, 13, 70, 79], "excluded_lines": [], "executed_branches": [[33, 34], [33, 37], [40, 41], [40, 50], [44, 45], [44, 48], [45, 40], [45, 46], [50, 51], [50, 54], [69, 72], [74, 75], [74, 81], [76, 77], [86, 87], [86, 89], [95, 96], [95, 97], [97, 98], [97, 99], [99, 100], [99, 106], [101, 104], [101, 106]], "missing_branches": [[69, 70], [76, 79]]}}, "totals": {"covered_lines": 56, "num_statements": 60, "percent_covered": 93.02325581395348, "percent_covered_display": "93", "missing_lines": 4, "excluded_lines": 0, "num_branches": 26, "num_partial_branches": 2, "covered_branches": 24, "missing_branches": 2}}