{"meta": {"version": "7.3.2", "timestamp": "2023-11-27T04:47:05.891650", "branch_coverage": false, "show_contexts": false}, "files": {"/input/test-apps/typesystem/typesystem/tokenize/tokenize_json.py": {"executed_lines": [1, 2, 3, 5, 6, 7, 8, 9, 11, 12, 13, 14, 20, 29, 30, 31, 32, 35, 37, 48, 49, 50, 51, 52, 53, 56, 60, 62, 63, 64, 65, 70, 71, 74, 75, 76, 77, 82, 84, 85, 86, 88, 89, 90, 91, 95, 98, 101, 102, 103, 104, 105, 106, 107, 108, 110, 111, 112, 116, 117, 118, 119, 120, 123, 124, 125, 126, 127, 130, 133, 137, 138, 139, 140, 143, 144, 145, 149, 150, 151, 153, 155, 158, 159, 160, 161, 162, 165, 166, 167, 169, 174, 175, 176, 183, 196, 197], "summary": {"covered_lines": 97, "num_statements": 132, "percent_covered": 73.48484848484848, "percent_covered_display": "73", "missing_lines": 35, "excluded_lines": 2}, "missing_lines": [38, 39, 40, 42, 43, 44, 45, 57, 58, 59, 66, 67, 68, 72, 73, 78, 79, 80, 81, 87, 92, 113, 114, 128, 129, 131, 132, 134, 135, 141, 171, 172, 177, 179, 180], "excluded_lines": [146, 147]}}, "totals": {"covered_lines": 97, "num_statements": 132, "percent_covered": 73.48484848484848, "percent_covered_display": "73", "missing_lines": 35, "excluded_lines": 2}}