{"meta": {"version": "7.3.2", "timestamp": "2023-11-27T03:39:22.761546", "branch_coverage": true, "show_contexts": false}, "files": {"/input/test-apps/scrapy/scrapy/utils/deprecate.py": {"executed_lines": [1, 3, 4, 5, 8, 17, 53, 55, 56, 58, 59, 60, 61, 62, 64, 65, 66, 67, 75, 80, 81, 84, 85, 92, 95, 96, 98, 99, 100, 101, 103, 104, 106, 108, 109, 110, 111, 112, 120, 123, 124, 125, 126, 129, 134, 145], "summary": {"covered_lines": 45, "num_statements": 65, "percent_covered": 64.04494382022472, "percent_covered_display": "64", "missing_lines": 20, "excluded_lines": 0, "num_branches": 24, "num_partial_branches": 6, "covered_branches": 12, "missing_branches": 12}, "missing_lines": [9, 10, 68, 69, 72, 73, 74, 90, 93, 113, 118, 136, 137, 138, 139, 141, 142, 172, 173, 174], "excluded_lines": [], "executed_branches": [[60, 61], [67, 75], [81, -81], [81, -80], [81, 81], [85, 92], [92, 95], [96, -96], [96, -84], [96, 96], [100, 101], [111, 112], [124, 125], [124, 126]], "missing_branches": [[60, 62], [67, 68], [72, 73], [72, 74], [85, 90], [92, 93], [100, 104], [111, 120], [136, 137], [136, 142], [137, 136], [137, 138]]}}, "totals": {"covered_lines": 45, "num_statements": 65, "percent_covered": 64.04494382022472, "percent_covered_display": "64", "missing_lines": 20, "excluded_lines": 0, "num_branches": 24, "num_partial_branches": 6, "covered_branches": 12, "missing_branches": 12}}