{"meta": {"version": "7.3.2", "timestamp": "2023-11-27T03:50:41.942178", "branch_coverage": false, "show_contexts": false}, "files": {"/input/test-apps/flutils/flutils/pathutils.py": {"executed_lines": [1, 2, 3, 4, 5, 6, 7, 8, 9, 14, 23, 36, 44, 51, 138, 219, 336, 387, 417, 441, 442, 443, 444, 445, 446, 452, 453, 461, 485, 493, 494, 495, 496, 504, 505, 563, 564, 569, 570, 574], "summary": {"covered_lines": 40, "num_statements": 177, "percent_covered": 22.598870056497177, "percent_covered_display": "23", "missing_lines": 137, "excluded_lines": 0}, "missing_lines": [103, 105, 106, 108, 109, 111, 112, 113, 114, 115, 116, 117, 122, 123, 126, 127, 128, 129, 131, 132, 133, 134, 135, 188, 189, 190, 192, 194, 195, 197, 199, 200, 201, 202, 203, 204, 208, 210, 211, 212, 213, 215, 216, 274, 276, 277, 281, 282, 290, 292, 293, 294, 295, 296, 301, 302, 306, 307, 308, 309, 310, 311, 312, 313, 315, 321, 322, 324, 325, 326, 327, 330, 331, 333, 370, 372, 373, 374, 375, 376, 377, 378, 379, 380, 381, 382, 383, 384, 412, 413, 414, 447, 448, 454, 455, 486, 487, 488, 489, 497, 498, 548, 549, 550, 551, 552, 553, 554, 555, 556, 557, 558, 559, 560, 565, 566, 571, 600, 601, 602, 603, 604, 605, 606, 607, 608, 609, 610, 611, 612, 613, 614, 615, 617, 618, 619, 621], "excluded_lines": []}}, "totals": {"covered_lines": 40, "num_statements": 177, "percent_covered": 22.598870056497177, "percent_covered_display": "23", "missing_lines": 137, "excluded_lines": 0}}