{"meta": {"version": "7.3.2", "timestamp": "2023-11-27T04:48:32.892492", "branch_coverage": false, "show_contexts": false}, "files": {"/input/test-apps/flutes/flutes/io.py": {"executed_lines": [1, 2, 3, 4, 5, 7, 8, 10, 12, 19, 20, 49, 50, 57, 61, 66, 69, 75, 81, 87, 94, 96, 99, 100, 104, 105, 109, 110, 114, 158, 159, 161, 162, 163, 164, 166, 167, 168, 169, 170, 171, 172, 174, 175, 176, 177, 178, 179, 186, 188, 189, 193, 197, 200, 201, 202, 203, 204, 206, 207, 209, 210, 211, 213, 214, 216, 217, 219, 222, 225, 228, 232, 244, 246, 247, 249], "summary": {"covered_lines": 76, "num_statements": 133, "percent_covered": 57.142857142857146, "percent_covered_display": "57", "missing_lines": 57, "excluded_lines": 0}, "missing_lines": [37, 38, 39, 40, 41, 42, 44, 45, 46, 52, 53, 54, 55, 58, 59, 62, 63, 64, 67, 70, 71, 72, 73, 76, 77, 78, 79, 82, 83, 84, 85, 88, 89, 90, 91, 143, 144, 146, 147, 149, 150, 152, 153, 154, 155, 180, 181, 182, 183, 184, 185, 198, 220, 223, 226, 229, 245], "excluded_lines": []}}, "totals": {"covered_lines": 76, "num_statements": 133, "percent_covered": 57.142857142857146, "percent_covered_display": "57", "missing_lines": 57, "excluded_lines": 0}}