{"meta": {"version": "7.3.2", "timestamp": "2023-11-27T04:01:48.621448", "branch_coverage": true, "show_contexts": false}, "files": {"/input/test-apps/sanic/sanic/headers.py": {"executed_lines": [1, 3, 4, 6, 12, 13, 14, 15, 17, 18, 19, 20, 21, 22, 33, 60, 63, 101, 139, 141, 142, 143, 144, 145, 146, 147, 148, 149, 150, 151, 152, 154, 155, 156, 157, 160, 162, 164, 166, 167, 168, 171, 182, 188], "summary": {"covered_lines": 44, "num_statements": 106, "percent_covered": 39.743589743589745, "percent_covered_display": "40", "missing_lines": 62, "excluded_lines": 0, "num_branches": 50, "num_partial_branches": 2, "covered_branches": 18, "missing_branches": 32}, "missing_lines": [42, 43, 44, 45, 47, 51, 52, 68, 69, 70, 71, 72, 73, 74, 76, 77, 78, 79, 81, 83, 84, 86, 87, 88, 89, 90, 91, 92, 93, 95, 96, 98, 103, 104, 105, 106, 107, 108, 110, 111, 118, 119, 120, 122, 123, 125, 126, 127, 134, 136, 163, 165, 175, 176, 177, 178, 179, 192, 193, 194, 195, 196], "excluded_lines": [], "executed_branches": [[142, 143], [142, 157], [143, 142], [143, 144], [145, 146], [145, 147], [147, 148], [147, 149], [149, 150], [149, 151], [151, 152], [151, 154], [162, 164], [164, 166], [166, 167], [166, 168], [182, -182], [182, 182], [182, 188]], "missing_branches": [[44, 45], [44, 47], [47, -47], [47, 51], [70, 71], [70, 72], [73, 74], [73, 76], [79, 81], [79, 98], [81, 83], [81, 87], [83, 84], [83, 86], [92, 93], [92, 95], [95, 79], [95, 96], [106, 107], [106, 122], [111, -111], [111, 118], [122, 123], [122, 125], [127, -125], [127, 134], [162, 163], [164, 165], [176, 177], [176, 178], [193, 194], [193, 195]]}}, "totals": {"covered_lines": 44, "num_statements": 106, "percent_covered": 39.743589743589745, "percent_covered_display": "40", "missing_lines": 62, "excluded_lines": 0, "num_branches": 50, "num_partial_branches": 2, "covered_branches": 18, "missing_branches": 32}}