{"meta": {"version": "7.3.2", "timestamp": "2023-11-27T04:11:45.970562", "branch_coverage": false, "show_contexts": false}, "files": {"/input/test-apps/thonny/thonny/plugins/ast_view.py": {"executed_lines": [3, 4, 6, 7, 9, 10, 11, 13, 16, 17, 49, 126, 140, 144, 151, 168, 170, 171, 172, 173, 175, 183, 184, 185, 186, 188, 190, 191, 193, 195, 196, 197, 198, 200, 201, 202, 203, 205, 209, 212], "summary": {"covered_lines": 40, "num_statements": 139, "percent_covered": 28.776978417266186, "percent_covered_display": "29", "missing_lines": 99, "excluded_lines": 0}, "missing_lines": [18, 25, 26, 27, 28, 29, 30, 31, 32, 34, 35, 36, 37, 38, 39, 41, 42, 44, 45, 47, 50, 51, 53, 55, 56, 57, 59, 60, 61, 62, 64, 65, 66, 68, 70, 71, 73, 74, 75, 77, 78, 79, 80, 82, 84, 85, 87, 89, 90, 91, 92, 94, 96, 97, 99, 100, 101, 102, 103, 105, 106, 107, 109, 110, 111, 112, 113, 116, 117, 119, 121, 122, 124, 127, 128, 130, 132, 133, 134, 135, 136, 141, 142, 145, 146, 147, 148, 153, 154, 155, 156, 159, 162, 165, 176, 177, 178, 179, 213], "excluded_lines": []}}, "totals": {"covered_lines": 40, "num_statements": 139, "percent_covered": 28.776978417266186, "percent_covered_display": "29", "missing_lines": 99, "excluded_lines": 0}}