{"meta": {"version": "7.3.2", "timestamp": "2023-11-27T04:40:41.910870", "branch_coverage": false, "show_contexts": false}, "files": {"/input/test-apps/pypara/pypara/commons/others.py": {"executed_lines": [1, 5, 7, 8, 11, 14, 24, 27, 34], "summary": {"covered_lines": 8, "num_statements": 9, "percent_covered": 88.88888888888889, "percent_covered_display": "89", "missing_lines": 1, "excluded_lines": 0}, "missing_lines": [20], "excluded_lines": []}}, "totals": {"covered_lines": 8, "num_statements": 9, "percent_covered": 88.88888888888889, "percent_covered_display": "89", "missing_lines": 1, "excluded_lines": 0}}