{"meta": {"version": "7.3.2", "timestamp": "2023-11-27T04:00:38.187051", "branch_coverage": true, "show_contexts": false}, "files": {"/input/test-apps/sanic/sanic/utils.py": {"executed_lines": [1, 3, 4, 5, 6, 7, 9, 10, 13, 25, 26, 38, 39, 40, 45], "summary": {"covered_lines": 14, "num_statements": 15, "percent_covered": 89.47368421052632, "percent_covered_display": "89", "missing_lines": 1, "excluded_lines": 35, "num_branches": 4, "num_partial_branches": 1, "covered_branches": 3, "missing_branches": 1}, "missing_lines": [42], "excluded_lines": [45, 48, 74, 75, 77, 79, 82, 85, 88, 89, 95, 96, 100, 101, 102, 105, 108, 109, 111, 112, 113, 114, 115, 116, 120, 121, 122, 123, 124, 126, 127, 128, 129, 130, 131], "executed_branches": [[26, 38], [26, 39], [39, 40]], "missing_branches": [[39, 42]]}}, "totals": {"covered_lines": 14, "num_statements": 15, "percent_covered": 89.47368421052632, "percent_covered_display": "89", "missing_lines": 1, "excluded_lines": 35, "num_branches": 4, "num_partial_branches": 1, "covered_branches": 3, "missing_branches": 1}}