{"meta": {"version": "7.3.2", "timestamp": "2023-11-27T03:49:01.330737", "branch_coverage": false, "show_contexts": false}, "files": {"/input/test-apps/flutils/flutils/setuputils/cfg.py": {"executed_lines": [1, 2, 7, 11, 22, 25, 26, 27, 28, 29, 32, 44, 82, 108, 110, 115, 120, 121, 126, 127, 134, 140, 141, 142, 143, 157], "summary": {"covered_lines": 26, "num_statements": 86, "percent_covered": 30.232558139534884, "percent_covered_display": "30", "missing_lines": 60, "excluded_lines": 0}, "missing_lines": [35, 36, 37, 38, 39, 40, 41, 48, 49, 50, 51, 52, 53, 54, 55, 58, 59, 60, 61, 62, 63, 65, 66, 67, 68, 70, 71, 73, 74, 86, 87, 88, 89, 93, 94, 99, 100, 105, 111, 116, 122, 128, 145, 146, 147, 148, 149, 150, 151, 152, 160, 164, 165, 166, 167, 168, 169, 170, 171, 172], "excluded_lines": []}}, "totals": {"covered_lines": 26, "num_statements": 86, "percent_covered": 30.232558139534884, "percent_covered_display": "30", "missing_lines": 60, "excluded_lines": 0}}