{"meta": {"version": "7.3.2", "timestamp": "2023-11-27T03:37:31.015610", "branch_coverage": true, "show_contexts": false}, "files": {"/input/test-apps/scrapy/scrapy/extensions/httpcache.py": {"executed_lines": [1, 2, 3, 4, 5, 6, 7, 8, 10, 12, 13, 14, 15, 16, 17, 20, 23, 25, 29, 32, 35, 38, 42, 44, 46, 54, 64, 74, 103, 142, 153, 160, 166, 197, 217, 219, 225, 231, 234, 246, 257, 270, 274, 276, 282, 286, 289, 306, 331, 335, 347, 359, 360, 361, 362, 363, 364, 367], "summary": {"covered_lines": 58, "num_statements": 241, "percent_covered": 18.507462686567163, "percent_covered_display": "19", "missing_lines": 183, "excluded_lines": 0, "num_branches": 94, "num_partial_branches": 0, "covered_branches": 4, "missing_branches": 90}, "missing_lines": [26, 27, 30, 33, 36, 39, 47, 48, 49, 50, 55, 56, 57, 58, 59, 60, 61, 62, 65, 66, 67, 69, 70, 72, 78, 80, 81, 83, 84, 86, 87, 89, 90, 92, 93, 95, 96, 101, 104, 105, 106, 107, 109, 110, 111, 113, 114, 115, 117, 118, 120, 128, 129, 130, 132, 133, 134, 135, 136, 139, 140, 145, 146, 147, 148, 151, 154, 155, 157, 158, 161, 162, 163, 164, 169, 170, 171, 172, 175, 178, 179, 182, 186, 187, 188, 191, 192, 195, 200, 203, 204, 205, 207, 208, 209, 210, 211, 212, 214, 220, 221, 222, 223, 226, 227, 229, 232, 235, 236, 237, 238, 239, 240, 241, 242, 243, 244, 247, 248, 254, 255, 258, 259, 260, 261, 262, 264, 265, 266, 268, 271, 277, 278, 279, 280, 283, 287, 291, 292, 293, 294, 295, 296, 297, 298, 299, 300, 301, 302, 303, 304, 308, 309, 310, 311, 318, 319, 320, 321, 322, 323, 324, 325, 326, 327, 328, 329, 332, 333, 336, 337, 338, 339, 340, 341, 342, 343, 344, 368, 369, 370, 371, 372], "excluded_lines": [], "executed_branches": [[360, 361], [360, 364], [362, 360], [362, 363]], "missing_branches": [[27, -27], [27, -25], [50, -50], [50, -46], [55, 56], [55, 62], [58, 59], [58, 61], [59, 60], [59, 61], [65, 66], [65, 67], [69, 70], [69, 72], [80, 81], [80, 83], [83, 84], [83, 86], [86, 87], [86, 89], [89, 90], [89, 92], [92, 93], [92, 95], [95, 96], [95, 101], [106, 107], [106, 109], [114, 115], [114, 117], [117, 118], [117, 120], [120, 128], [120, 139], [129, 130], [129, 132], [133, 134], [133, 139], [145, 146], [145, 151], [147, 148], [147, 151], [154, 155], [154, 157], [157, -153], [157, 158], [171, 172], [171, 175], [178, 179], [178, 186], [187, 188], [187, 191], [191, 192], [191, 195], [204, 205], [204, 207], [207, 208], [207, 214], [236, 237], [236, 238], [261, 262], [261, 264], [265, 266], [265, 268], [292, 293], [292, 294], [295, 296], [295, 297], [297, 298], [297, 299], [309, 310], [309, 311], [318, 319], [318, 320], [320, 321], [320, 322], [322, 323], [322, 324], [324, 325], [324, 326], [326, 327], [326, 328], [328, -306], [328, 329], [338, 339], [338, 340], [341, 342], [341, 343], [343, -335], [343, 344]]}}, "totals": {"covered_lines": 58, "num_statements": 241, "percent_covered": 18.507462686567163, "percent_covered_display": "19", "missing_lines": 183, "excluded_lines": 0, "num_branches": 94, "num_partial_branches": 0, "covered_branches": 4, "missing_branches": 90}}