{"meta": {"version": "7.3.2", "timestamp": "2023-11-27T04:00:29.992191", "branch_coverage": true, "show_contexts": false}, "files": {"/input/test-apps/sanic/sanic/helpers.py": {"executed_lines": [1, 3, 4, 5, 8, 72, 89, 103, 113, 115, 118, 123, 133, 134, 139, 142], "summary": {"covered_lines": 15, "num_statements": 23, "percent_covered": 65.51724137931035, "percent_covered_display": "66", "missing_lines": 8, "excluded_lines": 0, "num_branches": 6, "num_partial_branches": 0, "covered_branches": 4, "missing_branches": 2}, "missing_lines": [110, 120, 152, 153, 154, 155, 156, 157], "excluded_lines": [], "executed_branches": [[133, -133], [133, 133], [133, 134], [134, -134], [134, 134], [134, 139]], "missing_branches": [[155, 156], [155, 157]]}}, "totals": {"covered_lines": 15, "num_statements": 23, "percent_covered": 65.51724137931035, "percent_covered_display": "66", "missing_lines": 8, "excluded_lines": 0, "num_branches": 6, "num_partial_branches": 0, "covered_branches": 4, "missing_branches": 2}}