{"meta": {"version": "7.3.2", "timestamp": "2023-11-27T04:40:31.425555", "branch_coverage": false, "show_contexts": false}, "files": {"/input/test-apps/pyMonet/pymonet/utils.py": {"executed_lines": [1, 3, 6, 9, 15, 16, 18, 19, 20, 22, 25, 37, 49, 50, 54, 55, 59, 60, 64, 65, 76, 81, 99, 117, 140, 154, 156, 157, 158, 160, 161, 163, 165], "summary": {"covered_lines": 33, "num_statements": 49, "percent_covered": 67.34693877551021, "percent_covered_display": "67", "missing_lines": 16, "excluded_lines": 0}, "missing_lines": [21, 34, 46, 51, 56, 61, 77, 78, 92, 110, 132, 133, 134, 135, 137, 159], "excluded_lines": []}}, "totals": {"covered_lines": 33, "num_statements": 49, "percent_covered": 67.34693877551021, "percent_covered_display": "67", "missing_lines": 16, "excluded_lines": 0}}