{"meta": {"version": "7.3.2", "timestamp": "2023-11-27T03:49:49.154571", "branch_coverage": false, "show_contexts": false}, "files": {"/input/test-apps/flutils/flutils/txtutils.py": {"executed_lines": [3, 4, 5, 6, 7, 15, 16, 20, 22, 25, 44, 45, 46, 47, 48, 49, 50, 51, 52, 53, 55, 56, 59, 60, 181, 213, 214, 217, 218, 223, 224, 229, 230, 233, 234, 239, 240, 245, 246, 249, 250, 255, 256, 261, 273, 398, 414], "summary": {"covered_lines": 45, "num_statements": 140, "percent_covered": 32.142857142857146, "percent_covered_display": "32", "missing_lines": 95, "excluded_lines": 2}, "missing_lines": [197, 198, 199, 200, 201, 202, 203, 204, 205, 206, 207, 208, 209, 210, 211, 215, 219, 220, 221, 225, 226, 227, 231, 235, 236, 237, 241, 242, 243, 247, 251, 252, 253, 257, 258, 259, 263, 271, 275, 276, 277, 278, 279, 280, 282, 283, 284, 285, 286, 287, 291, 293, 297, 298, 301, 302, 304, 306, 309, 313, 314, 316, 317, 320, 321, 322, 323, 327, 331, 332, 333, 336, 339, 340, 342, 343, 351, 356, 361, 364, 368, 369, 371, 373, 378, 380, 382, 387, 391, 392, 393, 394, 396, 412, 423], "excluded_lines": [16, 18]}}, "totals": {"covered_lines": 45, "num_statements": 140, "percent_covered": 32.142857142857146, "percent_covered_display": "32", "missing_lines": 95, "excluded_lines": 2}}