{"meta": {"version": "7.3.2", "timestamp": "2023-11-27T04:01:31.482985", "branch_coverage": true, "show_contexts": false}, "files": {"/input/test-apps/sanic/sanic/request.py": {"executed_lines": [1, 3, 15, 18, 23, 24, 26, 27, 28, 29, 31, 33, 34, 35, 36, 43, 44, 45, 48, 49, 54, 55, 60, 64, 73, 74, 78, 111, 155, 159, 160, 163, 194, 206, 207, 214, 215, 218, 219, 222, 223, 228, 229, 233, 234, 238, 239, 282, 283, 289, 299, 300, 315, 316, 340, 341, 347, 401, 403, 454, 455, 460, 461, 479, 480, 487, 488, 496, 497, 504, 505, 512, 513, 516, 517, 526, 527, 550, 551, 566, 567, 595, 596, 613, 614, 621, 622, 635, 636, 643, 644, 654, 655, 664, 697, 698, 707, 708, 709, 712, 720, 721, 723, 724, 725, 726, 727, 728, 729, 730, 731, 732, 733, 734, 736, 737, 739, 740, 741, 745, 746, 747, 750, 755, 756, 757, 759, 760, 761, 762, 763, 764, 766, 768, 771, 774, 776, 781], "summary": {"covered_lines": 135, "num_statements": 307, "percent_covered": 38.403990024937656, "percent_covered_display": "38", "missing_lines": 172, "excluded_lines": 0, "num_branches": 94, "num_partial_branches": 3, "covered_branches": 19, "missing_branches": 75}, "missing_lines": [19, 20, 21, 50, 51, 62, 70, 121, 123, 124, 125, 126, 128, 129, 130, 131, 132, 135, 136, 137, 138, 139, 140, 141, 142, 145, 148, 149, 150, 151, 152, 153, 156, 157, 161, 172, 173, 179, 180, 182, 183, 186, 187, 188, 189, 192, 203, 204, 208, 209, 210, 211, 212, 216, 220, 224, 225, 226, 230, 231, 235, 236, 264, 265, 271, 272, 273, 274, 275, 276, 277, 278, 280, 284, 285, 287, 290, 291, 292, 293, 294, 295, 297, 305, 306, 308, 309, 310, 311, 313, 317, 318, 319, 320, 323, 324, 325, 326, 329, 331, 332, 335, 336, 338, 342, 343, 345, 381, 384, 385, 397, 437, 440, 441, 450, 467, 468, 469, 470, 471, 472, 476, 477, 485, 492, 502, 510, 514, 522, 542, 543, 548, 560, 561, 564, 577, 578, 579, 580, 582, 586, 588, 590, 591, 593, 608, 609, 610, 611, 619, 632, 633, 641, 649, 650, 652, 660, 675, 676, 677, 678, 679, 681, 682, 683, 685, 688, 690, 692, 751, 754, 772], "excluded_lines": [], "executed_branches": [[18, 23], [724, 725], [724, 781], [731, 732], [731, 759], [736, 737], [736, 739], [745, 746], [745, 755], [750, 731], [755, 731], [755, 756], [759, 760], [759, 776], [761, 762], [761, 768], [763, 764], [763, 766], [771, 774]], "missing_branches": [[18, 19], [172, 173], [172, 179], [179, 180], [179, 182], [186, 187], [186, 188], [203, -194], [203, 204], [204, -204], [204, -194], [208, 209], [208, 210], [210, 211], [210, 212], [224, 225], [224, 226], [264, 265], [264, 280], [271, 272], [271, 280], [284, 285], [284, 287], [293, 294], [293, 295], [308, 309], [308, 313], [309, 310], [309, 313], [310, 309], [310, 311], [317, 318], [317, 338], [325, 326], [325, 329], [329, 331], [329, 338], [342, 343], [342, 345], [381, 384], [381, 397], [384, 385], [384, 397], [437, 440], [437, 450], [440, 441], [440, 450], [467, 468], [467, 477], [469, 470], [469, 476], [472, -472], [472, 477], [542, 543], [542, 548], [560, 561], [560, 564], [577, 578], [577, 579], [579, 580], [579, 582], [582, 586], [582, 588], [590, 591], [590, 593], [609, 610], [609, 611], [649, 650], [649, 652], [676, 677], [676, 681], [685, 688], [685, 690], [750, 751], [771, 772]]}}, "totals": {"covered_lines": 135, "num_statements": 307, "percent_covered": 38.403990024937656, "percent_covered_display": "38", "missing_lines": 172, "excluded_lines": 0, "num_branches": 94, "num_partial_branches": 3, "covered_branches": 19, "missing_branches": 75}}