{"meta": {"version": "7.3.2", "timestamp": "2023-11-27T04:49:04.610567", "branch_coverage": false, "show_contexts": false}, "files": {"/input/test-apps/dataclasses-json/dataclasses_json/api.py": {"executed_lines": [1, 2, 3, 4, 7, 10, 11, 13, 14, 15, 18, 19, 20, 21, 24, 25, 26, 27, 28, 31, 32, 37, 39, 62, 63, 78, 79, 85, 88, 89, 118, 130, 133, 134, 138], "summary": {"covered_lines": 34, "num_statements": 57, "percent_covered": 59.64912280701754, "percent_covered_display": "60", "missing_lines": 23, "excluded_lines": 0}, "missing_lines": [50, 71, 76, 83, 86, 100, 102, 103, 104, 106, 108, 131, 135, 139, 140, 144, 147, 148, 149, 150, 152, 154, 155], "excluded_lines": []}}, "totals": {"covered_lines": 34, "num_statements": 57, "percent_covered": 59.64912280701754, "percent_covered_display": "60", "missing_lines": 23, "excluded_lines": 0}}