{"meta": {"version": "7.3.2", "timestamp": "2023-11-27T03:48:42.422638", "branch_coverage": false, "show_contexts": false}, "files": {"/input/test-apps/thefuck/thefuck/specific/git.py": {"executed_lines": [1, 2, 3, 4, 7, 8], "summary": {"covered_lines": 6, "num_statements": 15, "percent_covered": 40.0, "percent_covered_display": "40", "missing_lines": 9, "excluded_lines": 0}, "missing_lines": [13, 14, 17, 18, 20, 26, 28, 30, 32], "excluded_lines": []}}, "totals": {"covered_lines": 6, "num_statements": 15, "percent_covered": 40.0, "percent_covered_display": "40", "missing_lines": 9, "excluded_lines": 0}}