{"meta": {"version": "7.3.2", "timestamp": "2023-11-27T04:01:16.386040", "branch_coverage": true, "show_contexts": false}, "files": {"/input/test-apps/sanic/sanic/response.py": {"executed_lines": [1, 2, 3, 4, 5, 16, 17, 19, 20, 21, 22, 23, 24, 27, 28, 37, 38, 42, 44, 53, 60, 61, 81, 82, 102, 125, 128, 129, 163, 171, 193, 200, 207, 208, 221, 223, 239, 251, 277, 301, 323, 349, 392, 459, 499], "summary": {"covered_lines": 42, "num_statements": 152, "percent_covered": 20.58823529411765, "percent_covered_display": "21", "missing_lines": 110, "excluded_lines": 0, "num_branches": 52, "num_partial_branches": 0, "covered_branches": 0, "missing_branches": 52}, "missing_lines": [29, 32, 34, 45, 46, 47, 48, 49, 50, 51, 54, 55, 56, 77, 78, 79, 92, 93, 94, 95, 97, 113, 114, 115, 116, 117, 122, 179, 180, 185, 187, 188, 189, 190, 191, 198, 201, 202, 203, 204, 230, 232, 233, 234, 235, 236, 248, 267, 268, 269, 291, 292, 296, 315, 335, 336, 337, 338, 339, 341, 365, 366, 367, 370, 372, 373, 374, 375, 376, 379, 381, 383, 384, 412, 413, 418, 419, 420, 423, 424, 425, 426, 427, 428, 430, 431, 433, 434, 435, 436, 437, 438, 439, 440, 441, 442, 443, 445, 446, 447, 448, 449, 451, 485, 486, 491, 514, 517, 520, 522], "excluded_lines": [], "executed_branches": [], "missing_branches": [[54, 55], [54, 56], [77, 78], [77, 79], [92, 93], [92, 94], [94, 95], [94, 97], [97, -97], [97, -81], [113, 114], [113, 115], [115, 116], [115, 117], [179, 180], [179, 185], [201, 202], [201, 204], [267, 268], [267, 269], [291, 292], [291, 296], [335, 336], [335, 341], [336, 337], [336, 338], [338, 339], [338, 341], [366, 367], [366, 370], [372, 373], [372, 383], [373, 374], [373, 381], [412, 413], [412, 418], [419, 420], [419, 423], [425, 426], [425, 433], [434, -433], [434, 435], [435, 436], [435, 445], [438, 434], [438, 439], [440, 441], [440, 442], [447, 448], [447, 449], [485, 486], [485, 491]]}}, "totals": {"covered_lines": 42, "num_statements": 152, "percent_covered": 20.58823529411765, "percent_covered_display": "21", "missing_lines": 110, "excluded_lines": 0, "num_branches": 52, "num_partial_branches": 0, "covered_branches": 0, "missing_branches": 52}}