{"meta": {"version": "7.3.2", "timestamp": "2023-11-27T04:47:35.325367", "branch_coverage": false, "show_contexts": false}, "files": {"/input/test-apps/flutes/flutes/structure.py": {"executed_lines": [1, 2, 4, 12, 13, 16, 35, 36, 39, 49, 50, 60, 61, 74, 75, 82, 84, 85, 86, 87, 90, 91, 93, 94, 95, 96, 99, 100], "summary": {"covered_lines": 28, "num_statements": 53, "percent_covered": 52.83018867924528, "percent_covered_display": "53", "missing_lines": 25, "excluded_lines": 0}, "missing_lines": [32, 46, 55, 57, 67, 68, 69, 70, 71, 83, 88, 112, 113, 114, 115, 116, 117, 118, 119, 121, 122, 124, 125, 126, 127], "excluded_lines": []}}, "totals": {"covered_lines": 28, "num_statements": 53, "percent_covered": 52.83018867924528, "percent_covered_display": "53", "missing_lines": 25, "excluded_lines": 0}}