{"meta": {"version": "7.3.2", "timestamp": "2023-11-27T03:49:36.157977", "branch_coverage": false, "show_contexts": false}, "files": {"/input/test-apps/flutils/flutils/codecs/b64.py": {"executed_lines": [1, 2, 3, 4, 5, 6, 12, 17, 36, 39, 40, 48, 49, 50, 62, 66, 95, 99, 110], "summary": {"covered_lines": 19, "num_statements": 33, "percent_covered": 57.57575757575758, "percent_covered_display": "58", "missing_lines": 14, "excluded_lines": 0}, "missing_lines": [51, 52, 84, 87, 90, 92, 100, 101, 106, 107, 112, 113, 114, 115], "excluded_lines": []}}, "totals": {"covered_lines": 19, "num_statements": 33, "percent_covered": 57.57575757575758, "percent_covered_display": "58", "missing_lines": 14, "excluded_lines": 0}}