{"meta": {"version": "7.3.2", "timestamp": "2023-11-27T03:40:48.106730", "branch_coverage": true, "show_contexts": false}, "files": {"/input/test-apps/scrapy/scrapy/utils/defer.py": {"executed_lines": [1, 4, 5, 6, 8, 9, 11, 12, 15, 28, 35, 36, 37, 38, 41, 50, 67, 78, 87, 103, 113, 127, 142, 154], "summary": {"covered_lines": 23, "num_statements": 88, "percent_covered": 18.852459016393443, "percent_covered_display": "19", "missing_lines": 65, "excluded_lines": 0, "num_branches": 34, "num_partial_branches": 0, "covered_branches": 0, "missing_branches": 34}, "missing_lines": [22, 23, 24, 25, 42, 43, 44, 45, 47, 54, 55, 59, 60, 61, 62, 64, 73, 74, 75, 80, 81, 82, 83, 84, 89, 90, 91, 96, 97, 99, 100, 107, 108, 109, 110, 117, 118, 119, 120, 121, 122, 123, 124, 129, 130, 131, 132, 135, 138, 139, 148, 149, 150, 151, 156, 157, 158, 159, 161, 162, 163, 164, 165, 166, 168], "excluded_lines": [], "executed_branches": [], "missing_branches": [[42, 43], [42, 44], [44, 45], [44, 47], [59, 60], [59, 61], [74, -74], [74, 75], [75, -75], [75, -67], [81, 82], [81, 83], [90, 91], [90, 96], [96, 97], [96, 99], [107, -107], [107, 108], [109, -109], [109, 110], [121, 122], [121, 123], [129, 130], [129, 131], [131, 132], [131, 139], [132, 135], [132, 138], [161, 162], [161, 163], [163, 164], [163, 165], [165, 166], [165, 168]]}}, "totals": {"covered_lines": 23, "num_statements": 88, "percent_covered": 18.852459016393443, "percent_covered_display": "19", "missing_lines": 65, "excluded_lines": 0, "num_branches": 34, "num_partial_branches": 0, "covered_branches": 0, "missing_branches": 34}}