{"meta": {"version": "7.3.2", "timestamp": "2023-11-27T03:45:45.230254", "branch_coverage": true, "show_contexts": false}, "files": {"/input/test-apps/scrapy/scrapy/utils/decorators.py": {"executed_lines": [1, 2, 4, 6, 9, 14, 15, 16, 17, 18, 20, 21, 22, 24, 25, 26, 27, 30, 38], "summary": {"covered_lines": 19, "num_statements": 28, "percent_covered": 68.75, "percent_covered_display": "69", "missing_lines": 9, "excluded_lines": 0, "num_branches": 4, "num_partial_branches": 1, "covered_branches": 3, "missing_branches": 1}, "missing_lines": [19, 32, 33, 34, 35, 42, 43, 44, 45], "excluded_lines": [], "executed_branches": [[18, 20], [24, 25], [24, 27]], "missing_branches": [[18, 19]]}}, "totals": {"covered_lines": 19, "num_statements": 28, "percent_covered": 68.75, "percent_covered_display": "69", "missing_lines": 9, "excluded_lines": 0, "num_branches": 4, "num_partial_branches": 1, "covered_branches": 3, "missing_branches": 1}}