{"meta": {"version": "7.3.2", "timestamp": "2023-11-27T04:30:11.437173", "branch_coverage": true, "show_contexts": false}, "files": {"/input/test-apps/tornado/tornado/websocket.py": {"executed_lines": [1, 19, 20, 21, 22, 23, 24, 25, 26, 27, 28, 29, 31, 32, 33, 34, 35, 36, 37, 38, 39, 40, 42, 55, 57, 102, 105, 106, 109, 110, 115, 118, 119, 122, 123, 136, 137, 218, 231, 283, 284, 291, 292, 299, 300, 312, 342, 367, 368, 376, 400, 416, 427, 448, 452, 456, 469, 489, 545, 562, 571, 578, 587, 597, 609, 624, 628, 629, 632, 638, 659, 662, 670, 671, 674, 675, 678, 679, 682, 683, 688, 689, 690, 693, 694, 701, 702, 707, 708, 711, 712, 715, 716, 720, 721, 756, 761, 768, 769, 793, 796, 806, 807, 814, 815, 816, 817, 818, 819, 821, 823, 860, 861, 864, 865, 868, 888, 898, 899, 908, 913, 964, 972, 993, 1013, 1042, 1075, 1108, 1113, 1121, 1126, 1209, 1260, 1292, 1301, 1302, 1308, 1309, 1316, 1326, 1353, 1357, 1358, 1364, 1366, 1427, 1443, 1450, 1457, 1466, 1496, 1510, 1530, 1533, 1542, 1561, 1564, 1567, 1570, 1571, 1578, 1589], "summary": {"covered_lines": 156, "num_statements": 736, "percent_covered": 16.337148803329864, "percent_covered_display": "16", "missing_lines": 580, "excluded_lines": 0, "num_branches": 225, "num_partial_branches": 1, "covered_branches": 1, "missing_branches": 224}, "missing_lines": [58, 62, 63, 64, 66, 67, 69, 70, 72, 73, 75, 79, 82, 84, 85, 87, 88, 90, 91, 93, 99, 130, 131, 132, 133, 224, 225, 226, 227, 228, 229, 232, 233, 236, 237, 238, 239, 240, 241, 246, 247, 250, 251, 252, 253, 254, 255, 261, 262, 264, 269, 270, 271, 272, 273, 274, 276, 277, 278, 280, 281, 289, 297, 308, 336, 337, 338, 339, 340, 365, 373, 374, 398, 414, 425, 443, 444, 445, 446, 450, 454, 467, 485, 486, 487, 536, 537, 538, 540, 543, 559, 560, 563, 564, 565, 566, 567, 568, 569, 574, 575, 576, 584, 585, 588, 589, 595, 598, 599, 600, 606, 607, 611, 620, 621, 625, 633, 634, 635, 636, 646, 647, 648, 649, 650, 651, 653, 654, 655, 656, 657, 660, 664, 665, 666, 667, 668, 672, 676, 680, 686, 691, 695, 705, 709, 713, 717, 727, 728, 730, 731, 736, 738, 742, 744, 746, 747, 749, 751, 752, 754, 757, 762, 763, 764, 765, 776, 777, 778, 779, 780, 785, 786, 787, 791, 794, 797, 798, 801, 802, 803, 829, 830, 831, 832, 833, 834, 835, 836, 837, 838, 839, 840, 841, 842, 843, 847, 848, 851, 852, 853, 854, 855, 856, 857, 862, 866, 869, 870, 871, 872, 873, 874, 875, 876, 878, 879, 880, 881, 882, 883, 884, 885, 886, 894, 895, 896, 903, 904, 905, 906, 909, 914, 915, 916, 918, 919, 920, 921, 922, 924, 925, 926, 929, 930, 936, 937, 941, 943, 944, 945, 946, 947, 948, 950, 952, 953, 954, 955, 956, 957, 958, 959, 960, 962, 967, 968, 969, 970, 979, 980, 981, 982, 984, 985, 986, 987, 989, 991, 1002, 1005, 1006, 1007, 1009, 1010, 1011, 1020, 1028, 1029, 1030, 1031, 1032, 1035, 1045, 1046, 1049, 1050, 1051, 1052, 1053, 1054, 1056, 1057, 1058, 1059, 1061, 1062, 1063, 1064, 1065, 1067, 1068, 1069, 1070, 1071, 1072, 1073, 1079, 1080, 1082, 1083, 1084, 1085, 1086, 1087, 1088, 1089, 1095, 1096, 1097, 1098, 1100, 1101, 1102, 1103, 1104, 1106, 1110, 1111, 1114, 1115, 1116, 1117, 1118, 1119, 1122, 1123, 1124, 1128, 1129, 1130, 1131, 1132, 1133, 1134, 1138, 1139, 1140, 1142, 1143, 1144, 1145, 1148, 1150, 1151, 1152, 1153, 1154, 1155, 1156, 1157, 1158, 1159, 1160, 1161, 1162, 1163, 1164, 1165, 1166, 1169, 1170, 1171, 1172, 1173, 1174, 1177, 1181, 1183, 1184, 1185, 1186, 1188, 1189, 1190, 1191, 1192, 1193, 1194, 1196, 1198, 1199, 1200, 1201, 1202, 1204, 1205, 1206, 1207, 1211, 1212, 1214, 1215, 1216, 1217, 1218, 1219, 1220, 1221, 1223, 1225, 1226, 1227, 1228, 1229, 1230, 1231, 1232, 1234, 1235, 1236, 1238, 1239, 1240, 1241, 1242, 1244, 1245, 1247, 1248, 1249, 1250, 1251, 1252, 1254, 1255, 1257, 1258, 1262, 1263, 1264, 1265, 1266, 1267, 1269, 1270, 1271, 1272, 1273, 1274, 1275, 1276, 1277, 1278, 1279, 1280, 1281, 1282, 1285, 1288, 1289, 1290, 1299, 1303, 1304, 1305, 1306, 1310, 1311, 1312, 1313, 1314, 1318, 1319, 1320, 1321, 1324, 1331, 1332, 1333, 1338, 1339, 1340, 1341, 1342, 1343, 1347, 1348, 1350, 1351, 1354, 1376, 1377, 1378, 1379, 1380, 1381, 1382, 1389, 1390, 1391, 1392, 1400, 1401, 1402, 1408, 1413, 1415, 1416, 1439, 1440, 1441, 1444, 1445, 1446, 1447, 1448, 1453, 1454, 1455, 1458, 1459, 1460, 1462, 1471, 1472, 1473, 1474, 1476, 1477, 1478, 1480, 1481, 1482, 1483, 1485, 1486, 1492, 1494, 1508, 1525, 1526, 1527, 1528, 1531, 1536, 1537, 1538, 1540, 1556, 1557, 1558, 1559, 1562, 1565, 1568, 1576, 1584, 1585, 1586, 1643, 1644, 1645, 1648, 1650, 1651, 1655, 1664, 1665, 1666], "excluded_lines": [], "executed_branches": [[57, 102]], "missing_branches": [[57, 58], [236, 237], [236, 246], [247, -247], [247, 250], [250, 251], [250, 261], [261, 262], [261, 264], [269, 270], [269, 276], [277, 278], [277, 280], [336, 337], [336, 338], [338, 339], [338, 340], [444, 445], [444, 446], [485, -469], [485, 486], [563, 564], [563, 566], [566, -562], [566, 567], [584, -578], [584, 585], [588, 589], [588, 595], [599, 600], [599, 607], [611, 620], [611, 621], [653, 654], [653, 657], [656, -656], [656, 657], [666, 667], [666, 668], [727, 728], [727, 730], [730, 731], [730, 736], [738, 742], [738, 744], [746, 747], [746, 749], [751, 752], [751, 754], [777, 778], [777, 779], [779, 780], [779, 785], [786, 787], [786, 791], [801, 802], [801, 803], [880, 881], [880, 883], [895, -895], [895, -888], [895, 896], [915, 916], [915, 918], [916, -916], [916, 919], [920, 921], [920, 924], [925, 926], [925, 943], [926, 925], [926, 929], [930, 936], [930, 937], [955, 956], [955, 962], [968, 969], [968, 970], [969, -969], [969, -964], [985, 986], [985, 991], [986, 987], [986, 989], [1006, 1007], [1006, 1009], [1028, 1029], [1028, 1031], [1029, 1028], [1029, 1030], [1046, 1049], [1046, 1053], [1049, 1050], [1049, 1051], [1051, 1052], [1051, 1053], [1053, 1054], [1053, 1056], [1058, 1059], [1058, 1061], [1062, 1063], [1062, 1064], [1064, 1065], [1064, 1067], [1068, 1069], [1068, 1071], [1079, 1080], [1079, 1082], [1087, 1088], [1087, 1095], [1115, 1116], [1115, 1119], [1134, 1138], [1134, 1140], [1140, 1142], [1140, 1144], [1148, 1150], [1148, 1152], [1152, 1153], [1152, 1154], [1154, 1155], [1154, 1157], [1157, 1158], [1157, 1160], [1161, 1162], [1161, 1163], [1163, 1164], [1163, 1169], [1169, 1170], [1169, 1171], [1172, 1173], [1172, 1177], [1177, 1181], [1177, 1185], [1181, 1183], [1181, 1204], [1185, 1186], [1185, 1196], [1186, 1188], [1186, 1190], [1191, 1192], [1191, 1204], [1196, 1198], [1196, 1200], [1200, 1201], [1200, 1204], [1204, -1126], [1204, 1205], [1206, -1126], [1206, 1207], [1211, 1212], [1211, 1214], [1214, 1215], [1214, 1223], [1223, 1225], [1223, 1232], [1232, 1234], [1232, 1236], [1236, 1238], [1236, 1245], [1239, 1240], [1239, 1241], [1241, 1242], [1241, 1244], [1245, 1247], [1245, 1252], [1252, 1254], [1252, 1257], [1262, 1263], [1262, 1277], [1263, 1264], [1263, 1276], [1264, 1265], [1264, 1266], [1266, 1267], [1266, 1269], [1270, 1271], [1270, 1272], [1277, 1278], [1277, 1282], [1278, 1279], [1278, 1281], [1282, 1285], [1282, 1288], [1288, -1260], [1288, 1289], [1304, 1305], [1304, 1306], [1311, 1312], [1311, 1313], [1319, -1316], [1319, 1320], [1331, 1332], [1331, 1338], [1343, 1347], [1343, 1350], [1400, 1401], [1400, 1402], [1402, 1408], [1402, 1413], [1416, -1416], [1416, -1366], [1439, -1427], [1439, 1440], [1444, 1445], [1444, 1446], [1458, -1457], [1458, 1459], [1459, 1460], [1459, 1462], [1472, 1473], [1472, 1476], [1476, 1477], [1476, 1480], [1526, 1527], [1526, 1528], [1536, 1537], [1536, 1540], [1557, 1558], [1557, 1559], [1643, 1644], [1643, 1650], [1664, 1665], [1664, 1666]]}}, "totals": {"covered_lines": 156, "num_statements": 736, "percent_covered": 16.337148803329864, "percent_covered_display": "16", "missing_lines": 580, "excluded_lines": 0, "num_branches": 225, "num_partial_branches": 1, "covered_branches": 1, "missing_branches": 224}}