{"meta": {"version": "7.3.2", "timestamp": "2023-11-27T03:26:45.497682", "branch_coverage": false, "show_contexts": false}, "files": {"/input/test-apps/python-string-utils/string_utils/manipulation.py": {"executed_lines": [4, 21, 22, 23, 24, 25, 26, 28, 29, 30, 36, 38, 50, 52, 53, 78, 79, 108, 109, 116, 117, 159, 161, 162, 172, 173, 195, 196, 212, 213, 219, 222, 225, 229, 232, 235, 238, 241, 246, 247, 250, 282, 300, 324, 341, 344, 345, 347, 349, 350, 352, 354, 357, 382, 405, 433, 462, 500, 529, 561, 598, 611, 637], "summary": {"covered_lines": 63, "num_statements": 201, "percent_covered": 31.34328358208955, "percent_covered_display": "31", "missing_lines": 138, "excluded_lines": 0}, "missing_lines": [55, 56, 59, 60, 63, 64, 67, 68, 71, 72, 73, 76, 81, 83, 84, 86, 88, 89, 91, 92, 95, 97, 100, 104, 106, 110, 111, 112, 114, 118, 119, 122, 125, 128, 131, 133, 136, 142, 145, 146, 152, 154, 156, 163, 164, 166, 167, 169, 170, 174, 176, 177, 180, 183, 188, 191, 193, 197, 201, 204, 207, 209, 214, 215, 217, 220, 223, 226, 227, 230, 233, 236, 239, 242, 248, 252, 253, 256, 257, 260, 261, 263, 264, 265, 266, 267, 268, 269, 270, 271, 274, 275, 277, 294, 295, 297, 315, 316, 318, 319, 321, 342, 369, 370, 373, 376, 379, 397, 398, 400, 402, 429, 430, 447, 448, 451, 454, 457, 459, 485, 486, 489, 492, 495, 497, 523, 524, 526, 551, 552, 554, 555, 556, 558, 595, 608, 634, 649], "excluded_lines": []}}, "totals": {"covered_lines": 63, "num_statements": 201, "percent_covered": 31.34328358208955, "percent_covered_display": "31", "missing_lines": 138, "excluded_lines": 0}}