{"meta": {"version": "7.3.2", "timestamp": "2023-11-27T03:51:26.926120", "branch_coverage": false, "show_contexts": false}, "files": {"/input/test-apps/flutils/flutils/objutils.py": {"executed_lines": [1, 5, 10, 13, 23, 36, 61, 88, 109, 110, 111, 112, 116, 138, 139, 140, 141, 142, 143, 146, 206], "summary": {"covered_lines": 21, "num_statements": 37, "percent_covered": 56.75675675675676, "percent_covered_display": "57", "missing_lines": 16, "excluded_lines": 0}, "missing_lines": [55, 56, 57, 58, 81, 82, 83, 84, 85, 201, 202, 203, 228, 229, 230, 231], "excluded_lines": []}}, "totals": {"covered_lines": 21, "num_statements": 37, "percent_covered": 56.75675675675676, "percent_covered_display": "57", "missing_lines": 16, "excluded_lines": 0}}