{"meta": {"version": "7.3.2", "timestamp": "2023-11-27T04:50:49.202320", "branch_coverage": false, "show_contexts": false}, "files": {"/input/test-apps/PySnooper/pysnooper/utils.py": {"executed_lines": [4, 5, 7, 8, 10, 23, 24, 25, 28, 29, 36, 44, 50, 59, 62, 64, 67, 81, 90], "summary": {"covered_lines": 19, "num_statements": 58, "percent_covered": 32.758620689655174, "percent_covered_display": "33", "missing_lines": 39, "excluded_lines": 0}, "missing_lines": [11, 12, 13, 14, 15, 16, 17, 19, 20, 26, 30, 31, 32, 45, 51, 52, 53, 54, 55, 56, 68, 69, 70, 71, 72, 73, 74, 75, 76, 77, 78, 82, 83, 85, 86, 87, 91, 93, 95], "excluded_lines": []}}, "totals": {"covered_lines": 19, "num_statements": 58, "percent_covered": 32.758620689655174, "percent_covered_display": "33", "missing_lines": 39, "excluded_lines": 0}}