{"meta": {"version": "7.3.2", "timestamp": "2023-11-27T03:58:19.576616", "branch_coverage": false, "show_contexts": false}, "files": {"/input/test-apps/python-semantic-release/semantic_release/ci_checks.py": {"executed_lines": [1, 3, 4, 6, 9, 18, 19, 20, 21, 27, 30, 31, 42, 43, 55, 56, 67, 68, 79, 80, 91, 92, 103, 104, 118], "summary": {"covered_lines": 24, "num_statements": 56, "percent_covered": 42.857142857142854, "percent_covered_display": "43", "missing_lines": 32, "excluded_lines": 0}, "missing_lines": [22, 23, 38, 39, 50, 51, 52, 63, 64, 75, 76, 87, 99, 100, 112, 113, 114, 115, 125, 126, 127, 128, 129, 130, 131, 132, 133, 134, 135, 136, 137, 138], "excluded_lines": []}}, "totals": {"covered_lines": 24, "num_statements": 56, "percent_covered": 42.857142857142854, "percent_covered_display": "43", "missing_lines": 32, "excluded_lines": 0}}