{"meta": {"version": "7.3.2", "timestamp": "2023-11-27T03:39:08.171314", "branch_coverage": true, "show_contexts": false}, "files": {"/input/test-apps/scrapy/scrapy/loader/common.py": {"executed_lines": [1, 3, 5, 7, 10, 14, 21], "summary": {"covered_lines": 6, "num_statements": 6, "percent_covered": 100.0, "percent_covered_display": "100", "missing_lines": 0, "excluded_lines": 0, "num_branches": 0, "num_partial_branches": 0, "covered_branches": 0, "missing_branches": 0}, "missing_lines": [], "excluded_lines": [], "executed_branches": [], "missing_branches": []}}, "totals": {"covered_lines": 6, "num_statements": 6, "percent_covered": 100.0, "percent_covered_display": "100", "missing_lines": 0, "excluded_lines": 0, "num_branches": 0, "num_partial_branches": 0, "covered_branches": 0, "missing_branches": 0}}