{"meta": {"version": "7.3.2", "timestamp": "2023-11-27T03:51:16.903595", "branch_coverage": false, "show_contexts": false}, "files": {"/input/test-apps/flutils/flutils/objutils.py": {"executed_lines": [1, 5, 10, 13, 23, 36, 55, 56, 57, 58, 61, 81, 82, 83, 84, 85, 88, 116, 146, 206], "summary": {"covered_lines": 20, "num_statements": 37, "percent_covered": 54.054054054054056, "percent_covered_display": "54", "missing_lines": 17, "excluded_lines": 0}, "missing_lines": [109, 110, 111, 112, 138, 139, 140, 141, 142, 143, 201, 202, 203, 228, 229, 230, 231], "excluded_lines": []}}, "totals": {"covered_lines": 20, "num_statements": 37, "percent_covered": 54.054054054054056, "percent_covered_display": "54", "missing_lines": 17, "excluded_lines": 0}}