{"meta": {"version": "7.3.2", "timestamp": "2023-11-27T03:56:37.498359", "branch_coverage": false, "show_contexts": false}, "files": {"/input/test-apps/python-semantic-release/semantic_release/hvcs.py": {"executed_lines": [1, 3, 4, 5, 6, 8, 9, 10, 11, 13, 14, 15, 17, 20, 23, 24, 25, 28, 29, 32, 33, 36, 37, 40, 41, 46, 47, 52, 64, 67, 68, 72, 75, 82, 85, 90, 91, 93, 94, 96, 97, 106, 107, 118, 119, 124, 126, 127, 137, 138, 145, 146, 147, 168, 169, 170, 198, 199, 200, 221, 222, 223, 245, 246, 247, 274, 275, 276, 316, 317, 345, 346, 348, 349, 357, 358, 365, 366, 373, 374, 375, 399, 400, 401, 429, 430, 435, 436, 437, 442, 455, 469, 484, 493, 502, 508], "summary": {"covered_lines": 92, "num_statements": 212, "percent_covered": 43.39622641509434, "percent_covered_display": "43", "missing_lines": 120, "excluded_lines": 0}, "missing_lines": [26, 30, 34, 38, 44, 49, 73, 76, 83, 86, 87, 102, 103, 104, 114, 115, 116, 132, 133, 134, 135, 141, 142, 143, 158, 159, 160, 163, 164, 165, 166, 182, 183, 193, 194, 195, 196, 211, 212, 215, 216, 217, 218, 219, 235, 236, 240, 241, 242, 243, 259, 260, 261, 263, 264, 265, 266, 267, 268, 270, 272, 291, 293, 294, 295, 297, 298, 307, 311, 312, 313, 314, 329, 330, 331, 332, 335, 336, 337, 339, 340, 342, 354, 355, 363, 371, 384, 385, 386, 387, 388, 389, 390, 393, 394, 395, 396, 397, 413, 414, 415, 416, 417, 418, 419, 420, 421, 422, 423, 424, 426, 438, 439, 451, 452, 465, 466, 481, 490, 499], "excluded_lines": []}}, "totals": {"covered_lines": 92, "num_statements": 212, "percent_covered": 43.39622641509434, "percent_covered_display": "43", "missing_lines": 120, "excluded_lines": 0}}