{"meta": {"version": "7.3.2", "timestamp": "2023-11-27T03:34:27.777785", "branch_coverage": true, "show_contexts": false}, "files": {"/input/test-apps/scrapy/scrapy/utils/template.py": {"executed_lines": [1, 3, 4, 5, 8, 23, 26, 36], "summary": {"covered_lines": 7, "num_statements": 15, "percent_covered": 33.333333333333336, "percent_covered_display": "33", "missing_lines": 8, "excluded_lines": 0, "num_branches": 6, "num_partial_branches": 0, "covered_branches": 0, "missing_branches": 6}, "missing_lines": [9, 10, 12, 14, 16, 17, 19, 20], "excluded_lines": [], "executed_branches": [], "missing_branches": [[9, 10], [9, 12], [16, 17], [16, 19], [19, -8], [19, 20]]}}, "totals": {"covered_lines": 7, "num_statements": 15, "percent_covered": 33.333333333333336, "percent_covered_display": "33", "missing_lines": 8, "excluded_lines": 0, "num_branches": 6, "num_partial_branches": 0, "covered_branches": 0, "missing_branches": 6}}