{"meta": {"version": "7.3.2", "timestamp": "2023-11-27T03:39:12.677616", "branch_coverage": true, "show_contexts": false}, "files": {"/input/test-apps/scrapy/scrapy/downloadermiddlewares/ajaxcrawl.py": {"executed_lines": [1, 2, 4, 6, 7, 10, 13, 14, 19, 29, 30, 33, 57, 67, 70, 85, 86, 87, 90, 91, 92, 93], "summary": {"covered_lines": 21, "num_statements": 40, "percent_covered": 44.44444444444444, "percent_covered_display": "44", "missing_lines": 19, "excluded_lines": 0, "num_branches": 14, "num_partial_branches": 1, "covered_branches": 3, "missing_branches": 11}, "missing_lines": [20, 21, 27, 31, 35, 36, 38, 40, 42, 43, 45, 46, 49, 50, 54, 55, 62, 63, 88], "excluded_lines": [], "executed_branches": [[85, 86], [85, 87], [87, 90]], "missing_branches": [[20, 21], [20, 27], [35, 36], [35, 38], [38, 40], [38, 42], [42, 43], [42, 45], [45, 46], [45, 49], [87, 88]]}}, "totals": {"covered_lines": 21, "num_statements": 40, "percent_covered": 44.44444444444444, "percent_covered_display": "44", "missing_lines": 19, "excluded_lines": 0, "num_branches": 14, "num_partial_branches": 1, "covered_branches": 3, "missing_branches": 11}}