{"meta": {"version": "7.3.2", "timestamp": "2023-11-27T04:09:58.656360", "branch_coverage": false, "show_contexts": false}, "files": {"/input/test-apps/luigi/luigi/execution_summary.py": {"executed_lines": [17, 24, 25, 26, 27, 29, 32, 33, 36, 37, 55, 56, 57, 58, 59, 60, 61, 64, 65, 76, 84, 87, 91, 96, 97, 98, 99, 100, 102, 103, 104, 105, 107, 109, 110, 111, 112, 113, 114, 115, 118, 125, 134, 165, 225, 229, 244, 251, 257, 271, 286, 290, 297, 301, 318, 333, 334, 350, 358, 376, 390, 397, 443, 450, 471, 481], "summary": {"covered_lines": 64, "num_statements": 271, "percent_covered": 23.616236162361623, "percent_covered_display": "24", "missing_lines": 207, "excluded_lines": 0}, "missing_lines": [77, 78, 79, 80, 81, 82, 85, 88, 122, 129, 130, 131, 138, 139, 140, 141, 142, 143, 144, 145, 146, 147, 148, 149, 150, 151, 152, 153, 154, 155, 156, 157, 158, 159, 162, 169, 171, 172, 173, 174, 175, 176, 177, 179, 181, 182, 183, 184, 185, 186, 187, 192, 193, 194, 195, 196, 197, 198, 200, 201, 203, 204, 205, 206, 207, 208, 209, 210, 211, 212, 213, 214, 215, 216, 217, 218, 219, 220, 221, 222, 226, 230, 231, 232, 233, 234, 235, 237, 238, 239, 240, 241, 245, 246, 247, 248, 252, 253, 254, 261, 262, 263, 264, 265, 266, 267, 268, 272, 273, 274, 275, 276, 277, 278, 279, 280, 281, 282, 283, 287, 291, 292, 294, 298, 305, 306, 307, 308, 309, 310, 314, 354, 355, 362, 363, 364, 365, 366, 367, 368, 369, 370, 371, 372, 373, 382, 383, 384, 385, 386, 387, 391, 392, 393, 394, 398, 399, 400, 401, 402, 407, 408, 409, 410, 411, 412, 413, 414, 415, 416, 417, 418, 419, 420, 421, 422, 423, 424, 425, 426, 427, 428, 429, 433, 434, 435, 436, 437, 438, 439, 440, 447, 454, 455, 456, 458, 459, 460, 461, 462, 463, 464, 465, 466, 468, 472, 486], "excluded_lines": []}, "luigi/__main__.py": {"executed_lines": [], "summary": {"covered_lines": 0, "num_statements": 3, "percent_covered": 0.0, "percent_covered_display": "0", "missing_lines": 3, "excluded_lines": 0}, "missing_lines": [17, 19, 20], "excluded_lines": []}, "luigi/__meta__.py": {"executed_lines": [], "summary": {"covered_lines": 0, "num_statements": 6, "percent_covered": 0.0, "percent_covered_display": "0", "missing_lines": 6, "excluded_lines": 0}, "missing_lines": [3, 7, 8, 9, 10, 11], "excluded_lines": []}, "luigi/batch_notifier.py": {"executed_lines": [], "summary": {"covered_lines": 0, "num_statements": 137, "percent_covered": 0.0, "percent_covered_display": "0", "missing_lines": 137, "excluded_lines": 0}, "missing_lines": [6, 7, 8, 11, 12, 13, 16, 17, 19, 25, 27, 29, 33, 34, 35, 36, 38, 39, 40, 41, 42, 45, 46, 49, 50, 51, 52, 55, 56, 57, 58, 59, 60, 61, 62, 64, 65, 66, 68, 70, 71, 73, 74, 75, 76, 77, 78, 79, 80, 82, 85, 86, 87, 88, 90, 92, 93, 94, 95, 96, 98, 99, 100, 105, 106, 108, 109, 110, 111, 113, 115, 116, 118, 119, 120, 121, 122, 124, 125, 126, 127, 128, 130, 131, 132, 133, 134, 135, 137, 138, 139, 141, 142, 143, 144, 146, 147, 148, 149, 150, 151, 153, 154, 156, 157, 161, 162, 163, 164, 165, 166, 167, 168, 170, 172, 173, 174, 175, 176, 181, 182, 183, 184, 186, 187, 189, 190, 191, 192, 200, 201, 202, 203, 204, 206, 207, 208], "excluded_lines": []}, "luigi/cmdline.py": {"executed_lines": [], "summary": {"covered_lines": 0, "num_statements": 26, "percent_covered": 0.0, "percent_covered_display": "0", "missing_lines": 26, "excluded_lines": 0}, "missing_lines": [1, 2, 4, 5, 8, 9, 12, 13, 14, 15, 16, 17, 18, 19, 20, 21, 22, 23, 25, 27, 28, 29, 31, 32, 33, 37], "excluded_lines": []}, "luigi/cmdline_parser.py": {"executed_lines": [], "summary": {"covered_lines": 0, "num_statements": 69, "percent_covered": 0.0, "percent_covered_display": "0", "missing_lines": 69, "excluded_lines": 0}, "missing_lines": [17, 22, 23, 24, 25, 28, 35, 37, 38, 40, 42, 43, 44, 48, 49, 50, 51, 52, 53, 54, 56, 57, 59, 63, 64, 67, 68, 69, 71, 72, 73, 76, 77, 78, 80, 81, 82, 86, 92, 93, 94, 95, 96, 97, 101, 102, 103, 108, 110, 114, 116, 120, 122, 127, 128, 129, 130, 131, 133, 135, 136, 140, 141, 142, 144, 145, 149, 150, 151], "excluded_lines": []}, "luigi/configuration/base_parser.py": {"executed_lines": [], "summary": {"covered_lines": 0, "num_statements": 16, "percent_covered": 0.0, "percent_covered_display": "0", "missing_lines": 16, "excluded_lines": 0}, "missing_lines": [17, 23, 24, 25, 27, 28, 29, 30, 32, 34, 35, 36, 37, 39, 40, 41], "excluded_lines": []}, "luigi/configuration/cfg_parser.py": {"executed_lines": [], "summary": {"covered_lines": 0, "num_statements": 108, "percent_covered": 0.0, "percent_covered_display": "0", "missing_lines": 108, "excluded_lines": 0}, "missing_lines": [18, 32, 33, 34, 36, 37, 39, 42, 47, 48, 52, 55, 60, 62, 63, 65, 66, 67, 68, 69, 70, 71, 72, 73, 74, 75, 76, 77, 79, 80, 81, 82, 83, 86, 93, 94, 96, 97, 98, 99, 101, 102, 103, 104, 106, 107, 108, 109, 111, 112, 113, 114, 117, 118, 119, 120, 121, 127, 129, 130, 132, 133, 134, 138, 140, 148, 149, 151, 152, 153, 155, 156, 157, 159, 160, 161, 162, 163, 164, 166, 167, 169, 177, 178, 179, 182, 183, 184, 186, 187, 189, 191, 192, 194, 195, 197, 198, 200, 201, 203, 204, 206, 208, 209, 211, 212, 213, 215], "excluded_lines": []}, "luigi/configuration/core.py": {"executed_lines": [], "summary": {"covered_lines": 0, "num_statements": 37, "percent_covered": 0.0, "percent_covered_display": "0", "missing_lines": 37, "excluded_lines": 0}, "missing_lines": [17, 18, 19, 21, 22, 25, 28, 36, 37, 38, 39, 40, 43, 44, 45, 50, 53, 56, 57, 58, 61, 64, 65, 66, 69, 70, 71, 73, 74, 76, 77, 78, 83, 86, 87, 90, 91], "excluded_lines": []}, "luigi/configuration/toml_parser.py": {"executed_lines": [], "summary": {"covered_lines": 0, "num_statements": 57, "percent_covered": 0.0, "percent_covered_display": "0", "missing_lines": 57, "excluded_lines": 0}, "missing_lines": [17, 19, 20, 21, 22, 24, 25, 28, 29, 30, 31, 32, 33, 38, 39, 40, 41, 42, 43, 44, 45, 46, 47, 48, 50, 51, 52, 53, 54, 57, 58, 59, 60, 62, 64, 65, 66, 67, 68, 69, 70, 72, 73, 75, 76, 78, 79, 81, 82, 84, 85, 86, 87, 89, 90, 92, 93], "excluded_lines": []}, "luigi/contrib/azureblob.py": {"executed_lines": [], "summary": {"covered_lines": 0, "num_statements": 144, "percent_covered": 0.0, "percent_covered_display": "0", "missing_lines": 144, "excluded_lines": 0}, "missing_lines": [18, 19, 20, 21, 23, 25, 26, 28, 31, 44, 65, 66, 68, 69, 70, 79, 80, 82, 83, 85, 86, 88, 89, 91, 92, 93, 95, 97, 98, 100, 102, 103, 105, 106, 107, 109, 110, 111, 113, 114, 115, 116, 117, 118, 119, 121, 122, 123, 124, 127, 133, 135, 136, 137, 138, 139, 140, 142, 143, 144, 145, 146, 151, 152, 153, 154, 158, 159, 160, 162, 163, 165, 166, 167, 168, 169, 170, 171, 174, 175, 176, 177, 178, 179, 180, 181, 182, 183, 185, 186, 188, 189, 190, 191, 192, 194, 196, 197, 199, 200, 201, 202, 204, 205, 206, 207, 208, 210, 211, 213, 214, 216, 217, 219, 220, 223, 224, 225, 226, 227, 228, 229, 231, 232, 235, 239, 258, 259, 260, 261, 262, 263, 264, 265, 266, 268, 269, 273, 275, 287, 288, 289, 290, 292], "excluded_lines": []}, "luigi/contrib/batch.py": {"executed_lines": [], "summary": {"covered_lines": 0, "num_statements": 85, "percent_covered": 0.0, "percent_covered_display": "0", "missing_lines": 85, "excluded_lines": 0}, "missing_lines": [18, 62, 63, 64, 65, 66, 68, 69, 71, 72, 73, 74, 77, 78, 81, 84, 85, 88, 90, 91, 92, 93, 94, 96, 100, 102, 103, 106, 108, 110, 111, 112, 113, 115, 122, 125, 126, 127, 128, 130, 132, 134, 138, 139, 141, 143, 144, 145, 151, 153, 156, 157, 158, 159, 160, 161, 163, 164, 165, 167, 168, 169, 172, 173, 176, 178, 179, 180, 181, 182, 183, 184, 185, 188, 202, 203, 204, 205, 207, 208, 209, 214, 216, 217, 219], "excluded_lines": []}, "luigi/contrib/beam_dataflow.py": {"executed_lines": [], "summary": {"covered_lines": 0, "num_statements": 258, "percent_covered": 0.0, "percent_covered_display": "0", "missing_lines": 258, "excluded_lines": 0}, "missing_lines": [18, 19, 20, 21, 22, 24, 25, 26, 28, 31, 38, 39, 40, 41, 43, 44, 45, 46, 48, 49, 50, 51, 53, 54, 55, 56, 58, 59, 60, 61, 63, 64, 65, 66, 68, 69, 70, 71, 73, 74, 75, 76, 78, 79, 80, 81, 83, 84, 85, 86, 88, 89, 90, 91, 93, 94, 95, 96, 98, 99, 100, 101, 103, 104, 105, 106, 108, 109, 110, 111, 113, 114, 115, 116, 118, 119, 120, 121, 123, 124, 125, 126, 129, 136, 137, 138, 144, 145, 146, 147, 148, 149, 150, 151, 152, 153, 154, 155, 156, 159, 211, 212, 213, 214, 215, 216, 217, 218, 219, 220, 221, 222, 223, 224, 225, 226, 227, 228, 230, 231, 233, 234, 235, 236, 238, 239, 246, 248, 255, 257, 262, 264, 269, 271, 277, 279, 288, 290, 295, 297, 302, 304, 305, 306, 308, 310, 311, 312, 313, 314, 315, 317, 319, 320, 322, 323, 324, 326, 327, 329, 330, 331, 332, 333, 335, 336, 337, 339, 340, 344, 346, 348, 349, 350, 352, 354, 356, 357, 358, 359, 360, 361, 362, 363, 364, 365, 366, 367, 368, 369, 370, 371, 372, 373, 374, 375, 376, 377, 378, 379, 380, 381, 382, 383, 384, 385, 386, 387, 388, 389, 391, 393, 410, 412, 413, 415, 416, 418, 419, 420, 422, 424, 425, 429, 430, 432, 434, 435, 438, 443, 446, 448, 450, 451, 452, 453, 454, 456, 457, 459, 461, 472, 473, 474, 475, 476, 479, 481, 482, 483, 485, 487, 488, 493, 494, 495, 496, 498], "excluded_lines": []}, "luigi/contrib/bigquery.py": {"executed_lines": [], "summary": {"covered_lines": 0, "num_statements": 323, "percent_covered": 0.0, "percent_covered_display": "0", "missing_lines": 323, "excluded_lines": 0}, "missing_lines": [18, 19, 20, 21, 22, 24, 26, 27, 28, 29, 30, 34, 35, 36, 39, 40, 41, 42, 45, 46, 47, 50, 51, 52, 53, 54, 57, 69, 70, 71, 74, 75, 76, 79, 80, 81, 82, 85, 86, 87, 90, 97, 98, 101, 104, 105, 106, 107, 109, 110, 111, 115, 123, 124, 126, 127, 129, 131, 140, 141, 143, 144, 145, 146, 150, 151, 152, 153, 155, 157, 163, 164, 166, 167, 170, 171, 172, 173, 175, 177, 186, 187, 189, 192, 196, 197, 198, 199, 200, 201, 202, 204, 206, 214, 215, 217, 221, 228, 229, 231, 235, 242, 244, 246, 247, 248, 250, 251, 252, 254, 256, 263, 266, 268, 269, 270, 272, 273, 274, 276, 278, 285, 289, 290, 291, 292, 293, 294, 296, 298, 310, 321, 322, 327, 331, 344, 345, 347, 348, 349, 350, 351, 352, 353, 354, 355, 357, 358, 360, 377, 396, 399, 400, 401, 402, 404, 405, 411, 413, 414, 416, 417, 420, 429, 430, 432, 433, 434, 437, 438, 441, 442, 443, 446, 447, 448, 449, 452, 454, 455, 457, 459, 460, 462, 464, 465, 469, 471, 472, 476, 478, 479, 483, 485, 486, 488, 490, 494, 496, 497, 501, 503, 504, 510, 512, 513, 523, 525, 526, 528, 530, 531, 532, 534, 536, 537, 539, 557, 558, 559, 560, 561, 563, 564, 566, 568, 571, 573, 574, 578, 580, 581, 583, 585, 586, 589, 591, 592, 594, 596, 597, 599, 601, 602, 605, 607, 608, 611, 613, 614, 615, 617, 618, 620, 622, 623, 624, 626, 646, 649, 659, 660, 662, 664, 665, 666, 668, 669, 671, 672, 674, 675, 676, 678, 679, 681, 682, 683, 685, 688, 692, 695, 703, 704, 715, 717, 718, 720, 722, 723, 728, 730, 731, 735, 737, 738, 740, 742, 743, 744, 748, 750, 751, 753, 754, 755, 757, 772, 774, 775, 778, 785, 786, 787, 788, 789, 790, 791, 794, 795, 802, 803, 804], "excluded_lines": []}, "luigi/contrib/bigquery_avro.py": {"executed_lines": [], "summary": {"covered_lines": 0, "num_statements": 55, "percent_covered": 0.0, "percent_covered_display": "0", "missing_lines": 55, "excluded_lines": 0}, "missing_lines": [3, 5, 6, 7, 9, 11, 12, 13, 14, 15, 19, 31, 33, 34, 35, 37, 38, 40, 42, 44, 45, 46, 47, 48, 49, 50, 52, 54, 55, 57, 61, 62, 63, 64, 68, 69, 70, 72, 73, 74, 75, 77, 78, 87, 89, 90, 91, 93, 97, 102, 103, 107, 108, 109, 110], "excluded_lines": []}, "luigi/contrib/datadog_metric.py": {"executed_lines": [], "summary": {"covered_lines": 0, "num_statements": 81, "percent_covered": 0.0, "percent_covered_display": "0", "missing_lines": 81, "excluded_lines": 0}, "missing_lines": [1, 3, 4, 5, 7, 9, 10, 11, 12, 15, 16, 17, 18, 19, 20, 21, 22, 25, 26, 27, 29, 34, 35, 36, 37, 39, 41, 42, 44, 45, 46, 47, 49, 51, 52, 54, 55, 56, 57, 58, 60, 62, 67, 69, 71, 72, 74, 76, 77, 79, 80, 81, 83, 85, 86, 88, 89, 91, 92, 94, 96, 97, 99, 101, 103, 104, 106, 108, 110, 111, 112, 113, 115, 117, 118, 119, 121, 122, 124, 125, 127], "excluded_lines": []}, "luigi/contrib/dataproc.py": {"executed_lines": [], "summary": {"covered_lines": 0, "num_statements": 127, "percent_covered": 0.0, "percent_covered_display": "0", "missing_lines": 127, "excluded_lines": 0}, "missing_lines": [3, 4, 5, 6, 7, 9, 11, 13, 14, 15, 16, 18, 19, 20, 21, 22, 26, 27, 30, 32, 35, 36, 37, 38, 40, 43, 49, 50, 51, 53, 54, 56, 57, 59, 61, 62, 64, 74, 75, 76, 77, 79, 81, 82, 84, 94, 95, 96, 97, 99, 100, 101, 102, 103, 105, 106, 107, 108, 109, 110, 111, 114, 118, 119, 120, 122, 123, 126, 129, 133, 134, 135, 137, 138, 141, 144, 147, 148, 150, 151, 152, 153, 154, 155, 156, 158, 159, 163, 164, 165, 166, 167, 168, 169, 171, 173, 174, 175, 177, 213, 216, 217, 218, 219, 220, 221, 222, 223, 224, 227, 236, 237, 238, 242, 243, 244, 246, 248, 250, 251, 254, 255, 256, 257, 258, 259, 260], "excluded_lines": []}, "luigi/contrib/docker_runner.py": {"executed_lines": [], "summary": {"covered_lines": 0, "num_statements": 119, "percent_covered": 0.0, "percent_covered_display": "0", "missing_lines": 119, "excluded_lines": 0}, "missing_lines": [19, 38, 39, 40, 42, 44, 46, 47, 48, 50, 51, 52, 66, 68, 69, 70, 72, 73, 74, 76, 77, 78, 80, 81, 82, 84, 85, 86, 88, 89, 90, 92, 93, 99, 101, 102, 103, 105, 106, 107, 109, 110, 111, 113, 114, 115, 117, 118, 119, 121, 130, 131, 133, 137, 140, 141, 143, 145, 148, 152, 154, 157, 160, 161, 162, 163, 167, 169, 172, 173, 174, 175, 176, 177, 178, 179, 182, 183, 184, 186, 187, 190, 191, 194, 197, 204, 206, 208, 209, 211, 212, 213, 214, 217, 218, 219, 220, 221, 223, 224, 226, 228, 229, 230, 231, 232, 233, 234, 235, 237, 238, 239, 240, 241, 242, 243, 246, 247, 248], "excluded_lines": []}, "luigi/contrib/dropbox.py": {"executed_lines": [], "summary": {"covered_lines": 0, "num_statements": 183, "percent_covered": 0.0, "percent_covered_display": "0", "missing_lines": 183, "excluded_lines": 0}, "missing_lines": [18, 19, 20, 21, 22, 23, 24, 25, 27, 28, 30, 32, 33, 34, 35, 36, 37, 41, 42, 43, 44, 45, 46, 48, 49, 51, 53, 56, 57, 58, 59, 60, 61, 63, 66, 71, 75, 76, 78, 79, 80, 81, 83, 84, 86, 87, 88, 89, 90, 91, 92, 94, 95, 96, 97, 98, 99, 101, 103, 104, 105, 106, 107, 108, 110, 111, 112, 113, 114, 115, 116, 118, 120, 122, 123, 124, 125, 126, 127, 128, 129, 130, 131, 133, 135, 136, 137, 138, 139, 140, 141, 142, 143, 145, 146, 147, 149, 150, 151, 153, 154, 155, 157, 158, 159, 161, 162, 163, 164, 167, 168, 169, 171, 172, 173, 175, 176, 178, 183, 184, 185, 186, 187, 188, 189, 190, 193, 194, 202, 203, 204, 206, 207, 209, 210, 212, 213, 215, 216, 218, 219, 220, 221, 223, 224, 226, 227, 229, 230, 232, 233, 236, 237, 244, 245, 246, 248, 252, 255, 260, 291, 293, 294, 296, 297, 298, 299, 301, 302, 303, 305, 306, 307, 308, 309, 313, 315, 317, 318, 319, 320, 321, 323], "excluded_lines": []}, "luigi/contrib/ecs.py": {"executed_lines": [], "summary": {"covered_lines": 0, "num_statements": 53, "percent_covered": 0.0, "percent_covered_display": "0", "missing_lines": 53, "excluded_lines": 0}, "missing_lines": [18, 53, 54, 55, 57, 59, 60, 61, 62, 63, 65, 68, 74, 77, 78, 80, 81, 82, 83, 85, 88, 90, 91, 92, 93, 94, 95, 96, 99, 136, 137, 138, 140, 141, 143, 144, 146, 147, 164, 166, 167, 169, 171, 173, 174, 178, 179, 181, 182, 186, 187, 190, 193], "excluded_lines": []}, "luigi/contrib/esindex.py": {"executed_lines": [], "summary": {"covered_lines": 0, "num_statements": 150, "percent_covered": 0.0, "percent_covered_display": "0", "missing_lines": 150, "excluded_lines": 0}, "missing_lines": [17, 84, 85, 86, 87, 88, 89, 91, 93, 95, 96, 97, 98, 100, 101, 103, 104, 108, 111, 113, 116, 137, 138, 140, 141, 142, 143, 144, 145, 146, 147, 148, 150, 159, 163, 164, 166, 174, 175, 181, 182, 184, 188, 189, 190, 191, 192, 193, 194, 195, 197, 201, 202, 204, 209, 210, 211, 217, 218, 219, 220, 222, 225, 253, 254, 258, 260, 261, 265, 267, 268, 273, 275, 276, 277, 283, 285, 286, 290, 292, 293, 297, 299, 300, 304, 306, 307, 311, 313, 314, 318, 320, 321, 325, 327, 328, 332, 334, 335, 339, 341, 342, 346, 348, 354, 355, 356, 360, 365, 366, 367, 368, 369, 370, 371, 373, 374, 375, 376, 377, 378, 379, 380, 381, 383, 384, 393, 399, 400, 401, 403, 407, 408, 409, 411, 415, 417, 423, 435, 448, 449, 450, 451, 452, 453, 455, 458, 461, 463, 464], "excluded_lines": []}, "luigi/contrib/external_daily_snapshot.py": {"executed_lines": [], "summary": {"covered_lines": 0, "num_statements": 29, "percent_covered": 0.0, "percent_covered_display": "0", "missing_lines": 29, "excluded_lines": 0}, "missing_lines": [18, 19, 21, 23, 26, 47, 48, 50, 51, 53, 54, 56, 57, 58, 59, 60, 61, 62, 64, 65, 66, 67, 68, 69, 70, 71, 72, 73, 75], "excluded_lines": []}, "luigi/contrib/external_program.py": {"executed_lines": [], "summary": {"covered_lines": 0, "num_statements": 138, "percent_covered": 0.0, "percent_covered_display": "0", "missing_lines": 138, "excluded_lines": 0}, "missing_lines": [17, 32, 33, 34, 35, 36, 37, 38, 39, 40, 41, 43, 44, 46, 49, 67, 69, 73, 79, 82, 91, 97, 99, 105, 106, 108, 109, 115, 117, 118, 119, 121, 127, 129, 130, 132, 133, 134, 135, 136, 137, 138, 140, 141, 142, 143, 145, 146, 147, 148, 150, 151, 152, 154, 155, 156, 157, 158, 160, 162, 163, 167, 168, 169, 171, 172, 173, 174, 175, 176, 177, 179, 184, 185, 186, 187, 188, 189, 190, 191, 195, 196, 198, 199, 200, 201, 202, 205, 206, 207, 208, 211, 212, 213, 215, 216, 217, 218, 220, 221, 222, 223, 225, 226, 227, 229, 232, 233, 234, 235, 236, 237, 238, 239, 241, 242, 243, 244, 245, 246, 247, 248, 249, 251, 252, 255, 263, 269, 275, 276, 278, 279, 280, 282, 284, 285, 290, 292], "excluded_lines": []}, "luigi/contrib/ftp.py": {"executed_lines": [], "summary": {"covered_lines": 0, "num_statements": 227, "percent_covered": 0.0, "percent_covered_display": "0", "missing_lines": 227, "excluded_lines": 0}, "missing_lines": [17, 28, 29, 30, 31, 32, 33, 35, 36, 37, 38, 39, 41, 43, 46, 48, 50, 51, 52, 53, 54, 55, 56, 58, 59, 60, 62, 64, 66, 70, 71, 73, 75, 76, 77, 78, 79, 81, 84, 85, 86, 88, 89, 90, 91, 92, 94, 98, 99, 101, 103, 104, 106, 107, 109, 117, 119, 120, 122, 124, 126, 128, 129, 130, 131, 132, 133, 134, 136, 137, 139, 141, 142, 143, 144, 145, 146, 148, 149, 151, 161, 163, 164, 166, 168, 170, 171, 172, 174, 175, 176, 181, 182, 183, 184, 186, 187, 188, 190, 192, 193, 195, 197, 203, 207, 208, 209, 211, 212, 214, 215, 216, 218, 220, 221, 222, 224, 225, 226, 227, 228, 229, 230, 232, 233, 234, 235, 236, 238, 242, 244, 245, 247, 249, 251, 252, 253, 254, 256, 257, 259, 261, 263, 264, 266, 267, 268, 271, 272, 273, 275, 278, 281, 282, 284, 286, 288, 289, 291, 295, 296, 297, 298, 300, 303, 305, 306, 308, 310, 312, 314, 315, 317, 318, 320, 324, 326, 327, 329, 331, 333, 335, 336, 338, 339, 342, 349, 356, 357, 359, 360, 362, 363, 364, 367, 375, 380, 381, 383, 384, 385, 386, 387, 388, 389, 391, 392, 393, 395, 407, 408, 410, 411, 414, 416, 419, 422, 426, 429, 431, 435, 437, 438, 440, 441, 443, 444], "excluded_lines": []}, "luigi/contrib/gcp.py": {"executed_lines": [], "summary": {"covered_lines": 0, "num_statements": 18, "percent_covered": 0.0, "percent_covered_display": "0", "missing_lines": 18, "excluded_lines": 0}, "missing_lines": [4, 5, 7, 8, 9, 10, 11, 15, 24, 25, 28, 29, 34, 36, 37, 40, 42, 46], "excluded_lines": []}, "luigi/contrib/gcs.py": {"executed_lines": [], "summary": {"covered_lines": 0, "num_statements": 267, "percent_covered": 0.0, "percent_covered_display": "0", "missing_lines": 267, "excluded_lines": 0}, "missing_lines": [18, 20, 21, 22, 23, 24, 25, 26, 27, 29, 30, 31, 32, 33, 34, 35, 36, 37, 39, 42, 44, 45, 47, 48, 49, 50, 51, 54, 57, 60, 63, 66, 69, 73, 74, 77, 84, 90, 91, 92, 94, 96, 100, 101, 104, 127, 129, 130, 132, 133, 135, 136, 138, 139, 141, 142, 143, 144, 145, 147, 148, 150, 151, 153, 154, 155, 156, 157, 158, 159, 160, 162, 164, 165, 166, 168, 169, 170, 172, 173, 174, 176, 178, 179, 180, 182, 183, 184, 186, 187, 188, 189, 190, 192, 193, 195, 196, 197, 198, 200, 202, 203, 204, 205, 206, 207, 208, 209, 210, 212, 213, 214, 217, 218, 219, 221, 222, 224, 225, 228, 229, 230, 231, 233, 234, 235, 238, 239, 240, 241, 243, 244, 246, 248, 249, 250, 252, 253, 255, 257, 258, 260, 261, 262, 267, 277, 278, 279, 280, 281, 283, 284, 286, 287, 288, 289, 290, 291, 292, 294, 295, 296, 297, 298, 299, 301, 303, 305, 306, 307, 309, 310, 311, 313, 314, 315, 316, 318, 324, 326, 330, 336, 338, 342, 344, 348, 349, 351, 356, 358, 359, 360, 362, 363, 364, 366, 374, 375, 376, 377, 379, 380, 382, 384, 385, 390, 391, 393, 395, 398, 399, 400, 402, 403, 405, 406, 407, 408, 409, 411, 414, 415, 416, 417, 418, 419, 422, 424, 425, 427, 428, 430, 431, 434, 439, 440, 441, 443, 444, 447, 448, 450, 451, 452, 453, 455, 456, 458, 459, 460, 462, 463, 465, 468, 488, 490, 501, 502, 504, 505, 507, 508, 509, 510, 512, 513, 514], "excluded_lines": []}, "luigi/contrib/hadoop.py": {"executed_lines": [], "summary": {"covered_lines": 0, "num_statements": 585, "percent_covered": 0.0, "percent_covered_display": "0", "missing_lines": 585, "excluded_lines": 0}, "missing_lines": [18, 25, 26, 27, 28, 29, 30, 31, 32, 33, 34, 35, 36, 37, 38, 39, 40, 41, 43, 44, 45, 46, 47, 48, 49, 51, 53, 54, 55, 57, 59, 62, 65, 66, 75, 80, 83, 84, 86, 88, 91, 92, 93, 94, 95, 96, 97, 99, 101, 102, 103, 104, 105, 106, 107, 108, 110, 112, 115, 119, 120, 122, 123, 124, 126, 127, 128, 129, 130, 131, 132, 134, 138, 139, 141, 143, 147, 149, 150, 157, 158, 159, 160, 161, 163, 166, 169, 170, 175, 178, 179, 180, 181, 182, 184, 185, 188, 199, 200, 201, 202, 204, 207, 209, 210, 211, 213, 214, 215, 216, 218, 219, 220, 221, 222, 223, 224, 225, 227, 229, 230, 231, 232, 235, 237, 238, 239, 240, 241, 243, 244, 247, 260, 262, 268, 269, 270, 271, 272, 273, 275, 277, 278, 282, 283, 284, 285, 287, 288, 289, 290, 291, 292, 293, 294, 295, 296, 297, 298, 299, 300, 301, 303, 304, 305, 307, 308, 310, 311, 312, 313, 314, 317, 318, 319, 321, 322, 323, 326, 327, 328, 330, 331, 332, 333, 336, 337, 339, 341, 342, 344, 347, 358, 359, 360, 361, 362, 363, 364, 365, 366, 367, 368, 369, 370, 371, 372, 373, 374, 375, 376, 378, 379, 380, 382, 385, 386, 389, 396, 400, 401, 402, 403, 404, 405, 406, 407, 408, 409, 410, 411, 412, 414, 415, 416, 419, 422, 425, 427, 428, 430, 431, 432, 437, 438, 440, 442, 445, 446, 447, 448, 449, 450, 451, 453, 455, 456, 458, 459, 461, 465, 467, 470, 472, 473, 474, 475, 476, 478, 479, 482, 483, 485, 486, 488, 489, 491, 492, 495, 497, 498, 499, 500, 502, 504, 505, 507, 509, 510, 512, 513, 515, 518, 519, 520, 521, 522, 524, 526, 527, 528, 529, 530, 531, 537, 538, 540, 541, 542, 543, 545, 549, 550, 551, 553, 555, 559, 560, 562, 565, 566, 568, 570, 572, 574, 575, 576, 578, 580, 581, 582, 584, 585, 588, 593, 594, 595, 596, 600, 609, 610, 612, 613, 614, 615, 616, 618, 619, 620, 621, 622, 623, 624, 625, 626, 627, 628, 630, 631, 633, 634, 636, 638, 640, 641, 642, 643, 646, 647, 648, 650, 651, 653, 654, 655, 656, 657, 659, 660, 661, 664, 665, 667, 669, 670, 671, 673, 674, 676, 677, 679, 681, 682, 683, 684, 686, 687, 688, 690, 691, 692, 693, 694, 695, 696, 698, 699, 700, 701, 702, 703, 705, 713, 715, 716, 719, 721, 726, 727, 728, 730, 731, 733, 737, 739, 740, 742, 743, 745, 746, 748, 750, 752, 753, 754, 764, 767, 777, 778, 779, 780, 782, 783, 784, 785, 787, 788, 789, 790, 792, 793, 795, 796, 798, 799, 801, 802, 804, 813, 814, 815, 816, 818, 820, 822, 827, 828, 830, 837, 838, 839, 840, 842, 845, 846, 847, 848, 849, 851, 857, 859, 861, 867, 868, 870, 871, 873, 874, 876, 877, 878, 879, 880, 881, 882, 884, 888, 889, 890, 891, 892, 893, 895, 903, 905, 906, 908, 909, 911, 912, 914, 925, 927, 932, 934, 936, 938, 939, 940, 941, 943, 944, 945, 946, 947, 948, 949, 950, 951, 952, 953, 954, 955, 956, 959, 960, 961, 965, 969, 970, 971, 972, 973, 974, 975, 978, 980, 989, 990, 991, 992, 993, 994, 995, 997, 1001, 1002, 1003, 1004, 1005, 1006, 1007, 1009, 1013, 1014, 1015, 1016, 1017, 1019, 1021, 1025, 1026, 1027, 1028, 1030, 1031, 1032, 1033, 1034, 1036, 1041, 1042, 1044, 1048, 1049], "excluded_lines": []}, "luigi/contrib/hadoop_jar.py": {"executed_lines": [], "summary": {"covered_lines": 0, "num_statements": 77, "percent_covered": 0.0, "percent_covered_display": "0", "missing_lines": 77, "excluded_lines": 0}, "missing_lines": [17, 21, 22, 23, 24, 25, 27, 28, 30, 33, 42, 43, 44, 45, 46, 47, 49, 50, 51, 52, 53, 55, 57, 58, 60, 62, 65, 66, 69, 74, 75, 77, 78, 79, 84, 85, 87, 88, 89, 91, 93, 94, 96, 98, 100, 101, 102, 103, 104, 105, 106, 107, 109, 110, 112, 113, 114, 116, 117, 119, 120, 122, 124, 125, 128, 133, 137, 139, 143, 145, 147, 149, 154, 156, 161, 163, 167], "excluded_lines": []}, "luigi/contrib/hdfs/abstract_client.py": {"executed_lines": [], "summary": {"covered_lines": 0, "num_statements": 38, "percent_covered": 0.0, "percent_covered_display": "0", "missing_lines": 38, "excluded_lines": 0}, "missing_lines": [18, 22, 23, 26, 31, 40, 42, 53, 55, 56, 57, 59, 60, 61, 63, 64, 65, 67, 68, 72, 74, 75, 76, 78, 79, 80, 82, 83, 84, 86, 87, 88, 90, 91, 93, 95, 96, 97], "excluded_lines": []}, "luigi/contrib/hdfs/clients.py": {"executed_lines": [], "summary": {"covered_lines": 0, "num_statements": 28, "percent_covered": 0.0, "percent_covered_display": "0", "missing_lines": 28, "excluded_lines": 0}, "missing_lines": [18, 21, 22, 24, 25, 26, 28, 30, 33, 37, 38, 39, 40, 41, 42, 43, 44, 46, 47, 50, 51, 52, 53, 56, 57, 58, 59, 60], "excluded_lines": []}, "luigi/contrib/hdfs/config.py": {"executed_lines": [], "summary": {"covered_lines": 0, "num_statements": 42, "percent_covered": 0.0, "percent_covered_display": "0", "missing_lines": 42, "excluded_lines": 0}, "missing_lines": [18, 23, 24, 25, 26, 27, 29, 32, 33, 34, 35, 36, 37, 43, 44, 48, 53, 54, 57, 66, 69, 75, 78, 87, 88, 91, 92, 94, 95, 97, 98, 101, 104, 105, 107, 110, 111, 112, 115, 117, 118, 120], "excluded_lines": []}, "luigi/contrib/hdfs/error.py": {"executed_lines": [], "summary": {"covered_lines": 0, "num_statements": 8, "percent_covered": 0.0, "percent_covered_display": "0", "missing_lines": 8, "excluded_lines": 0}, "missing_lines": [18, 23, 25, 26, 27, 28, 29, 35], "excluded_lines": []}, "luigi/contrib/hdfs/format.py": {"executed_lines": [], "summary": {"covered_lines": 0, "num_statements": 116, "percent_covered": 0.0, "percent_covered_display": "0", "missing_lines": 116, "excluded_lines": 0}, "missing_lines": [1, 2, 4, 5, 6, 7, 8, 10, 13, 14, 17, 19, 20, 23, 36, 37, 38, 39, 40, 41, 43, 44, 46, 47, 49, 50, 51, 52, 53, 54, 55, 56, 58, 59, 60, 63, 68, 69, 70, 71, 72, 74, 75, 77, 78, 80, 81, 82, 83, 84, 85, 86, 87, 89, 92, 93, 95, 96, 97, 100, 102, 103, 105, 106, 108, 109, 111, 112, 114, 115, 118, 120, 121, 123, 124, 126, 127, 129, 131, 133, 134, 137, 138, 141, 143, 145, 146, 147, 149, 150, 152, 153, 155, 156, 158, 159, 161, 162, 168, 169, 170, 171, 172, 174, 175, 176, 177, 179, 180, 181, 182, 183, 184, 185, 186, 187], "excluded_lines": []}, "luigi/contrib/hdfs/hadoopcli_clients.py": {"executed_lines": [], "summary": {"covered_lines": 0, "num_statements": 169, "percent_covered": 0.0, "percent_covered_display": "0", "missing_lines": 169, "excluded_lines": 0}, "missing_lines": [18, 23, 24, 25, 26, 27, 28, 29, 30, 31, 32, 33, 35, 38, 43, 44, 45, 46, 47, 48, 49, 51, 55, 60, 62, 63, 64, 65, 66, 67, 68, 70, 75, 76, 77, 78, 79, 80, 82, 83, 84, 85, 86, 87, 89, 90, 91, 92, 93, 94, 96, 97, 99, 100, 101, 103, 105, 106, 108, 109, 111, 112, 113, 115, 116, 118, 119, 120, 121, 122, 123, 124, 125, 127, 128, 130, 131, 132, 133, 134, 135, 136, 138, 139, 140, 142, 143, 145, 146, 148, 149, 151, 152, 153, 155, 156, 158, 159, 160, 161, 162, 165, 166, 167, 168, 169, 171, 173, 175, 176, 178, 179, 181, 182, 184, 185, 186, 187, 188, 189, 190, 191, 192, 193, 195, 196, 197, 198, 200, 201, 202, 203, 204, 205, 206, 208, 210, 211, 213, 215, 216, 219, 224, 228, 229, 230, 231, 232, 233, 235, 237, 238, 239, 241, 243, 244, 246, 247, 250, 256, 258, 259, 260, 261, 262, 263, 264, 265, 267], "excluded_lines": []}, "luigi/contrib/hdfs/target.py": {"executed_lines": [], "summary": {"covered_lines": 0, "num_statements": 97, "percent_covered": 0.0, "percent_covered_display": "0", "missing_lines": 97, "excluded_lines": 0}, "missing_lines": [17, 21, 22, 23, 24, 25, 26, 27, 28, 31, 33, 34, 35, 36, 37, 39, 40, 42, 50, 51, 53, 54, 61, 62, 64, 65, 67, 68, 70, 71, 73, 79, 85, 87, 88, 89, 90, 91, 93, 95, 96, 98, 99, 100, 102, 103, 104, 105, 106, 108, 109, 110, 112, 113, 115, 117, 118, 120, 127, 128, 129, 130, 131, 133, 137, 139, 149, 151, 155, 157, 161, 163, 165, 166, 167, 168, 170, 171, 174, 177, 179, 180, 181, 182, 183, 184, 185, 186, 189, 202, 213, 214, 216, 217, 219, 220, 221], "excluded_lines": []}, "luigi/contrib/hdfs/webhdfs_client.py": {"executed_lines": [], "summary": {"covered_lines": 0, "num_statements": 79, "percent_covered": 0.0, "percent_covered_display": "0", "missing_lines": 79, "excluded_lines": 0}, "missing_lines": [18, 28, 29, 30, 31, 32, 33, 35, 38, 39, 41, 43, 47, 55, 56, 57, 58, 59, 61, 62, 65, 66, 67, 69, 70, 76, 77, 78, 80, 81, 83, 84, 86, 90, 91, 92, 93, 94, 95, 96, 98, 100, 101, 103, 104, 107, 108, 109, 111, 113, 117, 118, 119, 120, 121, 122, 123, 125, 129, 130, 131, 132, 134, 138, 140, 144, 146, 150, 152, 156, 158, 162, 164, 168, 170, 173, 174, 176, 180], "excluded_lines": []}, "luigi/contrib/hive.py": {"executed_lines": [], "summary": {"covered_lines": 0, "num_statements": 282, "percent_covered": 0.0, "percent_covered_display": "0", "missing_lines": 282, "excluded_lines": 0}, "missing_lines": [18, 19, 20, 21, 22, 23, 24, 25, 26, 27, 29, 30, 31, 32, 33, 35, 38, 40, 41, 42, 43, 44, 47, 48, 51, 52, 55, 56, 59, 60, 63, 72, 73, 74, 75, 76, 78, 81, 85, 88, 92, 93, 94, 97, 98, 99, 101, 102, 104, 107, 112, 117, 120, 122, 123, 128, 130, 131, 135, 137, 138, 143, 145, 146, 148, 151, 156, 157, 158, 159, 161, 163, 164, 165, 167, 168, 169, 171, 173, 176, 177, 179, 181, 182, 183, 184, 185, 187, 191, 195, 201, 202, 203, 204, 205, 208, 210, 211, 212, 213, 214, 215, 216, 217, 218, 220, 221, 223, 224, 225, 226, 228, 230, 231, 232, 233, 234, 235, 236, 239, 240, 242, 243, 244, 246, 247, 250, 255, 256, 257, 258, 259, 263, 264, 265, 266, 267, 268, 269, 270, 271, 272, 273, 274, 276, 277, 280, 285, 286, 287, 289, 290, 292, 293, 300, 305, 306, 307, 308, 309, 311, 312, 313, 314, 315, 317, 319, 320, 321, 326, 327, 328, 329, 330, 331, 332, 333, 335, 338, 341, 347, 348, 349, 351, 352, 354, 356, 364, 366, 373, 375, 386, 387, 388, 389, 390, 392, 393, 394, 395, 396, 397, 398, 399, 400, 401, 403, 404, 407, 412, 418, 419, 420, 421, 422, 423, 424, 427, 428, 429, 431, 432, 433, 434, 435, 436, 437, 438, 439, 440, 441, 442, 443, 444, 445, 446, 447, 448, 450, 451, 452, 455, 456, 457, 458, 459, 460, 461, 462, 463, 466, 471, 482, 483, 484, 485, 486, 488, 492, 493, 501, 502, 503, 504, 506, 508, 511, 513, 514, 518, 519, 520, 521, 524, 529, 530, 539, 543, 544, 545, 550, 551], "excluded_lines": []}, "luigi/contrib/kubernetes.py": {"executed_lines": [], "summary": {"covered_lines": 0, "num_statements": 175, "percent_covered": 0.0, "percent_covered_display": "0", "missing_lines": 175, "excluded_lines": 0}, "missing_lines": [19, 35, 36, 37, 38, 40, 42, 44, 45, 46, 47, 48, 49, 52, 53, 56, 59, 62, 67, 68, 69, 70, 72, 73, 74, 75, 76, 77, 78, 80, 81, 82, 83, 85, 86, 96, 98, 99, 112, 114, 115, 123, 125, 126, 131, 133, 134, 140, 142, 143, 167, 169, 170, 174, 176, 177, 182, 184, 185, 189, 191, 192, 196, 198, 199, 204, 206, 207, 208, 209, 210, 212, 213, 215, 217, 218, 220, 222, 224, 225, 226, 227, 229, 230, 231, 232, 233, 235, 238, 239, 241, 250, 252, 253, 256, 258, 259, 262, 263, 265, 266, 267, 268, 269, 270, 271, 273, 274, 275, 276, 278, 281, 284, 285, 286, 289, 290, 292, 293, 294, 295, 296, 297, 298, 300, 302, 303, 304, 307, 308, 309, 310, 311, 313, 315, 318, 320, 321, 322, 323, 324, 325, 326, 328, 329, 330, 332, 333, 334, 335, 336, 337, 339, 340, 345, 346, 347, 349, 350, 352, 373, 374, 375, 376, 379, 380, 383, 384, 386, 387, 388, 390, 391, 393, 403], "excluded_lines": []}, "luigi/contrib/lsf.py": {"executed_lines": [], "summary": {"covered_lines": 0, "num_statements": 160, "percent_covered": 0.0, "percent_covered_display": "0", "missing_lines": 160, "excluded_lines": 0}, "missing_lines": [3, 21, 22, 23, 24, 25, 26, 27, 28, 32, 33, 34, 36, 37, 38, 39, 40, 42, 71, 74, 84, 85, 87, 88, 91, 95, 98, 103, 104, 105, 106, 107, 108, 109, 110, 113, 114, 115, 117, 119, 123, 124, 125, 126, 128, 129, 131, 136, 137, 138, 140, 141, 143, 145, 147, 148, 151, 154, 155, 157, 158, 161, 162, 165, 167, 168, 171, 173, 179, 181, 191, 192, 194, 203, 205, 209, 210, 211, 212, 213, 214, 217, 219, 224, 226, 227, 229, 231, 232, 233, 234, 235, 236, 237, 238, 239, 240, 241, 244, 246, 247, 250, 254, 257, 264, 265, 266, 272, 276, 277, 280, 283, 285, 286, 287, 289, 293, 294, 295, 296, 297, 298, 299, 300, 301, 302, 304, 305, 306, 307, 308, 312, 313, 314, 315, 321, 322, 323, 324, 325, 326, 327, 328, 329, 330, 333, 334, 335, 336, 338, 339, 340, 341, 342, 344, 345, 349, 354, 355, 356], "excluded_lines": []}, "luigi/contrib/lsf_runner.py": {"executed_lines": [], "summary": {"covered_lines": 0, "num_statements": 39, "percent_covered": 0.0, "percent_covered_display": "0", "missing_lines": 39, "excluded_lines": 0}, "missing_lines": [3, 21, 22, 23, 27, 28, 29, 30, 31, 34, 36, 39, 40, 41, 44, 47, 48, 49, 50, 52, 54, 55, 56, 57, 58, 59, 60, 62, 65, 68, 70, 71, 72, 73, 74, 76, 77, 80, 81], "excluded_lines": []}, "luigi/contrib/mongodb.py": {"executed_lines": [], "summary": {"covered_lines": 0, "num_statements": 64, "percent_covered": 0.0, "percent_covered_display": "0", "missing_lines": 64, "excluded_lines": 0}, "missing_lines": [18, 21, 25, 34, 35, 36, 38, 42, 43, 45, 49, 52, 56, 63, 65, 66, 68, 73, 75, 80, 85, 86, 87, 89, 91, 95, 102, 106, 113, 115, 116, 118, 123, 125, 129, 137, 139, 145, 147, 148, 150, 151, 152, 155, 157, 161, 169, 172, 176, 177, 179, 184, 186, 190, 193, 197, 202, 204, 206, 211, 213, 218, 219, 220], "excluded_lines": []}, "luigi/contrib/mrrunner.py": {"executed_lines": [], "summary": {"covered_lines": 0, "num_statements": 42, "percent_covered": 0.0, "percent_covered_display": "0", "missing_lines": 42, "excluded_lines": 0}, "missing_lines": [19, 30, 31, 32, 33, 34, 35, 38, 43, 44, 45, 46, 48, 49, 50, 51, 52, 53, 54, 56, 58, 59, 60, 62, 63, 64, 65, 66, 67, 70, 71, 72, 75, 83, 85, 87, 88, 89, 91, 92, 95, 96], "excluded_lines": []}, "luigi/contrib/mssqldb.py": {"executed_lines": [], "summary": {"covered_lines": 0, "num_statements": 48, "percent_covered": 0.0, "percent_covered_display": "0", "missing_lines": 48, "excluded_lines": 0}, "missing_lines": [18, 20, 22, 24, 25, 26, 27, 31, 40, 44, 59, 60, 61, 63, 64, 65, 66, 67, 68, 69, 71, 79, 81, 82, 84, 100, 102, 103, 104, 105, 106, 110, 112, 113, 115, 117, 119, 123, 128, 130, 135, 136, 137, 148, 150, 151, 153, 154], "excluded_lines": []}, "luigi/contrib/mysqldb.py": {"executed_lines": [], "summary": {"covered_lines": 0, "num_statements": 99, "percent_covered": 0.0, "percent_covered_display": "0", "missing_lines": 99, "excluded_lines": 0}, "missing_lines": [18, 20, 22, 24, 26, 27, 28, 29, 30, 34, 39, 41, 58, 59, 60, 62, 63, 64, 65, 66, 67, 68, 69, 71, 79, 81, 82, 83, 85, 94, 96, 97, 98, 99, 100, 101, 102, 107, 108, 109, 110, 112, 113, 115, 116, 123, 125, 131, 132, 133, 134, 146, 147, 148, 150, 151, 154, 166, 170, 171, 172, 176, 182, 192, 193, 194, 195, 196, 198, 199, 201, 202, 203, 205, 207, 215, 216, 218, 223, 224, 225, 226, 227, 228, 229, 230, 231, 232, 233, 236, 237, 239, 241, 244, 245, 246, 248, 249, 250], "excluded_lines": []}, "luigi/contrib/opener.py": {"executed_lines": [], "summary": {"covered_lines": 0, "num_statements": 83, "percent_covered": 0.0, "percent_covered_display": "0", "missing_lines": 83, "excluded_lines": 0}, "missing_lines": [18, 32, 34, 35, 36, 37, 38, 40, 52, 55, 58, 61, 64, 67, 70, 72, 80, 81, 83, 84, 85, 86, 87, 89, 97, 98, 99, 100, 102, 110, 111, 112, 113, 115, 124, 126, 127, 129, 140, 142, 145, 152, 154, 156, 157, 167, 170, 171, 173, 176, 177, 179, 181, 183, 185, 186, 192, 195, 204, 205, 211, 212, 214, 215, 216, 219, 230, 231, 236, 237, 239, 240, 241, 244, 253, 254, 258, 260, 261, 263, 264, 268, 274], "excluded_lines": []}, "luigi/contrib/pai.py": {"executed_lines": [], "summary": {"covered_lines": 0, "num_statements": 148, "percent_covered": 0.0, "percent_covered_display": "0", "missing_lines": 148, "excluded_lines": 0}, "missing_lines": [18, 32, 33, 34, 35, 37, 39, 41, 43, 44, 45, 47, 48, 51, 52, 53, 54, 55, 56, 57, 58, 61, 100, 105, 113, 114, 115, 116, 118, 121, 122, 124, 132, 133, 134, 137, 138, 143, 156, 157, 158, 159, 160, 161, 162, 163, 166, 167, 170, 173, 176, 181, 182, 184, 185, 186, 188, 190, 191, 192, 194, 196, 197, 198, 200, 202, 203, 205, 207, 208, 210, 212, 213, 215, 217, 218, 220, 222, 223, 225, 227, 228, 230, 232, 233, 235, 237, 238, 240, 242, 243, 245, 246, 247, 248, 249, 251, 253, 258, 259, 261, 262, 263, 264, 265, 266, 267, 268, 269, 270, 271, 272, 273, 274, 275, 277, 278, 279, 280, 282, 284, 285, 286, 287, 288, 289, 290, 291, 292, 293, 294, 295, 298, 300, 301, 302, 303, 304, 305, 307, 308, 310, 311, 312, 313, 314, 315, 316], "excluded_lines": []}, "luigi/contrib/pig.py": {"executed_lines": [], "summary": {"covered_lines": 0, "num_statements": 116, "percent_covered": 0.0, "percent_covered_display": "0", "missing_lines": 116, "excluded_lines": 0}, "missing_lines": [17, 25, 26, 27, 28, 29, 30, 31, 32, 34, 35, 37, 40, 42, 43, 45, 46, 48, 55, 57, 65, 67, 75, 77, 85, 87, 88, 90, 94, 96, 97, 98, 100, 101, 103, 104, 105, 106, 107, 108, 109, 111, 112, 113, 114, 115, 116, 118, 120, 121, 123, 124, 125, 127, 128, 129, 130, 131, 132, 134, 135, 137, 138, 139, 140, 141, 142, 143, 144, 145, 146, 147, 148, 150, 151, 152, 153, 154, 155, 156, 159, 160, 161, 163, 164, 165, 168, 169, 170, 172, 173, 174, 175, 177, 178, 179, 180, 181, 183, 185, 186, 187, 188, 191, 192, 193, 194, 195, 196, 198, 199, 200, 201, 202, 203, 204], "excluded_lines": []}, "luigi/contrib/postgres.py": {"executed_lines": [], "summary": {"covered_lines": 0, "num_statements": 146, "percent_covered": 0.0, "percent_covered_display": "0", "missing_lines": 146, "excluded_lines": 0}, "missing_lines": [17, 22, 23, 24, 25, 27, 28, 30, 32, 33, 34, 35, 36, 37, 40, 66, 73, 74, 75, 76, 78, 80, 82, 84, 89, 99, 105, 108, 111, 113, 126, 127, 129, 130, 131, 132, 133, 134, 135, 137, 145, 147, 149, 150, 152, 153, 159, 166, 167, 168, 169, 170, 171, 172, 177, 178, 179, 180, 182, 183, 185, 189, 195, 196, 198, 204, 205, 206, 207, 208, 214, 220, 221, 222, 223, 224, 226, 227, 229, 230, 233, 245, 249, 250, 251, 253, 259, 260, 262, 266, 272, 282, 283, 284, 285, 286, 288, 289, 291, 299, 300, 302, 305, 306, 307, 308, 309, 310, 311, 312, 313, 314, 316, 317, 322, 323, 324, 325, 326, 327, 328, 329, 330, 331, 333, 334, 335, 337, 339, 342, 345, 346, 347, 350, 364, 365, 366, 367, 368, 370, 371, 374, 377, 378, 380, 386], "excluded_lines": []}, "luigi/contrib/presto.py": {"executed_lines": [], "summary": {"covered_lines": 0, "num_statements": 160, "percent_covered": 0.0, "percent_covered_display": "0", "missing_lines": 160, "excluded_lines": 0}, "missing_lines": [1, 2, 3, 4, 5, 6, 7, 9, 10, 11, 13, 15, 16, 17, 18, 19, 22, 23, 24, 25, 26, 27, 28, 29, 35, 41, 42, 43, 44, 46, 47, 51, 53, 54, 58, 60, 68, 69, 70, 72, 74, 75, 76, 77, 78, 79, 80, 81, 82, 83, 85, 86, 87, 90, 97, 98, 99, 107, 108, 109, 110, 111, 113, 114, 116, 119, 122, 126, 127, 128, 129, 130, 131, 132, 134, 135, 136, 138, 139, 140, 142, 144, 150, 151, 153, 154, 161, 162, 163, 164, 166, 168, 169, 175, 176, 178, 184, 185, 186, 187, 188, 189, 190, 193, 198, 200, 201, 202, 204, 205, 206, 208, 209, 210, 212, 213, 214, 216, 217, 218, 220, 221, 222, 224, 225, 226, 228, 229, 230, 232, 233, 234, 236, 237, 238, 240, 241, 242, 244, 245, 246, 248, 249, 250, 252, 253, 254, 258, 260, 261, 262, 263, 265, 266, 268, 269, 270, 271, 273, 274], "excluded_lines": []}, "luigi/contrib/prometheus_metric.py": {"executed_lines": [], "summary": {"covered_lines": 0, "num_statements": 28, "percent_covered": 0.0, "percent_covered_display": "0", "missing_lines": 28, "excluded_lines": 0}, "missing_lines": [1, 2, 5, 7, 8, 9, 10, 16, 22, 28, 34, 41, 42, 44, 45, 46, 48, 49, 50, 52, 53, 54, 56, 57, 59, 60, 62, 63], "excluded_lines": []}, "luigi/contrib/pyspark_runner.py": {"executed_lines": [], "summary": {"covered_lines": 0, "num_statements": 66, "percent_covered": 0.0, "percent_covered_display": "0", "missing_lines": 66, "excluded_lines": 0}, "missing_lines": [19, 29, 30, 31, 32, 33, 35, 38, 41, 42, 43, 45, 46, 47, 49, 50, 51, 54, 55, 57, 58, 59, 60, 62, 63, 66, 67, 69, 70, 71, 72, 73, 80, 81, 82, 83, 89, 91, 92, 95, 96, 98, 101, 102, 103, 104, 106, 107, 108, 109, 110, 111, 112, 115, 116, 119, 120, 123, 124, 127, 128, 129, 130, 133, 134, 135], "excluded_lines": []}, "luigi/contrib/rdbms.py": {"executed_lines": [], "summary": {"covered_lines": 0, "num_statements": 136, "percent_covered": 0.0, "percent_covered_display": "0", "missing_lines": 136, "excluded_lines": 0}, "missing_lines": [17, 21, 22, 24, 25, 27, 30, 86, 87, 92, 94, 95, 96, 98, 99, 100, 102, 103, 105, 106, 107, 110, 111, 112, 113, 115, 116, 117, 118, 122, 126, 127, 128, 130, 131, 132, 133, 134, 135, 136, 138, 140, 142, 143, 144, 145, 148, 165, 166, 167, 168, 170, 171, 172, 173, 175, 176, 177, 178, 180, 181, 182, 183, 185, 186, 187, 188, 190, 191, 192, 199, 202, 204, 206, 215, 217, 218, 220, 223, 224, 226, 227, 231, 233, 234, 235, 237, 248, 249, 251, 252, 254, 261, 263, 264, 265, 268, 295, 296, 297, 302, 304, 305, 309, 311, 312, 313, 314, 316, 317, 318, 319, 321, 322, 323, 324, 326, 327, 328, 329, 331, 332, 333, 334, 336, 337, 338, 340, 341, 345, 347, 348, 349, 351, 352, 356], "excluded_lines": []}, "luigi/contrib/redis_store.py": {"executed_lines": [], "summary": {"covered_lines": 0, "num_statements": 30, "percent_covered": 0.0, "percent_covered_display": "0", "missing_lines": 30, "excluded_lines": 0}, "missing_lines": [18, 19, 21, 22, 24, 26, 27, 29, 30, 34, 38, 41, 60, 61, 62, 63, 64, 65, 66, 68, 76, 80, 82, 88, 89, 90, 92, 93, 95, 99], "excluded_lines": []}, "luigi/contrib/redshift.py": {"executed_lines": [], "summary": {"covered_lines": 0, "num_statements": 291, "percent_covered": 0.0, "percent_covered_display": "0", "missing_lines": 291, "excluded_lines": 0}, "missing_lines": [18, 19, 20, 21, 22, 24, 25, 26, 27, 29, 32, 33, 34, 35, 36, 40, 47, 48, 53, 55, 56, 60, 62, 63, 67, 69, 70, 74, 76, 77, 81, 83, 84, 88, 90, 91, 93, 95, 96, 98, 100, 106, 107, 111, 112, 118, 126, 133, 139, 141, 144, 165, 166, 170, 172, 173, 174, 184, 186, 187, 193, 195, 196, 202, 204, 205, 211, 213, 214, 222, 224, 225, 232, 234, 235, 239, 241, 247, 248, 249, 250, 252, 254, 255, 259, 261, 262, 266, 268, 269, 270, 271, 272, 274, 276, 277, 278, 279, 280, 282, 284, 288, 289, 291, 292, 294, 305, 307, 310, 312, 318, 319, 320, 322, 331, 332, 335, 342, 343, 344, 346, 355, 357, 360, 365, 366, 368, 369, 370, 371, 373, 374, 375, 377, 378, 381, 382, 385, 387, 393, 394, 395, 396, 397, 399, 411, 417, 425, 430, 431, 435, 437, 438, 439, 440, 441, 442, 444, 446, 451, 452, 456, 459, 460, 461, 462, 463, 465, 467, 471, 472, 473, 475, 476, 477, 479, 480, 482, 483, 484, 486, 487, 488, 490, 494, 495, 496, 498, 502, 503, 504, 507, 530, 531, 532, 536, 538, 539, 540, 547, 549, 554, 555, 564, 588, 589, 591, 592, 593, 594, 595, 596, 597, 601, 602, 603, 604, 605, 606, 607, 610, 626, 628, 629, 630, 631, 633, 634, 635, 636, 638, 639, 640, 641, 643, 644, 645, 646, 648, 649, 654, 656, 663, 671, 675, 678, 683, 684, 685, 686, 687, 688, 689, 690, 694, 695, 696, 697, 698, 700, 702, 703, 704, 706, 708, 711, 725, 731, 741, 754, 755, 759, 761, 762, 766, 768, 769, 773, 777, 778, 779, 781, 787, 789, 790, 791, 794, 796, 797, 799, 805], "excluded_lines": []}, "luigi/contrib/s3.py": {"executed_lines": [], "summary": {"covered_lines": 0, "num_statements": 375, "percent_covered": 0.0, "percent_covered_display": "0", "missing_lines": 375, "excluded_lines": 0}, "missing_lines": [17, 23, 24, 25, 26, 27, 28, 29, 31, 33, 35, 36, 37, 38, 39, 41, 43, 44, 45, 46, 47, 52, 53, 56, 57, 60, 61, 64, 65, 68, 73, 74, 75, 77, 79, 80, 81, 82, 83, 84, 85, 86, 88, 90, 91, 93, 95, 97, 98, 100, 101, 104, 105, 108, 110, 111, 112, 114, 116, 117, 118, 121, 123, 124, 131, 132, 134, 135, 140, 141, 142, 143, 145, 147, 149, 150, 151, 153, 157, 160, 161, 164, 165, 167, 168, 170, 171, 173, 180, 181, 182, 184, 185, 187, 188, 191, 192, 193, 194, 196, 197, 199, 202, 203, 205, 206, 207, 208, 209, 211, 213, 220, 221, 223, 227, 229, 230, 232, 239, 242, 244, 251, 252, 255, 258, 267, 269, 272, 274, 276, 279, 295, 297, 298, 303, 305, 306, 307, 308, 309, 310, 315, 317, 319, 321, 322, 323, 324, 325, 326, 327, 328, 329, 330, 331, 332, 333, 335, 336, 337, 338, 342, 343, 346, 348, 349, 351, 352, 353, 354, 355, 357, 359, 363, 365, 367, 374, 375, 376, 377, 379, 387, 388, 390, 394, 396, 399, 400, 402, 404, 405, 407, 408, 409, 411, 414, 415, 417, 418, 420, 422, 424, 425, 426, 428, 429, 431, 433, 435, 436, 438, 440, 449, 452, 454, 455, 456, 457, 458, 468, 469, 471, 473, 474, 475, 476, 477, 479, 481, 482, 483, 484, 485, 486, 487, 489, 490, 491, 492, 493, 494, 495, 496, 498, 500, 501, 502, 504, 505, 506, 508, 509, 510, 512, 513, 514, 516, 517, 522, 523, 525, 526, 532, 533, 534, 535, 536, 537, 539, 541, 544, 551, 552, 553, 554, 556, 557, 561, 562, 563, 564, 565, 566, 568, 569, 570, 572, 573, 574, 576, 577, 579, 580, 582, 583, 585, 586, 588, 589, 590, 591, 593, 594, 596, 597, 599, 600, 602, 603, 605, 606, 607, 609, 612, 614, 616, 619, 620, 621, 623, 624, 626, 627, 628, 629, 630, 633, 640, 642, 643, 644, 645, 647, 648, 649, 650, 652, 653, 654, 656, 657, 658, 659, 662, 663, 665, 668, 688, 690, 701, 702, 704, 705, 707, 708, 710, 711, 712, 715, 720, 721, 722, 725, 729, 731, 732, 735, 739, 741, 742, 745, 749, 750, 752, 753], "excluded_lines": []}, "luigi/contrib/salesforce.py": {"executed_lines": [], "summary": {"covered_lines": 0, "num_statements": 335, "percent_covered": 0.0, "percent_covered_display": "0", "missing_lines": 335, "excluded_lines": 0}, "missing_lines": [17, 18, 19, 20, 21, 22, 23, 24, 25, 26, 28, 29, 31, 33, 34, 35, 36, 39, 43, 44, 45, 46, 47, 48, 51, 52, 55, 59, 61, 62, 63, 64, 65, 66, 68, 69, 70, 72, 73, 76, 82, 83, 85, 86, 87, 89, 90, 93, 99, 100, 101, 104, 107, 108, 109, 110, 115, 117, 118, 123, 125, 126, 128, 130, 131, 132, 134, 136, 137, 139, 141, 142, 146, 148, 149, 150, 152, 158, 159, 161, 162, 163, 164, 165, 166, 168, 169, 170, 171, 172, 173, 176, 177, 179, 182, 183, 184, 185, 189, 190, 191, 192, 194, 195, 197, 198, 200, 201, 202, 204, 205, 206, 207, 208, 210, 214, 216, 217, 218, 219, 220, 221, 222, 223, 225, 227, 230, 235, 236, 237, 239, 240, 241, 242, 243, 244, 246, 247, 249, 250, 251, 253, 257, 258, 260, 263, 265, 266, 267, 268, 269, 271, 272, 273, 274, 276, 277, 279, 281, 282, 284, 290, 291, 295, 296, 298, 300, 314, 316, 320, 321, 322, 324, 326, 328, 341, 344, 347, 348, 350, 351, 353, 354, 359, 360, 361, 363, 364, 365, 366, 368, 370, 371, 374, 382, 383, 385, 386, 387, 388, 389, 391, 393, 401, 402, 404, 407, 409, 410, 411, 413, 420, 422, 424, 426, 434, 437, 439, 441, 448, 449, 451, 454, 456, 458, 471, 472, 474, 475, 477, 480, 482, 483, 484, 486, 494, 495, 497, 498, 499, 500, 501, 503, 504, 505, 507, 509, 513, 514, 516, 524, 526, 528, 529, 531, 533, 541, 543, 545, 547, 548, 550, 552, 554, 559, 560, 561, 563, 564, 565, 567, 568, 570, 572, 574, 576, 578, 580, 582, 584, 586, 588, 590, 592, 594, 596, 598, 600, 602, 604, 606, 608, 610, 612, 614, 616, 618, 619, 623, 625, 626, 629, 631, 632, 635, 637, 638, 639, 640, 642, 643, 644, 645, 647, 648, 650, 651, 653, 654, 656, 657, 658, 659, 660, 662, 663, 665, 666, 679, 680, 685, 694, 695, 701, 702], "excluded_lines": []}, "luigi/contrib/scalding.py": {"executed_lines": [], "summary": {"covered_lines": 0, "num_statements": 156, "percent_covered": 0.0, "percent_covered_display": "0", "missing_lines": 156, "excluded_lines": 0}, "missing_lines": [18, 19, 20, 21, 22, 24, 25, 26, 27, 28, 29, 31, 33, 61, 66, 67, 69, 70, 72, 73, 74, 76, 79, 81, 82, 85, 86, 87, 90, 91, 92, 94, 95, 97, 99, 100, 101, 103, 104, 105, 106, 107, 108, 109, 110, 112, 113, 115, 116, 118, 119, 120, 122, 123, 124, 126, 129, 130, 131, 132, 133, 134, 135, 136, 137, 138, 139, 140, 141, 142, 143, 144, 145, 147, 149, 150, 151, 152, 153, 154, 155, 156, 157, 158, 160, 161, 162, 163, 164, 165, 166, 168, 169, 171, 172, 173, 175, 180, 183, 186, 187, 190, 191, 192, 193, 195, 196, 197, 200, 201, 202, 203, 204, 205, 207, 208, 211, 213, 214, 216, 217, 218, 219, 220, 222, 224, 225, 228, 243, 247, 248, 249, 251, 257, 259, 265, 267, 271, 273, 277, 279, 280, 282, 287, 289, 290, 292, 296, 298, 302, 303, 304, 305, 306, 307, 308], "excluded_lines": []}, "luigi/contrib/sge.py": {"executed_lines": [], "summary": {"covered_lines": 0, "num_statements": 134, "percent_covered": 0.0, "percent_covered_display": "0", "missing_lines": 134, "excluded_lines": 0}, "missing_lines": [18, 92, 93, 94, 95, 96, 97, 98, 100, 101, 102, 104, 105, 107, 110, 117, 118, 119, 121, 122, 123, 124, 125, 126, 127, 128, 131, 139, 142, 144, 145, 150, 181, 182, 183, 184, 187, 190, 193, 196, 199, 203, 204, 205, 207, 208, 210, 214, 216, 217, 218, 219, 220, 221, 222, 223, 224, 225, 226, 228, 231, 232, 233, 234, 235, 236, 237, 238, 241, 242, 244, 247, 249, 250, 252, 253, 254, 256, 257, 266, 268, 270, 272, 273, 274, 275, 276, 277, 278, 279, 281, 282, 284, 287, 288, 289, 290, 292, 293, 296, 297, 298, 300, 303, 304, 305, 307, 310, 311, 312, 314, 315, 317, 321, 322, 323, 324, 325, 326, 327, 328, 329, 330, 332, 333, 334, 336, 337, 339, 340, 341, 344, 352, 353], "excluded_lines": []}, "luigi/contrib/sge_runner.py": {"executed_lines": [], "summary": {"covered_lines": 0, "num_statements": 40, "percent_covered": 0.0, "percent_covered_display": "0", "missing_lines": 40, "excluded_lines": 0}, "missing_lines": [18, 35, 36, 37, 38, 39, 42, 44, 48, 51, 52, 53, 56, 59, 60, 61, 62, 64, 66, 67, 68, 69, 70, 71, 72, 74, 77, 80, 81, 83, 84, 85, 86, 87, 88, 89, 91, 92, 95, 96], "excluded_lines": []}, "luigi/contrib/simulate.py": {"executed_lines": [], "summary": {"covered_lines": 0, "num_statements": 41, "percent_covered": 0.0, "percent_covered_display": "0", "missing_lines": 41, "excluded_lines": 0}, "missing_lines": [17, 21, 22, 23, 24, 25, 27, 29, 32, 56, 57, 61, 63, 64, 66, 67, 68, 69, 72, 73, 74, 75, 76, 77, 78, 79, 80, 82, 86, 87, 89, 91, 95, 97, 101, 103, 104, 105, 106, 107, 108], "excluded_lines": []}, "luigi/contrib/spark.py": {"executed_lines": [], "summary": {"covered_lines": 0, "num_statements": 235, "percent_covered": 0.0, "percent_covered_display": "0", "missing_lines": 235, "excluded_lines": 0}, "missing_lines": [18, 19, 20, 21, 22, 23, 24, 25, 26, 27, 29, 31, 32, 34, 37, 49, 50, 51, 54, 57, 59, 60, 61, 63, 65, 67, 72, 74, 75, 76, 78, 79, 80, 82, 83, 84, 86, 87, 88, 90, 91, 92, 94, 95, 96, 98, 99, 100, 102, 103, 104, 106, 107, 108, 111, 112, 113, 116, 117, 118, 120, 121, 122, 123, 124, 125, 126, 127, 129, 130, 131, 133, 134, 135, 137, 138, 139, 141, 142, 143, 145, 146, 147, 149, 150, 151, 153, 154, 155, 157, 158, 159, 161, 162, 163, 165, 166, 167, 169, 170, 171, 173, 174, 175, 177, 178, 179, 181, 182, 183, 186, 187, 188, 190, 191, 192, 193, 194, 195, 196, 198, 199, 201, 202, 204, 205, 206, 207, 208, 209, 210, 211, 212, 213, 214, 215, 216, 217, 218, 219, 220, 221, 222, 223, 224, 225, 226, 227, 228, 230, 231, 232, 233, 235, 236, 237, 239, 240, 241, 243, 244, 245, 246, 248, 249, 250, 251, 253, 254, 255, 256, 257, 258, 260, 261, 262, 263, 266, 278, 280, 281, 282, 284, 285, 286, 287, 288, 290, 291, 292, 293, 295, 302, 303, 305, 312, 314, 315, 316, 318, 319, 321, 322, 323, 324, 325, 327, 328, 329, 330, 331, 333, 335, 336, 337, 338, 339, 340, 341, 343, 345, 350, 351, 352, 353, 354, 355, 356, 357, 358, 359, 360, 361, 362, 363], "excluded_lines": []}, "luigi/contrib/sparkey.py": {"executed_lines": [], "summary": {"covered_lines": 0, "num_statements": 20, "percent_covered": 0.0, "percent_covered_display": "0", "missing_lines": 20, "excluded_lines": 0}, "missing_lines": [18, 21, 36, 38, 39, 41, 42, 44, 45, 47, 48, 49, 50, 53, 54, 55, 56, 57, 58, 61], "excluded_lines": []}, "luigi/contrib/sqla.py": {"executed_lines": [], "summary": {"covered_lines": 0, "num_statements": 127, "percent_covered": 0.0, "percent_covered_display": "0", "missing_lines": 127, "excluded_lines": 0}, "missing_lines": [17, 143, 144, 145, 146, 147, 148, 149, 150, 153, 162, 163, 164, 166, 182, 183, 185, 186, 187, 188, 189, 190, 192, 193, 200, 201, 202, 204, 209, 210, 212, 216, 217, 219, 220, 221, 222, 223, 226, 230, 231, 233, 234, 235, 236, 237, 238, 239, 241, 242, 244, 250, 251, 253, 255, 256, 257, 258, 263, 265, 266, 268, 269, 272, 282, 284, 285, 287, 288, 289, 290, 292, 293, 294, 295, 308, 313, 316, 317, 318, 320, 332, 333, 334, 336, 337, 339, 342, 344, 345, 347, 349, 350, 351, 352, 353, 355, 356, 357, 358, 359, 361, 365, 367, 368, 375, 381, 382, 383, 385, 386, 387, 388, 389, 390, 391, 392, 394, 395, 396, 398, 399, 400, 402, 413, 414, 415], "excluded_lines": []}, "luigi/contrib/ssh.py": {"executed_lines": [], "summary": {"covered_lines": 0, "num_statements": 206, "percent_covered": 0.0, "percent_covered_display": "0", "missing_lines": 206, "excluded_lines": 0}, "missing_lines": [17, 40, 41, 42, 43, 44, 45, 47, 48, 49, 52, 55, 56, 57, 58, 60, 61, 65, 67, 68, 69, 70, 71, 72, 73, 74, 75, 77, 78, 81, 82, 84, 85, 87, 88, 89, 91, 93, 94, 95, 96, 98, 99, 100, 102, 103, 105, 106, 109, 110, 112, 113, 114, 116, 120, 121, 123, 129, 130, 131, 132, 133, 135, 136, 143, 144, 151, 152, 153, 154, 155, 158, 160, 161, 163, 167, 168, 169, 170, 171, 173, 174, 176, 177, 178, 180, 181, 182, 184, 188, 189, 190, 191, 192, 194, 195, 197, 201, 202, 204, 206, 208, 209, 210, 211, 212, 213, 215, 217, 218, 220, 222, 223, 224, 225, 226, 227, 229, 230, 231, 232, 234, 235, 236, 238, 239, 240, 241, 242, 243, 244, 245, 246, 247, 248, 250, 252, 253, 254, 255, 257, 258, 259, 261, 263, 264, 265, 266, 267, 268, 269, 271, 272, 273, 276, 278, 279, 280, 283, 284, 285, 286, 288, 289, 292, 293, 295, 296, 297, 298, 300, 302, 303, 304, 306, 307, 308, 310, 311, 312, 315, 322, 323, 324, 325, 326, 327, 329, 330, 331, 333, 334, 335, 336, 337, 339, 340, 341, 343, 344, 346, 348, 350, 351, 353, 354], "excluded_lines": []}, "luigi/contrib/target.py": {"executed_lines": [], "summary": {"covered_lines": 0, "num_statements": 32, "percent_covered": 0.0, "percent_covered_display": "0", "missing_lines": 32, "excluded_lines": 0}, "missing_lines": [18, 19, 21, 23, 26, 36, 44, 45, 46, 47, 49, 50, 51, 52, 54, 55, 56, 57, 58, 60, 61, 62, 63, 64, 65, 66, 68, 69, 70, 71, 72, 74], "excluded_lines": []}, "luigi/contrib/webhdfs.py": {"executed_lines": [], "summary": {"covered_lines": 0, "num_statements": 51, "percent_covered": 0.0, "percent_covered_display": "0", "missing_lines": 51, "excluded_lines": 0}, "missing_lines": [17, 26, 28, 29, 30, 32, 35, 36, 38, 39, 40, 41, 42, 43, 45, 47, 48, 49, 51, 52, 56, 61, 63, 64, 65, 66, 68, 69, 70, 71, 73, 74, 75, 77, 78, 80, 81, 83, 84, 85, 86, 88, 89, 92, 97, 98, 99, 101, 102, 103, 106], "excluded_lines": []}, "luigi/date_interval.py": {"executed_lines": [], "summary": {"covered_lines": 0, "num_statements": 142, "percent_covered": 0.0, "percent_covered_display": "0", "missing_lines": 142, "excluded_lines": 0}, "missing_lines": [18, 34, 35, 38, 56, 57, 58, 60, 62, 63, 64, 65, 66, 68, 70, 72, 73, 74, 76, 77, 79, 80, 82, 84, 86, 88, 90, 91, 93, 94, 98, 100, 101, 105, 107, 108, 110, 111, 112, 114, 115, 117, 118, 120, 122, 124, 125, 126, 127, 129, 130, 131, 132, 134, 135, 136, 137, 139, 140, 141, 142, 144, 145, 146, 147, 148, 150, 152, 153, 156, 160, 161, 162, 163, 165, 166, 168, 169, 170, 172, 173, 174, 175, 178, 184, 186, 187, 188, 189, 190, 192, 193, 194, 196, 197, 199, 200, 201, 203, 204, 205, 206, 207, 210, 212, 213, 214, 215, 217, 218, 220, 221, 222, 224, 225, 226, 227, 228, 231, 233, 234, 235, 236, 238, 239, 241, 242, 243, 245, 246, 247, 248, 251, 259, 260, 262, 263, 264, 265, 266, 267, 268], "excluded_lines": []}, "luigi/db_task_history.py": {"executed_lines": [], "summary": {"covered_lines": 0, "num_statements": 143, "percent_covered": 0.0, "percent_covered_display": "0", "missing_lines": 143, "excluded_lines": 0}, "missing_lines": [18, 38, 39, 40, 43, 44, 45, 47, 48, 49, 50, 51, 52, 54, 57, 62, 64, 65, 66, 67, 69, 70, 71, 72, 73, 74, 76, 78, 79, 80, 81, 82, 83, 84, 86, 88, 89, 90, 92, 93, 94, 95, 97, 98, 99, 101, 102, 103, 104, 105, 106, 108, 109, 111, 112, 113, 115, 116, 117, 118, 119, 120, 121, 122, 124, 125, 126, 127, 128, 129, 130, 131, 133, 137, 138, 139, 140, 141, 143, 144, 146, 148, 150, 154, 156, 160, 161, 162, 169, 173, 174, 176, 180, 181, 183, 187, 188, 191, 195, 196, 197, 198, 200, 201, 204, 208, 209, 210, 211, 212, 214, 215, 218, 224, 225, 226, 227, 228, 229, 233, 238, 239, 242, 248, 249, 252, 253, 254, 255, 258, 259, 260, 261, 262, 263, 264, 265, 267, 268, 271, 272, 273, 278], "excluded_lines": []}, "luigi/event.py": {"executed_lines": [], "summary": {"covered_lines": 0, "num_statements": 13, "percent_covered": 0.0, "percent_covered_display": "0", "missing_lines": 13, "excluded_lines": 0}, "missing_lines": [18, 21, 23, 24, 25, 26, 27, 31, 32, 33, 34, 35, 36], "excluded_lines": []}, "luigi/execution_summary.py": {"executed_lines": [], "summary": {"covered_lines": 0, "num_statements": 271, "percent_covered": 0.0, "percent_covered_display": "0", "missing_lines": 271, "excluded_lines": 0}, "missing_lines": [17, 24, 25, 26, 27, 29, 32, 33, 36, 55, 56, 57, 58, 59, 60, 61, 64, 76, 77, 78, 79, 80, 81, 82, 84, 85, 87, 88, 91, 96, 97, 98, 99, 100, 102, 103, 104, 105, 107, 109, 110, 111, 112, 113, 114, 115, 118, 122, 125, 129, 130, 131, 134, 138, 139, 140, 141, 142, 143, 144, 145, 146, 147, 148, 149, 150, 151, 152, 153, 154, 155, 156, 157, 158, 159, 162, 165, 169, 171, 172, 173, 174, 175, 176, 177, 179, 181, 182, 183, 184, 185, 186, 187, 192, 193, 194, 195, 196, 197, 198, 200, 201, 203, 204, 205, 206, 207, 208, 209, 210, 211, 212, 213, 214, 215, 216, 217, 218, 219, 220, 221, 222, 225, 226, 229, 230, 231, 232, 233, 234, 235, 237, 238, 239, 240, 241, 244, 245, 246, 247, 248, 251, 252, 253, 254, 257, 261, 262, 263, 264, 265, 266, 267, 268, 271, 272, 273, 274, 275, 276, 277, 278, 279, 280, 281, 282, 283, 286, 287, 290, 291, 292, 294, 297, 298, 301, 305, 306, 307, 308, 309, 310, 314, 318, 333, 334, 350, 354, 355, 358, 362, 363, 364, 365, 366, 367, 368, 369, 370, 371, 372, 373, 376, 382, 383, 384, 385, 386, 387, 390, 391, 392, 393, 394, 397, 398, 399, 400, 401, 402, 407, 408, 409, 410, 411, 412, 413, 414, 415, 416, 417, 418, 419, 420, 421, 422, 423, 424, 425, 426, 427, 428, 429, 433, 434, 435, 436, 437, 438, 439, 440, 443, 447, 450, 454, 455, 456, 458, 459, 460, 461, 462, 463, 464, 465, 466, 468, 471, 472, 481, 486], "excluded_lines": []}, "luigi/format.py": {"executed_lines": [], "summary": {"covered_lines": 0, "num_statements": 315, "percent_covered": 0.0, "percent_covered_display": "0", "missing_lines": 315, "excluded_lines": 0}, "missing_lines": [18, 19, 20, 21, 22, 23, 24, 25, 28, 33, 34, 36, 38, 40, 45, 47, 48, 50, 51, 54, 56, 64, 66, 67, 69, 70, 71, 72, 74, 75, 76, 77, 78, 79, 80, 81, 82, 83, 84, 86, 89, 91, 96, 99, 101, 107, 109, 110, 111, 113, 114, 116, 117, 120, 122, 123, 125, 126, 128, 129, 131, 135, 136, 137, 138, 139, 140, 142, 143, 144, 146, 148, 149, 150, 151, 152, 153, 154, 156, 157, 158, 159, 161, 162, 164, 165, 167, 168, 171, 172, 174, 175, 176, 177, 178, 182, 184, 185, 186, 187, 188, 189, 191, 192, 193, 195, 199, 200, 201, 202, 203, 205, 206, 207, 209, 210, 211, 213, 215, 216, 218, 219, 220, 221, 222, 224, 226, 227, 229, 230, 231, 232, 233, 234, 235, 237, 238, 240, 241, 243, 244, 247, 249, 250, 251, 252, 253, 254, 256, 257, 258, 259, 261, 262, 263, 265, 266, 268, 269, 270, 271, 273, 276, 278, 279, 280, 282, 284, 285, 286, 288, 289, 291, 292, 294, 295, 297, 299, 300, 301, 303, 305, 309, 310, 311, 313, 315, 318, 322, 323, 324, 325, 326, 328, 329, 331, 332, 334, 335, 336, 337, 338, 341, 346, 347, 348, 350, 351, 352, 354, 355, 358, 360, 361, 362, 363, 364, 365, 366, 367, 368, 369, 370, 371, 372, 373, 374, 375, 384, 385, 387, 388, 389, 390, 392, 393, 394, 395, 398, 400, 402, 403, 405, 407, 409, 410, 412, 413, 414, 415, 417, 418, 419, 420, 421, 422, 424, 425, 426, 427, 429, 430, 431, 434, 435, 436, 438, 439, 442, 444, 445, 446, 448, 449, 451, 452, 455, 457, 458, 459, 462, 464, 465, 468, 470, 471, 472, 475, 477, 478, 480, 481, 483, 484, 486, 487, 488, 489, 490, 493, 495, 496, 498, 499, 501, 502, 505, 506, 507, 508, 509, 510, 511, 514, 515], "excluded_lines": []}, "luigi/freezing.py": {"executed_lines": [], "summary": {"covered_lines": 0, "num_statements": 32, "percent_covered": 0.0, "percent_covered_display": "0", "missing_lines": 32, "excluded_lines": 0}, "missing_lines": [7, 8, 9, 10, 11, 12, 13, 16, 22, 23, 24, 26, 27, 29, 30, 32, 33, 35, 37, 39, 40, 41, 42, 44, 46, 47, 50, 54, 55, 56, 57, 58], "excluded_lines": []}, "luigi/interface.py": {"executed_lines": [], "summary": {"covered_lines": 0, "num_statements": 90, "percent_covered": 0.0, "percent_covered_display": "0", "missing_lines": 90, "excluded_lines": 0}, "missing_lines": [17, 24, 25, 26, 27, 28, 29, 31, 32, 33, 34, 35, 36, 37, 38, 39, 42, 51, 53, 57, 61, 65, 70, 73, 76, 79, 82, 85, 88, 92, 96, 99, 103, 106, 110, 116, 118, 119, 121, 122, 124, 125, 129, 139, 140, 141, 142, 143, 145, 147, 148, 150, 152, 153, 155, 156, 158, 162, 164, 167, 168, 169, 170, 171, 172, 173, 174, 175, 176, 179, 183, 186, 194, 195, 198, 200, 201, 203, 204, 206, 207, 208, 209, 210, 211, 214, 234, 235, 237, 238], "excluded_lines": []}, "luigi/local_target.py": {"executed_lines": [], "summary": {"covered_lines": 0, "num_statements": 113, "percent_covered": 0.0, "percent_covered_display": "0", "missing_lines": 113, "excluded_lines": 0}, "missing_lines": [18, 22, 23, 24, 25, 26, 27, 28, 30, 31, 34, 39, 40, 42, 43, 46, 53, 54, 55, 56, 57, 58, 59, 61, 62, 64, 65, 66, 67, 68, 69, 71, 73, 74, 75, 76, 78, 79, 81, 82, 83, 85, 86, 88, 89, 90, 91, 92, 94, 95, 96, 98, 100, 106, 107, 108, 109, 110, 111, 112, 113, 114, 115, 116, 117, 118, 120, 122, 128, 131, 132, 134, 135, 136, 138, 139, 140, 141, 142, 143, 144, 146, 150, 151, 152, 153, 154, 155, 156, 158, 159, 160, 161, 162, 164, 165, 166, 169, 171, 172, 174, 175, 177, 178, 180, 181, 183, 184, 185, 186, 188, 189, 190], "excluded_lines": []}, "luigi/lock.py": {"executed_lines": [], "summary": {"covered_lines": 0, "num_statements": 78, "percent_covered": 0.0, "percent_covered_display": "0", "missing_lines": 78, "excluded_lines": 0}, "missing_lines": [17, 23, 24, 25, 26, 27, 30, 36, 38, 39, 40, 41, 42, 43, 44, 46, 47, 48, 49, 50, 51, 52, 53, 54, 55, 57, 64, 65, 66, 67, 70, 73, 76, 78, 79, 81, 82, 83, 85, 88, 98, 101, 102, 103, 104, 105, 106, 107, 111, 113, 114, 115, 116, 119, 121, 123, 124, 125, 128, 130, 132, 135, 138, 139, 140, 142, 145, 146, 147, 148, 149, 152, 153, 154, 157, 158, 159, 160], "excluded_lines": []}, "luigi/metrics.py": {"executed_lines": [], "summary": {"covered_lines": 0, "num_statements": 49, "percent_covered": 0.0, "percent_covered_display": "0", "missing_lines": 49, "excluded_lines": 0}, "missing_lines": [1, 3, 6, 7, 8, 9, 10, 12, 13, 14, 15, 16, 17, 18, 19, 20, 21, 23, 26, 31, 32, 33, 35, 36, 37, 39, 40, 41, 43, 44, 45, 47, 48, 49, 51, 52, 54, 55, 58, 62, 63, 65, 66, 68, 69, 71, 72, 74, 75], "excluded_lines": []}, "luigi/mock.py": {"executed_lines": [], "summary": {"covered_lines": 0, "num_statements": 97, "percent_covered": 0.0, "percent_covered_display": "0", "missing_lines": 97, "excluded_lines": 0}, "missing_lines": [17, 23, 24, 26, 28, 29, 32, 36, 38, 42, 43, 44, 45, 47, 49, 50, 51, 53, 54, 56, 57, 59, 63, 64, 65, 66, 67, 68, 69, 71, 73, 77, 78, 79, 80, 82, 86, 89, 90, 92, 96, 98, 99, 102, 103, 105, 106, 107, 108, 110, 111, 113, 117, 119, 123, 125, 126, 127, 129, 132, 134, 135, 137, 138, 139, 140, 141, 142, 144, 145, 146, 148, 149, 151, 152, 153, 154, 155, 156, 157, 158, 160, 161, 162, 164, 165, 167, 168, 170, 171, 173, 174, 176, 177, 178, 179, 181], "excluded_lines": []}, "luigi/notifications.py": {"executed_lines": [], "summary": {"covered_lines": 0, "num_statements": 160, "percent_covered": 0.0, "percent_covered_display": "0", "missing_lines": 160, "excluded_lines": 0}, "missing_lines": [18, 30, 31, 32, 33, 35, 36, 38, 39, 42, 54, 56, 57, 59, 60, 61, 62, 65, 66, 69, 74, 79, 83, 87, 93, 94, 98, 102, 106, 110, 114, 118, 122, 128, 129, 134, 135, 136, 137, 139, 141, 142, 144, 145, 146, 147, 149, 150, 151, 153, 156, 160, 161, 162, 163, 164, 165, 166, 167, 169, 170, 171, 173, 175, 177, 180, 181, 183, 184, 189, 190, 192, 193, 194, 195, 196, 197, 198, 200, 202, 203, 204, 207, 217, 219, 221, 222, 226, 232, 233, 234, 236, 241, 242, 244, 246, 247, 249, 252, 253, 254, 255, 256, 257, 258, 260, 263, 273, 275, 276, 279, 280, 282, 284, 290, 297, 304, 305, 306, 308, 309, 311, 315, 316, 317, 320, 322, 325, 326, 329, 330, 331, 332, 333, 334, 336, 337, 340, 344, 345, 346, 354, 359, 360, 362, 365, 376, 377, 379, 381, 382, 408, 409, 410, 413, 427, 428, 429, 430, 433], "excluded_lines": []}, "luigi/parameter.py": {"executed_lines": [], "summary": {"covered_lines": 0, "num_statements": 429, "percent_covered": 0.0, "percent_covered_display": "0", "missing_lines": 429, "excluded_lines": 0}, "missing_lines": [18, 23, 24, 25, 26, 27, 28, 29, 30, 32, 34, 35, 36, 37, 39, 42, 45, 50, 51, 52, 54, 55, 56, 58, 59, 62, 66, 69, 73, 76, 80, 83, 87, 90, 128, 130, 164, 165, 166, 167, 170, 171, 172, 173, 175, 176, 178, 179, 180, 182, 183, 185, 188, 190, 191, 192, 193, 195, 197, 198, 199, 200, 201, 202, 203, 205, 211, 212, 213, 214, 215, 216, 217, 218, 221, 223, 224, 226, 227, 228, 229, 231, 233, 234, 236, 246, 248, 258, 259, 260, 261, 263, 265, 273, 275, 276, 277, 278, 279, 281, 293, 295, 306, 308, 309, 310, 312, 314, 315, 316, 318, 319, 320, 326, 329, 330, 331, 333, 335, 336, 338, 339, 340, 341, 342, 346, 349, 354, 355, 356, 357, 359, 360, 361, 365, 367, 371, 373, 377, 378, 379, 382, 413, 415, 416, 418, 419, 420, 422, 423, 425, 426, 429, 439, 441, 449, 450, 451, 453, 454, 456, 457, 458, 460, 461, 463, 464, 466, 469, 478, 480, 481, 483, 484, 485, 487, 488, 490, 491, 494, 499, 500, 501, 502, 504, 505, 506, 510, 512, 513, 514, 518, 520, 524, 526, 530, 531, 532, 534, 535, 536, 537, 538, 540, 545, 546, 548, 550, 551, 552, 553, 555, 556, 559, 568, 569, 572, 583, 584, 585, 587, 588, 589, 590, 595, 596, 597, 600, 611, 612, 615, 620, 624, 626, 627, 630, 635, 639, 642, 671, 672, 674, 676, 677, 678, 679, 680, 682, 686, 687, 688, 689, 690, 692, 694, 695, 696, 697, 698, 700, 701, 702, 703, 704, 705, 706, 708, 709, 712, 722, 731, 733, 734, 735, 736, 738, 741, 753, 754, 755, 756, 757, 758, 759, 760, 761, 762, 763, 764, 765, 767, 768, 769, 771, 772, 775, 777, 779, 780, 783, 784, 786, 792, 793, 794, 795, 796, 798, 800, 806, 807, 808, 809, 810, 811, 812, 814, 815, 816, 817, 818, 821, 840, 844, 846, 850, 853, 876, 877, 878, 879, 880, 882, 883, 884, 885, 886, 888, 889, 892, 917, 919, 920, 921, 922, 923, 925, 926, 928, 929, 930, 931, 932, 934, 936, 937, 940, 945, 946, 947, 948, 951, 984, 988, 990, 1002, 1003, 1004, 1006, 1007, 1010, 1041, 1048, 1050, 1057, 1058, 1059, 1060, 1062, 1070, 1073, 1102, 1121, 1123, 1124, 1125, 1128, 1150, 1170, 1171, 1172, 1173, 1174, 1175, 1176, 1177, 1178, 1179, 1180, 1181, 1187, 1188, 1189, 1191, 1192, 1194, 1195, 1196, 1197, 1199, 1204, 1229, 1237, 1238, 1239, 1240, 1241, 1242, 1243, 1244, 1246, 1247, 1250, 1251, 1252, 1254, 1255, 1256, 1258], "excluded_lines": []}, "luigi/process.py": {"executed_lines": [], "summary": {"covered_lines": 0, "num_statements": 64, "percent_covered": 0.0, "percent_covered_display": "0", "missing_lines": 64, "excluded_lines": 0}, "missing_lines": [17, 21, 22, 23, 24, 26, 27, 30, 31, 32, 33, 34, 35, 36, 37, 38, 41, 42, 43, 44, 45, 46, 47, 48, 50, 51, 54, 55, 58, 59, 65, 66, 67, 70, 71, 72, 73, 74, 77, 78, 80, 81, 82, 84, 87, 88, 92, 96, 97, 99, 100, 106, 108, 114, 115, 116, 118, 119, 120, 121, 122, 123, 124, 126], "excluded_lines": []}, "luigi/retcodes.py": {"executed_lines": [], "summary": {"covered_lines": 0, "num_statements": 39, "percent_covered": 0.0, "percent_covered_display": "0", "missing_lines": 39, "excluded_lines": 0}, "missing_lines": [17, 23, 24, 25, 26, 27, 30, 35, 39, 43, 47, 51, 56, 61, 69, 70, 71, 73, 74, 75, 76, 77, 78, 80, 81, 82, 83, 85, 86, 87, 88, 90, 91, 92, 94, 101, 103, 106, 108], "excluded_lines": []}, "luigi/rpc.py": {"executed_lines": [], "summary": {"covered_lines": 0, "num_statements": 102, "percent_covered": 0.0, "percent_covered_display": "0", "missing_lines": 102, "excluded_lines": 0}, "missing_lines": [17, 22, 23, 24, 25, 26, 28, 29, 30, 32, 33, 34, 36, 37, 40, 41, 42, 43, 44, 45, 46, 47, 50, 53, 58, 59, 60, 65, 67, 68, 69, 72, 73, 75, 77, 78, 80, 81, 83, 84, 85, 87, 90, 91, 93, 95, 96, 97, 100, 101, 102, 103, 104, 105, 107, 110, 111, 112, 114, 115, 116, 117, 118, 121, 126, 127, 131, 132, 134, 135, 136, 138, 139, 140, 142, 143, 145, 147, 148, 149, 150, 151, 152, 154, 159, 160, 161, 163, 164, 165, 166, 171, 173, 174, 176, 177, 178, 179, 180, 181, 184, 185], "excluded_lines": []}, "luigi/scheduler.py": {"executed_lines": [], "summary": {"covered_lines": 0, "num_statements": 1071, "percent_covered": 0.0, "percent_covered_display": "0", "missing_lines": 1071, "excluded_lines": 0}, "missing_lines": [17, 24, 25, 26, 28, 30, 31, 32, 33, 34, 35, 36, 37, 38, 39, 41, 42, 43, 44, 45, 47, 48, 50, 52, 54, 55, 56, 57, 59, 66, 67, 75, 76, 78, 80, 82, 87, 90, 91, 94, 95, 98, 99, 100, 101, 102, 103, 104, 106, 107, 108, 109, 110, 111, 112, 114, 116, 117, 119, 122, 123, 124, 125, 126, 128, 132, 133, 134, 135, 136, 137, 139, 141, 143, 145, 147, 149, 151, 155, 156, 159, 160, 161, 163, 166, 173, 174, 175, 176, 177, 178, 180, 181, 183, 184, 186, 187, 188, 189, 190, 192, 193, 194, 195, 196, 198, 199, 200, 201, 202, 203, 205, 206, 207, 208, 209, 210, 212, 213, 214, 215, 216, 218, 219, 220, 221, 223, 224, 225, 226, 228, 229, 230, 231, 234, 235, 238, 239, 240, 241, 242, 244, 245, 246, 247, 248, 249, 250, 251, 252, 253, 254, 255, 256, 257, 258, 259, 260, 261, 262, 263, 264, 265, 266, 267, 268, 269, 270, 271, 272, 273, 275, 276, 278, 279, 280, 282, 287, 288, 289, 290, 291, 293, 297, 299, 300, 302, 304, 308, 310, 311, 313, 315, 316, 317, 318, 320, 321, 322, 323, 325, 327, 331, 332, 334, 335, 336, 337, 340, 345, 346, 347, 348, 349, 350, 351, 352, 353, 354, 356, 357, 359, 360, 361, 362, 363, 364, 366, 368, 369, 371, 372, 373, 374, 375, 377, 379, 386, 387, 388, 390, 391, 392, 394, 395, 396, 398, 399, 400, 401, 403, 405, 407, 409, 410, 411, 412, 414, 415, 418, 427, 428, 429, 430, 431, 432, 433, 435, 436, 438, 439, 440, 441, 443, 444, 445, 446, 447, 448, 450, 453, 454, 455, 456, 457, 458, 459, 460, 461, 463, 464, 465, 466, 468, 470, 471, 473, 474, 476, 477, 478, 480, 482, 483, 484, 489, 490, 491, 493, 494, 496, 500, 502, 503, 504, 505, 506, 508, 510, 511, 513, 514, 515, 516, 517, 518, 520, 521, 522, 523, 524, 525, 527, 528, 529, 531, 532, 534, 536, 537, 538, 541, 542, 544, 545, 546, 547, 548, 550, 551, 552, 553, 554, 555, 556, 565, 566, 568, 569, 570, 571, 572, 573, 575, 576, 577, 578, 580, 582, 583, 586, 587, 588, 590, 592, 595, 597, 600, 601, 602, 605, 606, 608, 609, 611, 615, 616, 617, 619, 620, 621, 622, 623, 624, 626, 627, 629, 630, 632, 633, 635, 636, 638, 640, 641, 642, 644, 645, 646, 647, 648, 650, 651, 652, 653, 654, 655, 657, 658, 659, 660, 661, 662, 663, 666, 673, 680, 681, 683, 684, 685, 686, 687, 689, 690, 691, 692, 693, 695, 696, 698, 700, 701, 703, 704, 705, 706, 708, 709, 710, 711, 712, 713, 714, 716, 717, 718, 719, 720, 721, 723, 725, 726, 727, 729, 730, 731, 732, 733, 734, 736, 738, 739, 740, 742, 745, 746, 747, 749, 756, 757, 758, 759, 760, 762, 763, 764, 766, 767, 768, 769, 770, 771, 774, 776, 777, 778, 780, 781, 782, 783, 784, 785, 788, 789, 790, 791, 793, 794, 806, 807, 808, 810, 812, 813, 815, 817, 818, 823, 825, 827, 828, 831, 832, 835, 836, 837, 838, 839, 840, 841, 842, 844, 845, 846, 847, 848, 850, 851, 852, 854, 855, 857, 858, 859, 860, 861, 863, 864, 866, 867, 869, 870, 871, 872, 873, 875, 876, 877, 878, 880, 884, 885, 887, 888, 889, 890, 896, 897, 898, 899, 900, 902, 904, 905, 908, 909, 911, 912, 914, 915, 917, 918, 922, 923, 924, 926, 930, 932, 933, 934, 935, 937, 938, 939, 940, 941, 942, 943, 944, 950, 951, 953, 954, 955, 957, 958, 959, 961, 962, 963, 965, 966, 967, 968, 970, 971, 974, 976, 977, 978, 979, 980, 982, 983, 984, 985, 986, 987, 988, 990, 991, 992, 994, 995, 996, 998, 999, 1000, 1002, 1003, 1004, 1005, 1007, 1008, 1009, 1010, 1012, 1013, 1014, 1015, 1016, 1018, 1019, 1020, 1021, 1022, 1023, 1025, 1026, 1027, 1028, 1030, 1031, 1032, 1034, 1035, 1036, 1037, 1038, 1040, 1041, 1042, 1043, 1044, 1045, 1046, 1047, 1048, 1050, 1057, 1059, 1060, 1061, 1062, 1063, 1064, 1065, 1066, 1068, 1069, 1074, 1078, 1079, 1081, 1082, 1083, 1085, 1086, 1088, 1089, 1090, 1091, 1094, 1095, 1096, 1097, 1098, 1100, 1101, 1102, 1103, 1104, 1105, 1107, 1115, 1116, 1130, 1131, 1133, 1134, 1135, 1139, 1140, 1146, 1148, 1149, 1151, 1152, 1153, 1154, 1155, 1156, 1157, 1159, 1161, 1163, 1165, 1166, 1167, 1168, 1169, 1170, 1171, 1173, 1174, 1175, 1176, 1177, 1179, 1180, 1182, 1183, 1187, 1188, 1189, 1190, 1191, 1193, 1194, 1195, 1196, 1198, 1199, 1200, 1201, 1202, 1204, 1205, 1206, 1209, 1213, 1214, 1215, 1217, 1218, 1219, 1221, 1224, 1225, 1227, 1229, 1231, 1232, 1233, 1234, 1235, 1237, 1238, 1240, 1241, 1242, 1243, 1244, 1245, 1247, 1248, 1249, 1250, 1251, 1252, 1253, 1255, 1256, 1257, 1258, 1261, 1263, 1265, 1266, 1267, 1268, 1269, 1271, 1272, 1273, 1274, 1275, 1277, 1278, 1279, 1280, 1281, 1282, 1283, 1284, 1285, 1286, 1288, 1289, 1290, 1293, 1296, 1297, 1299, 1300, 1302, 1319, 1320, 1321, 1322, 1323, 1324, 1325, 1327, 1328, 1329, 1330, 1331, 1332, 1333, 1334, 1336, 1337, 1338, 1339, 1340, 1342, 1352, 1353, 1354, 1355, 1357, 1358, 1359, 1361, 1362, 1363, 1364, 1365, 1367, 1368, 1369, 1373, 1374, 1375, 1376, 1387, 1388, 1389, 1390, 1391, 1392, 1393, 1394, 1396, 1397, 1398, 1399, 1401, 1403, 1404, 1405, 1406, 1407, 1408, 1410, 1411, 1412, 1413, 1414, 1415, 1416, 1417, 1418, 1419, 1422, 1423, 1428, 1429, 1430, 1431, 1432, 1433, 1435, 1436, 1437, 1438, 1439, 1441, 1443, 1444, 1446, 1447, 1448, 1449, 1450, 1451, 1452, 1453, 1455, 1456, 1457, 1458, 1460, 1462, 1463, 1464, 1465, 1475, 1476, 1477, 1478, 1479, 1480, 1482, 1483, 1484, 1485, 1486, 1487, 1488, 1490, 1491, 1492, 1493, 1494, 1495, 1496, 1498, 1499, 1503, 1504, 1510, 1511, 1512, 1513, 1514, 1515, 1516, 1517, 1518, 1519, 1520, 1522, 1524, 1525, 1526, 1527, 1528, 1529, 1531, 1532, 1534, 1535, 1542, 1543, 1544, 1545, 1546, 1547, 1548, 1550, 1551, 1552, 1553, 1554, 1555, 1556, 1557, 1559, 1560, 1561, 1562, 1563, 1565, 1567, 1568, 1569, 1570, 1571, 1572, 1573, 1574, 1576, 1577, 1578, 1579, 1580, 1582, 1584, 1585, 1586, 1587, 1588, 1589, 1590, 1591, 1593, 1594, 1595, 1596, 1597, 1599, 1601, 1602, 1603, 1604, 1605, 1606, 1608, 1609, 1610, 1611, 1613, 1614, 1615, 1616, 1618, 1619, 1620, 1621, 1622, 1624, 1626, 1627, 1628, 1629, 1630, 1631, 1632, 1633, 1634, 1635, 1636, 1638, 1639, 1641, 1643, 1644, 1645], "excluded_lines": []}, "luigi/server.py": {"executed_lines": [], "summary": {"covered_lines": 0, "num_statements": 201, "percent_covered": 0.0, "percent_covered_display": "0", "missing_lines": 201, "excluded_lines": 0}, "missing_lines": [17, 38, 39, 40, 41, 42, 43, 44, 45, 47, 48, 49, 50, 51, 53, 54, 56, 59, 60, 63, 66, 69, 72, 75, 78, 81, 84, 88, 89, 90, 93, 98, 99, 100, 102, 103, 105, 106, 107, 109, 110, 112, 113, 114, 115, 116, 117, 119, 120, 122, 123, 125, 127, 129, 131, 132, 133, 134, 136, 137, 138, 139, 141, 142, 143, 144, 145, 146, 148, 149, 150, 151, 153, 154, 155, 157, 158, 159, 160, 161, 163, 164, 165, 166, 167, 168, 169, 170, 173, 174, 175, 177, 178, 181, 182, 183, 184, 188, 191, 192, 193, 194, 196, 198, 201, 203, 205, 206, 207, 208, 211, 216, 220, 221, 222, 223, 224, 227, 229, 230, 232, 234, 235, 236, 237, 238, 240, 241, 243, 246, 247, 248, 249, 252, 253, 254, 255, 258, 259, 260, 261, 264, 265, 266, 267, 268, 269, 272, 273, 280, 282, 284, 285, 288, 289, 290, 292, 293, 294, 295, 296, 297, 300, 301, 305, 316, 317, 320, 321, 322, 323, 325, 326, 327, 330, 333, 337, 338, 341, 343, 351, 352, 354, 355, 356, 358, 359, 360, 361, 362, 364, 365, 366, 367, 369, 371, 373, 376, 377, 380, 381], "excluded_lines": []}, "luigi/setup_logging.py": {"executed_lines": [], "summary": {"covered_lines": 0, "num_statements": 97, "percent_covered": 0.0, "percent_covered_display": "0", "missing_lines": 97, "excluded_lines": 0}, "missing_lines": [17, 22, 23, 24, 26, 28, 31, 32, 34, 35, 37, 38, 39, 40, 41, 42, 43, 44, 46, 47, 55, 57, 58, 59, 60, 62, 63, 64, 66, 67, 68, 69, 70, 72, 73, 74, 75, 76, 78, 79, 80, 81, 82, 84, 85, 86, 87, 88, 91, 94, 95, 97, 98, 107, 108, 109, 111, 112, 116, 118, 120, 121, 123, 124, 125, 127, 130, 132, 133, 135, 136, 138, 139, 143, 145, 147, 148, 149, 151, 152, 154, 155, 157, 160, 162, 163, 165, 166, 168, 170, 171, 173, 174, 176, 177, 179, 180], "excluded_lines": []}, "luigi/target.py": {"executed_lines": [], "summary": {"covered_lines": 0, "num_statements": 100, "percent_covered": 0.0, "percent_covered_display": "0", "missing_lines": 100, "excluded_lines": 0}, "missing_lines": [17, 22, 23, 24, 25, 26, 27, 28, 29, 31, 34, 46, 47, 51, 54, 58, 61, 66, 69, 74, 77, 82, 85, 97, 98, 104, 106, 107, 114, 116, 130, 132, 140, 142, 152, 154, 158, 160, 169, 170, 171, 172, 174, 178, 180, 186, 190, 209, 216, 218, 219, 220, 224, 226, 227, 239, 241, 247, 248, 249, 251, 253, 259, 261, 262, 287, 288, 289, 294, 295, 296, 298, 300, 302, 303, 304, 306, 309, 312, 321, 322, 323, 324, 326, 327, 328, 330, 331, 333, 334, 336, 337, 338, 340, 341, 342, 344, 346, 347, 348], "excluded_lines": []}, "luigi/task.py": {"executed_lines": [], "summary": {"covered_lines": 0, "num_statements": 334, "percent_covered": 0.0, "percent_covered_display": "0", "missing_lines": 334, "excluded_lines": 0}, "missing_lines": [17, 23, 24, 25, 26, 27, 28, 29, 30, 31, 33, 35, 36, 37, 39, 40, 43, 44, 45, 46, 47, 50, 82, 85, 112, 115, 125, 126, 128, 130, 132, 135, 142, 145, 171, 176, 177, 181, 186, 189, 191, 192, 197, 199, 200, 205, 207, 208, 213, 215, 216, 221, 223, 224, 225, 226, 228, 229, 235, 237, 241, 242, 243, 244, 245, 247, 249, 250, 253, 255, 256, 260, 261, 262, 263, 265, 269, 270, 271, 272, 273, 275, 276, 277, 278, 279, 281, 282, 287, 289, 290, 293, 295, 297, 301, 303, 304, 314, 315, 321, 322, 323, 324, 325, 327, 328, 336, 338, 339, 348, 349, 351, 353, 354, 359, 360, 361, 362, 363, 365, 368, 369, 371, 372, 373, 375, 376, 377, 379, 380, 389, 391, 393, 397, 400, 401, 402, 403, 404, 405, 408, 409, 410, 411, 412, 413, 416, 417, 418, 419, 420, 422, 424, 425, 427, 429, 431, 432, 433, 436, 437, 440, 442, 443, 444, 446, 447, 448, 450, 451, 452, 453, 455, 459, 461, 462, 463, 464, 466, 467, 473, 474, 475, 476, 477, 478, 480, 482, 484, 488, 489, 490, 491, 494, 496, 498, 499, 500, 501, 502, 503, 505, 507, 520, 521, 523, 524, 525, 526, 527, 528, 530, 532, 533, 535, 539, 540, 543, 544, 545, 546, 547, 549, 551, 553, 554, 556, 563, 564, 565, 569, 571, 573, 574, 581, 583, 599, 601, 613, 615, 625, 627, 633, 635, 644, 646, 653, 655, 661, 663, 675, 676, 678, 687, 689, 690, 708, 709, 710, 711, 712, 713, 715, 717, 718, 721, 729, 730, 731, 732, 733, 734, 735, 736, 737, 738, 740, 741, 742, 745, 753, 756, 799, 800, 802, 804, 805, 807, 808, 809, 812, 813, 816, 821, 822, 825, 831, 834, 838, 839, 840, 841, 842, 843, 846, 847, 848, 849, 852, 867, 868, 869, 870, 871, 872, 873, 874, 875, 877, 879, 880, 881, 883, 884, 885, 888, 894, 895, 896, 897, 898, 901, 907, 908], "excluded_lines": []}, "luigi/task_history.py": {"executed_lines": [], "summary": {"covered_lines": 0, "num_statements": 33, "percent_covered": 0.0, "percent_covered_display": "0", "missing_lines": 33, "excluded_lines": 0}, "missing_lines": [17, 22, 23, 26, 29, 37, 38, 39, 40, 41, 43, 44, 45, 47, 48, 49, 52, 57, 58, 59, 61, 62, 63, 65, 66, 67, 72, 74, 75, 77, 78, 80, 81], "excluded_lines": []}, "luigi/task_register.py": {"executed_lines": [], "summary": {"covered_lines": 0, "num_statements": 122, "percent_covered": 0.0, "percent_covered_display": "0", "missing_lines": 122, "excluded_lines": 0}, "missing_lines": [17, 21, 23, 24, 27, 28, 31, 32, 35, 36, 39, 49, 50, 51, 52, 53, 57, 66, 67, 68, 69, 71, 78, 79, 81, 83, 84, 86, 87, 89, 91, 92, 93, 94, 95, 97, 98, 100, 102, 103, 107, 109, 110, 114, 116, 117, 121, 122, 124, 126, 127, 133, 134, 135, 136, 138, 139, 145, 147, 149, 151, 152, 155, 157, 158, 162, 164, 165, 169, 171, 172, 176, 177, 178, 180, 181, 182, 184, 185, 191, 192, 193, 194, 195, 197, 198, 200, 201, 203, 204, 206, 207, 208, 210, 212, 214, 215, 216, 217, 218, 219, 220, 222, 224, 225, 226, 227, 228, 229, 230, 232, 233, 238, 239, 240, 241, 242, 245, 249, 250, 251, 252], "excluded_lines": []}, "luigi/task_status.py": {"executed_lines": [], "summary": {"covered_lines": 0, "num_statements": 9, "percent_covered": 0.0, "percent_covered_display": "0", "missing_lines": 9, "excluded_lines": 0}, "missing_lines": [17, 21, 22, 23, 24, 25, 26, 27, 28], "excluded_lines": []}, "luigi/test__partition_tasks.py": {"executed_lines": [], "summary": {"covered_lines": 0, "num_statements": 45, "percent_covered": 0.0, "percent_covered_display": "0", "missing_lines": 45, "excluded_lines": 0}, "missing_lines": [1, 2, 3, 4, 5, 6, 7, 8, 9, 10, 11, 12, 13, 14, 15, 16, 17, 18, 19, 20, 21, 22, 23, 24, 25, 26, 28, 29, 31, 33, 34, 35, 51, 52, 53, 69, 70, 71, 72, 73, 76, 77, 78, 79, 80], "excluded_lines": []}, "luigi/tools/deps.py": {"executed_lines": [], "summary": {"covered_lines": 0, "num_statements": 58, "percent_covered": 0.0, "percent_covered_display": "0", "missing_lines": 58, "excluded_lines": 0}, "missing_lines": [39, 40, 41, 42, 43, 44, 45, 46, 47, 48, 49, 50, 51, 54, 55, 58, 59, 60, 61, 62, 63, 64, 65, 66, 69, 73, 76, 83, 86, 90, 91, 92, 95, 99, 101, 102, 103, 104, 105, 106, 107, 108, 110, 112, 115, 116, 117, 118, 120, 121, 122, 123, 125, 127, 128, 129, 132, 133], "excluded_lines": []}, "luigi/tools/deps_tree.py": {"executed_lines": [], "summary": {"covered_lines": 0, "num_statements": 34, "percent_covered": 0.0, "percent_covered_display": "0", "missing_lines": 34, "excluded_lines": 0}, "missing_lines": [2, 26, 27, 28, 29, 32, 36, 37, 38, 41, 46, 47, 48, 49, 50, 51, 52, 53, 54, 55, 57, 58, 59, 60, 61, 62, 63, 66, 67, 68, 69, 70, 73, 74], "excluded_lines": []}, "luigi/tools/luigi_grep.py": {"executed_lines": [], "summary": {"covered_lines": 0, "num_statements": 58, "percent_covered": 0.0, "percent_covered_display": "0", "missing_lines": 58, "excluded_lines": 0}, "missing_lines": [3, 4, 5, 7, 10, 12, 13, 14, 16, 17, 18, 20, 22, 23, 24, 26, 27, 28, 29, 30, 31, 32, 34, 35, 37, 39, 40, 41, 42, 43, 45, 47, 48, 49, 50, 51, 52, 55, 56, 58, 60, 62, 63, 65, 66, 68, 69, 70, 71, 72, 74, 75, 76, 77, 78, 79, 82, 83], "excluded_lines": []}, "luigi/tools/range.py": {"executed_lines": [], "summary": {"covered_lines": 0, "num_statements": 332, "percent_covered": 0.0, "percent_covered_display": "0", "missing_lines": 332, "excluded_lines": 0}, "missing_lines": [16, 27, 28, 29, 30, 31, 32, 33, 34, 36, 38, 39, 40, 41, 44, 47, 65, 66, 67, 70, 91, 93, 97, 98, 99, 102, 106, 109, 114, 115, 119, 120, 121, 122, 125, 126, 128, 129, 131, 135, 137, 141, 143, 148, 150, 155, 157, 162, 164, 171, 175, 176, 178, 179, 180, 181, 183, 184, 186, 187, 188, 189, 191, 192, 194, 195, 196, 197, 199, 201, 202, 203, 204, 206, 208, 209, 211, 212, 213, 214, 215, 216, 219, 221, 222, 223, 224, 226, 228, 229, 231, 232, 235, 236, 238, 240, 241, 243, 244, 245, 247, 248, 250, 251, 253, 263, 265, 269, 270, 271, 272, 273, 274, 276, 279, 283, 286, 289, 298, 302, 303, 305, 306, 308, 312, 314, 318, 319, 321, 322, 324, 325, 327, 331, 332, 333, 334, 335, 336, 337, 338, 341, 345, 348, 351, 361, 365, 366, 368, 369, 371, 375, 377, 381, 383, 384, 386, 387, 389, 393, 394, 395, 396, 397, 398, 399, 400, 402, 403, 406, 410, 413, 416, 425, 430, 435, 436, 438, 439, 441, 445, 447, 451, 452, 454, 455, 457, 458, 460, 465, 466, 467, 468, 470, 471, 477, 478, 479, 480, 481, 482, 483, 485, 486, 489, 500, 504, 505, 506, 508, 510, 511, 512, 513, 515, 516, 517, 518, 519, 520, 521, 522, 523, 524, 525, 526, 529, 530, 531, 534, 543, 546, 548, 549, 550, 552, 555, 557, 558, 559, 562, 565, 576, 577, 578, 579, 581, 582, 583, 586, 587, 588, 590, 591, 592, 595, 602, 603, 604, 605, 606, 607, 608, 609, 611, 614, 627, 628, 629, 630, 631, 634, 635, 636, 637, 639, 642, 650, 653, 656, 665, 670, 671, 673, 674, 676, 680, 682, 686, 687, 689, 690, 692, 693, 695, 696, 698, 699, 701, 705, 706, 707, 708, 709, 710, 711, 712, 713, 716, 730, 731, 732, 733, 734, 735, 736, 742, 758, 759, 761, 762, 763, 764, 765, 771, 787, 788, 789, 790, 791, 792, 793], "excluded_lines": []}, "luigi/util.py": {"executed_lines": [], "summary": {"covered_lines": 0, "num_statements": 105, "percent_covered": 0.0, "percent_covered_display": "0", "missing_lines": 105, "excluded_lines": 0}, "missing_lines": [17, 220, 221, 223, 224, 227, 230, 234, 235, 237, 238, 239, 240, 241, 242, 243, 244, 247, 282, 283, 284, 285, 287, 289, 291, 292, 294, 296, 299, 300, 301, 303, 304, 308, 310, 313, 321, 322, 323, 324, 326, 328, 329, 334, 335, 336, 338, 341, 355, 356, 357, 359, 360, 363, 364, 366, 367, 368, 369, 370, 371, 373, 376, 397, 401, 403, 404, 406, 408, 410, 411, 412, 413, 415, 418, 426, 427, 428, 430, 431, 433, 434, 435, 436, 437, 438, 439, 440, 441, 442, 444, 446, 448, 449, 450, 451, 453, 456, 457, 458, 459, 460, 461, 462, 463], "excluded_lines": []}, "luigi/worker.py": {"executed_lines": [], "summary": {"covered_lines": 0, "num_statements": 700, "percent_covered": 0.0, "percent_covered_display": "0", "missing_lines": 700, "excluded_lines": 0}, "missing_lines": [17, 31, 32, 33, 34, 35, 36, 37, 38, 39, 40, 41, 43, 44, 45, 46, 47, 48, 49, 51, 52, 53, 54, 55, 56, 57, 58, 59, 60, 62, 64, 68, 77, 80, 81, 84, 85, 88, 89, 92, 102, 110, 118, 121, 122, 123, 124, 125, 126, 127, 128, 129, 130, 132, 133, 135, 136, 138, 139, 140, 141, 142, 144, 145, 146, 148, 149, 150, 152, 154, 156, 157, 159, 161, 163, 164, 165, 166, 167, 172, 173, 174, 175, 176, 177, 178, 179, 181, 183, 184, 186, 187, 190, 191, 192, 193, 194, 196, 198, 200, 201, 204, 205, 207, 208, 210, 212, 213, 214, 215, 216, 219, 222, 223, 224, 225, 227, 228, 230, 231, 232, 235, 236, 239, 240, 241, 242, 243, 244, 245, 247, 250, 251, 252, 253, 255, 256, 258, 259, 260, 261, 264, 265, 270, 271, 272, 273, 275, 276, 277, 278, 279, 280, 282, 283, 285, 288, 295, 296, 297, 298, 299, 301, 302, 309, 310, 312, 313, 315, 316, 319, 325, 326, 328, 329, 330, 332, 333, 335, 336, 338, 339, 341, 342, 345, 352, 353, 355, 356, 358, 359, 362, 367, 368, 370, 371, 372, 373, 374, 377, 382, 383, 386, 391, 392, 395, 399, 400, 401, 402, 403, 404, 407, 410, 412, 414, 416, 421, 425, 427, 429, 431, 433, 435, 437, 441, 444, 447, 450, 454, 457, 465, 470, 471, 472, 473, 474, 475, 476, 478, 479, 481, 482, 483, 484, 485, 486, 487, 488, 489, 490, 491, 492, 495, 496, 497, 500, 501, 502, 505, 515, 516, 517, 519, 520, 522, 524, 526, 527, 529, 530, 531, 532, 534, 535, 536, 537, 538, 540, 542, 543, 545, 549, 550, 551, 552, 553, 554, 557, 558, 559, 562, 563, 565, 570, 571, 572, 573, 574, 575, 576, 578, 579, 580, 582, 583, 585, 587, 589, 593, 596, 597, 598, 600, 604, 605, 606, 607, 608, 609, 610, 612, 615, 617, 618, 619, 620, 621, 622, 623, 624, 625, 626, 627, 628, 629, 630, 631, 632, 633, 634, 635, 637, 638, 639, 641, 642, 643, 645, 647, 649, 650, 651, 653, 654, 655, 657, 658, 660, 661, 662, 670, 671, 672, 673, 675, 676, 677, 678, 683, 684, 685, 686, 691, 695, 700, 701, 702, 707, 708, 709, 710, 711, 713, 715, 716, 717, 718, 719, 720, 721, 728, 730, 736, 737, 738, 739, 740, 741, 743, 744, 745, 746, 749, 750, 751, 752, 753, 754, 755, 756, 757, 758, 759, 760, 761, 762, 763, 764, 765, 766, 767, 768, 769, 770, 772, 773, 774, 776, 777, 778, 779, 780, 781, 782, 788, 790, 791, 792, 793, 794, 795, 798, 799, 800, 801, 802, 803, 804, 805, 806, 808, 809, 810, 811, 812, 813, 814, 815, 817, 818, 819, 820, 821, 823, 824, 825, 826, 827, 828, 833, 834, 835, 836, 837, 838, 839, 840, 841, 842, 843, 844, 846, 847, 849, 850, 852, 853, 854, 855, 856, 858, 860, 861, 877, 878, 879, 880, 881, 883, 884, 885, 886, 887, 889, 890, 891, 893, 894, 895, 896, 897, 898, 899, 900, 903, 904, 907, 908, 912, 913, 914, 915, 916, 917, 922, 923, 924, 925, 927, 936, 938, 940, 941, 942, 944, 945, 946, 953, 954, 956, 957, 959, 964, 965, 967, 969, 973, 974, 975, 976, 978, 979, 981, 983, 995, 996, 997, 998, 999, 1001, 1003, 1005, 1007, 1008, 1009, 1012, 1014, 1015, 1016, 1017, 1018, 1027, 1033, 1034, 1035, 1036, 1037, 1038, 1039, 1040, 1042, 1044, 1045, 1047, 1056, 1057, 1058, 1060, 1061, 1064, 1065, 1067, 1068, 1069, 1074, 1075, 1076, 1078, 1079, 1080, 1082, 1083, 1084, 1086, 1099, 1102, 1103, 1106, 1107, 1108, 1110, 1111, 1112, 1114, 1115, 1117, 1119, 1120, 1121, 1122, 1123, 1124, 1126, 1137, 1138, 1139, 1140, 1141, 1142, 1143, 1144, 1145, 1146, 1147, 1148, 1149, 1150, 1152, 1153, 1154, 1156, 1160, 1161, 1163, 1168, 1169, 1171, 1175, 1177, 1178, 1180, 1182, 1183, 1184, 1185, 1187, 1189, 1190, 1192, 1193, 1194, 1195, 1196, 1197, 1198, 1199, 1201, 1203, 1204, 1207, 1208, 1210, 1211, 1212, 1214, 1216, 1217, 1220, 1221, 1225, 1226, 1227, 1228, 1229, 1230, 1232, 1233, 1235, 1236, 1238, 1241, 1243, 1244, 1245, 1246, 1247, 1248, 1249, 1250], "excluded_lines": []}}, "totals": {"covered_lines": 64, "num_statements": 13527, "percent_covered": 0.4731278184371997, "percent_covered_display": "1", "missing_lines": 13463, "excluded_lines": 0}}