{"meta": {"version": "7.3.2", "timestamp": "2023-11-27T04:46:03.703749", "branch_coverage": false, "show_contexts": false}, "files": {"/input/test-apps/httpie/httpie/cli/argtypes.py": {"executed_lines": [1, 2, 3, 4, 5, 6, 8, 9, 12, 13, 15, 21, 24, 28, 30, 33, 41, 42, 44, 48, 49, 56, 58, 59, 60, 61, 62, 64, 110, 133, 134, 136, 139, 147, 148, 153, 154, 156, 158, 176, 179, 187, 198, 202, 203, 204, 205, 206, 210, 211, 213, 214, 218, 219, 221, 222, 227, 228, 236, 238, 241], "summary": {"covered_lines": 56, "num_statements": 118, "percent_covered": 47.45762711864407, "percent_covered_display": "47", "missing_lines": 62, "excluded_lines": 0}, "missing_lines": [16, 17, 18, 19, 22, 25, 31, 35, 37, 38, 45, 73, 78, 80, 82, 83, 85, 86, 87, 88, 89, 91, 93, 95, 98, 101, 103, 106, 108, 119, 120, 121, 122, 123, 124, 125, 127, 129, 130, 137, 140, 141, 142, 143, 144, 145, 150, 164, 165, 166, 168, 180, 181, 182, 183, 184, 207, 208, 216, 223, 224, 229], "excluded_lines": []}}, "totals": {"covered_lines": 56, "num_statements": 118, "percent_covered": 47.45762711864407, "percent_covered_display": "47", "missing_lines": 62, "excluded_lines": 0}}