{"meta": {"version": "7.3.2", "timestamp": "2023-11-27T03:40:36.957756", "branch_coverage": true, "show_contexts": false}, "files": {"/input/test-apps/scrapy/scrapy/utils/conf.py": {"executed_lines": [1, 2, 3, 4, 5, 6, 8, 10, 11, 12, 15, 61, 68, 72, 73, 74, 75, 76, 78, 81, 96, 104, 117, 132], "summary": {"covered_lines": 24, "num_statements": 112, "percent_covered": 16.167664670658684, "percent_covered_display": "16", "missing_lines": 88, "excluded_lines": 0, "num_branches": 55, "num_partial_branches": 1, "covered_branches": 3, "missing_branches": 52}, "missing_lines": [18, 19, 20, 23, 24, 25, 26, 27, 28, 29, 34, 35, 37, 38, 40, 42, 43, 44, 48, 49, 50, 52, 53, 56, 57, 58, 65, 77, 86, 87, 88, 89, 90, 91, 92, 93, 98, 99, 100, 101, 105, 106, 112, 113, 114, 118, 119, 120, 121, 122, 123, 124, 125, 126, 128, 129, 139, 143, 144, 145, 152, 153, 154, 155, 158, 159, 161, 162, 163, 164, 169, 170, 172, 177, 178, 179, 180, 181, 182, 183, 185, 186, 187, 188, 189, 190, 193, 195], "excluded_lines": [], "executed_branches": [[72, 73], [72, 74], [76, 78]], "missing_branches": [[19, -19], [19, -18], [19, 20], [24, 25], [24, 37], [26, 27], [26, 35], [28, 29], [28, 34], [38, -38], [38, -23], [42, -40], [42, 43], [43, 42], [43, 44], [48, 49], [48, 52], [50, -50], [50, -15], [52, 53], [52, 56], [58, -58], [58, -15], [65, -65], [65, -61], [76, 77], [87, 88], [87, 89], [90, -81], [90, 91], [92, -81], [92, 93], [112, 113], [112, 114], [125, 126], [125, 128], [144, -143], [144, 145], [153, 154], [153, 161], [154, 155], [154, 158], [161, 162], [161, 177], [162, 163], [162, 172], [178, 179], [178, 193], [185, 186], [185, 187], [189, 178], [189, 190]]}}, "totals": {"covered_lines": 24, "num_statements": 112, "percent_covered": 16.167664670658684, "percent_covered_display": "16", "missing_lines": 88, "excluded_lines": 0, "num_branches": 55, "num_partial_branches": 1, "covered_branches": 3, "missing_branches": 52}}