{"meta": {"version": "7.3.2", "timestamp": "2023-11-27T04:00:07.704580", "branch_coverage": true, "show_contexts": false}, "files": {"/input/test-apps/sanic/sanic/cookies.py": {"executed_lines": [1, 2, 4, 5, 8, 16, 17, 19, 22, 25, 31, 32, 34, 37, 44, 45, 51, 57, 68, 83, 84, 86, 97, 99, 108, 122, 137], "summary": {"covered_lines": 25, "num_statements": 77, "percent_covered": 25.663716814159294, "percent_covered_display": "26", "missing_lines": 52, "excluded_lines": 0, "num_branches": 36, "num_partial_branches": 0, "covered_branches": 4, "missing_branches": 32}, "missing_lines": [52, 53, 54, 55, 59, 60, 61, 62, 63, 64, 66, 69, 70, 71, 73, 75, 76, 77, 78, 79, 80, 100, 101, 102, 103, 104, 105, 106, 109, 110, 111, 112, 113, 114, 115, 116, 117, 120, 135, 139, 140, 141, 142, 143, 144, 145, 146, 147, 151, 152, 154, 156], "excluded_lines": [], "executed_branches": [[19, -19], [19, 19], [19, 22], [31, 32], [31, 34]], "missing_branches": [[59, 60], [59, 66], [69, 70], [69, 73], [76, 77], [76, 79], [77, 76], [77, 78], [100, 101], [100, 102], [102, 103], [102, 104], [109, 110], [109, 111], [111, -108], [111, 112], [112, 113], [112, 115], [113, 114], [113, 120], [115, 116], [115, 120], [116, 117], [116, 120], [140, 141], [140, 156], [141, 142], [141, 146], [146, 147], [146, 151], [151, 152], [151, 154]]}}, "totals": {"covered_lines": 25, "num_statements": 77, "percent_covered": 25.663716814159294, "percent_covered_display": "26", "missing_lines": 52, "excluded_lines": 0, "num_branches": 36, "num_partial_branches": 0, "covered_branches": 4, "missing_branches": 32}}