{"meta": {"version": "7.3.2", "timestamp": "2023-11-27T04:40:09.219701", "branch_coverage": false, "show_contexts": false}, "files": {"/input/test-apps/pyMonet/pymonet/utils.py": {"executed_lines": [1, 3, 6, 9, 15, 16, 18, 22, 25, 34, 37, 49, 50, 54, 55, 59, 60, 64, 65, 81, 92, 99, 110, 117, 140], "summary": {"covered_lines": 25, "num_statements": 49, "percent_covered": 51.02040816326531, "percent_covered_display": "51", "missing_lines": 24, "excluded_lines": 0}, "missing_lines": [19, 20, 21, 46, 51, 56, 61, 76, 77, 78, 132, 133, 134, 135, 137, 154, 156, 157, 158, 159, 160, 161, 163, 165], "excluded_lines": []}}, "totals": {"covered_lines": 25, "num_statements": 49, "percent_covered": 51.02040816326531, "percent_covered_display": "51", "missing_lines": 24, "excluded_lines": 0}}