{"meta": {"version": "7.3.2", "timestamp": "2023-11-27T03:59:03.487723", "branch_coverage": false, "show_contexts": false}, "files": {"/input/test-apps/docstring_parser/docstring_parser/google.py": {"executed_lines": [1, 3, 4, 5, 6, 7, 9, 23, 24, 26, 27, 29, 30, 32, 33, 36, 37, 40, 41, 42, 44, 60, 61, 69, 70, 71, 72, 73, 75, 76, 77, 80, 89, 116, 132, 175, 184, 189, 190, 191, 269, 274], "summary": {"covered_lines": 39, "num_statements": 131, "percent_covered": 29.770992366412212, "percent_covered_display": "30", "missing_lines": 92, "excluded_lines": 0}, "missing_lines": [79, 97, 99, 103, 106, 107, 108, 109, 110, 111, 112, 114, 117, 118, 124, 125, 128, 129, 130, 135, 136, 137, 138, 139, 140, 141, 142, 143, 144, 146, 148, 149, 151, 152, 154, 162, 163, 169, 170, 173, 181, 182, 194, 197, 198, 199, 200, 202, 203, 206, 207, 208, 209, 210, 213, 214, 217, 218, 219, 220, 221, 222, 223, 225, 226, 227, 228, 229, 230, 231, 232, 235, 237, 238, 239, 240, 243, 247, 248, 249, 252, 253, 254, 255, 258, 259, 260, 261, 262, 263, 264, 266], "excluded_lines": []}}, "totals": {"covered_lines": 39, "num_statements": 131, "percent_covered": 29.770992366412212, "percent_covered_display": "30", "missing_lines": 92, "excluded_lines": 0}}