{"meta": {"version": "7.3.2", "timestamp": "2023-11-27T04:28:37.808123", "branch_coverage": true, "show_contexts": false}, "files": {"/input/test-apps/tornado/tornado/gen.py": {"executed_lines": [1, 69, 70, 71, 72, 73, 74, 75, 76, 77, 78, 79, 81, 89, 90, 91, 93, 94, 98, 99, 101, 104, 106, 111, 112, 115, 116, 119, 120, 123, 124, 127, 128, 131, 146, 147, 149, 150, 158, 161, 165, 166, 172, 173, 177, 273, 282, 283, 303, 310, 311, 365, 367, 386, 394, 407, 413, 424, 427, 434, 485, 488, 551, 564, 565, 567, 568, 569, 572, 650, 671, 672, 684, 687, 694, 696, 697, 716, 717, 725, 743, 797, 820, 833, 834, 841, 858, 860, 862, 864, 865, 872], "summary": {"covered_lines": 87, "num_statements": 315, "percent_covered": 22.565320665083135, "percent_covered_display": "23", "missing_lines": 228, "excluded_lines": 0, "num_branches": 106, "num_partial_branches": 6, "covered_branches": 8, "missing_branches": 98}, "missing_lines": [95, 96, 102, 132, 135, 136, 137, 138, 141, 142, 143, 153, 154, 155, 157, 162, 169, 174, 205, 206, 210, 211, 212, 214, 215, 216, 217, 218, 219, 220, 221, 222, 225, 227, 233, 234, 235, 236, 239, 240, 250, 251, 252, 253, 254, 264, 265, 266, 268, 269, 270, 279, 304, 305, 307, 368, 369, 371, 372, 373, 375, 376, 378, 379, 380, 381, 383, 384, 388, 389, 391, 392, 400, 402, 403, 405, 408, 409, 411, 417, 418, 419, 421, 422, 425, 428, 430, 431, 482, 506, 507, 508, 510, 511, 512, 513, 514, 516, 517, 518, 520, 521, 522, 523, 524, 525, 526, 527, 528, 529, 530, 534, 535, 536, 537, 541, 543, 544, 545, 546, 547, 548, 611, 612, 613, 614, 616, 617, 618, 619, 620, 621, 622, 623, 627, 628, 629, 631, 633, 634, 638, 644, 647, 664, 665, 668, 685, 688, 732, 733, 734, 735, 736, 737, 738, 739, 740, 741, 747, 748, 749, 750, 751, 752, 753, 754, 755, 756, 757, 758, 759, 761, 762, 763, 764, 765, 767, 768, 769, 773, 775, 777, 778, 779, 780, 783, 784, 785, 786, 787, 788, 789, 790, 791, 792, 793, 795, 798, 799, 800, 801, 802, 804, 805, 806, 807, 808, 809, 811, 813, 814, 816, 817, 818, 823, 824, 825, 826, 827, 829, 835, 838, 859, 861, 863, 866, 867, 869], "excluded_lines": [], "executed_branches": [[101, 104], [150, 158], [564, 565], [564, 567], [858, 860], [860, 862], [862, 864], [864, 865]], "missing_branches": [[101, 102], [150, 153], [154, 155], [154, 157], [211, 212], [211, 214], [217, 218], [217, 219], [227, 233], [227, 265], [235, 236], [235, 239], [251, -251], [251, 252], [368, 369], [368, 371], [371, 372], [371, 375], [372, -372], [372, 373], [375, -375], [375, 376], [383, -367], [383, 384], [388, 389], [388, 391], [402, 403], [402, 405], [408, 409], [408, 411], [417, 418], [417, 419], [428, 430], [428, 431], [506, 507], [506, 510], [513, -513], [513, 514], [517, 518], [517, 520], [522, -520], [522, 523], [524, 525], [524, 535], [528, 529], [528, 534], [529, 524], [529, 530], [535, -520], [535, 536], [536, 537], [536, 541], [544, 545], [544, 548], [545, 544], [545, 546], [619, 620], [619, 621], [622, -616], [622, 623], [628, 629], [628, 631], [634, 638], [634, 644], [638, -638], [638, 647], [644, -644], [644, 647], [665, -665], [665, 668], [739, -725], [739, 740], [747, 748], [747, 749], [753, 754], [753, 755], [755, 756], [755, 757], [767, 768], [767, 775], [777, 778], [777, 785], [791, 792], [791, 793], [804, 805], [804, 807], [807, 808], [807, 809], [809, 811], [809, 818], [823, 824], [823, 829], [858, 859], [860, 861], [862, 863], [864, 866], [866, 867], [866, 869]]}}, "totals": {"covered_lines": 87, "num_statements": 315, "percent_covered": 22.565320665083135, "percent_covered_display": "23", "missing_lines": 228, "excluded_lines": 0, "num_branches": 106, "num_partial_branches": 6, "covered_branches": 8, "missing_branches": 98}}