{"meta": {"version": "7.3.2", "timestamp": "2023-11-27T03:42:53.610686", "branch_coverage": true, "show_contexts": false}, "files": {"/input/test-apps/scrapy/scrapy/utils/log.py": {"executed_lines": [1, 2, 3, 4, 6, 7, 9, 10, 11, 12, 15, 18, 24, 25, 36, 37, 39, 45, 62, 105, 116, 120, 123, 125, 126, 127, 128, 129, 130, 132, 134, 138, 139, 140, 141, 142, 145, 165, 166, 171, 176, 180, 185, 186, 188, 192, 197], "summary": {"covered_lines": 44, "num_statements": 93, "percent_covered": 39.682539682539684, "percent_covered_display": "40", "missing_lines": 49, "excluded_lines": 0, "num_branches": 33, "num_partial_branches": 0, "covered_branches": 6, "missing_branches": 27}, "missing_lines": [20, 21, 40, 41, 42, 86, 88, 90, 91, 93, 95, 96, 98, 99, 101, 102, 108, 110, 111, 112, 113, 117, 146, 148, 153, 154, 155, 156, 157, 158, 172, 173, 174, 177, 178, 181, 182, 189, 190, 193, 194, 203, 204, 207, 208, 212, 213, 216, 218], "excluded_lines": [], "executed_branches": [[126, 127], [126, 129], [129, 130], [129, 132], [140, 141], [140, 142]], "missing_branches": [[20, -18], [20, 21], [40, -40], [40, 41], [40, 42], [86, 88], [86, 90], [95, 96], [95, 98], [98, 99], [98, 101], [101, -62], [101, 102], [108, 110], [108, 111], [148, -148], [148, 153], [157, -145], [157, 158], [177, -176], [177, 178], [181, -180], [181, 182], [203, 204], [203, 207], [207, 208], [207, 212]]}}, "totals": {"covered_lines": 44, "num_statements": 93, "percent_covered": 39.682539682539684, "percent_covered_display": "40", "missing_lines": 49, "excluded_lines": 0, "num_branches": 33, "num_partial_branches": 0, "covered_branches": 6, "missing_branches": 27}}