{"meta": {"version": "7.3.2", "timestamp": "2023-11-27T03:50:01.447880", "branch_coverage": false, "show_contexts": false}, "files": {"/input/test-apps/flutils/flutils/strutils.py": {"executed_lines": [1, 3, 13, 47, 75, 81, 100, 153, 154, 157, 212], "summary": {"covered_lines": 11, "num_statements": 36, "percent_covered": 30.555555555555557, "percent_covered_display": "31", "missing_lines": 25, "excluded_lines": 0}, "missing_lines": [34, 35, 36, 37, 38, 39, 40, 41, 43, 44, 68, 69, 70, 71, 72, 97, 205, 206, 207, 208, 209, 233, 234, 235, 236], "excluded_lines": []}}, "totals": {"covered_lines": 11, "num_statements": 36, "percent_covered": 30.555555555555557, "percent_covered_display": "31", "missing_lines": 25, "excluded_lines": 0}}