{"meta": {"version": "7.3.2", "timestamp": "2023-11-27T03:48:25.222714", "branch_coverage": false, "show_contexts": false}, "files": {"/input/test-apps/py-backwards/py_backwards/utils/tree.py": {"executed_lines": [1, 2, 3, 4, 6, 9, 15, 26, 38, 41, 43, 44, 45, 48, 58, 65], "summary": {"covered_lines": 16, "num_statements": 41, "percent_covered": 39.02439024390244, "percent_covered_display": "39", "missing_lines": 25, "excluded_lines": 0}, "missing_lines": [10, 11, 12, 17, 18, 20, 21, 22, 23, 29, 31, 32, 33, 35, 51, 52, 54, 55, 61, 62, 68, 70, 71, 73, 74], "excluded_lines": []}}, "totals": {"covered_lines": 16, "num_statements": 41, "percent_covered": 39.02439024390244, "percent_covered_display": "39", "missing_lines": 25, "excluded_lines": 0}}