{"meta": {"version": "7.3.2", "timestamp": "2023-11-27T03:45:48.712663", "branch_coverage": true, "show_contexts": false}, "files": {"/input/test-apps/scrapy/scrapy/utils/decorators.py": {"executed_lines": [1, 2, 4, 6, 9, 14, 15, 16, 22, 24, 25, 26, 27, 30, 32, 33, 34, 35, 38], "summary": {"covered_lines": 19, "num_statements": 28, "percent_covered": 65.625, "percent_covered_display": "66", "missing_lines": 9, "excluded_lines": 0, "num_branches": 4, "num_partial_branches": 0, "covered_branches": 2, "missing_branches": 2}, "missing_lines": [17, 18, 19, 20, 21, 42, 43, 44, 45], "excluded_lines": [], "executed_branches": [[24, 25], [24, 27]], "missing_branches": [[18, 19], [18, 20]]}}, "totals": {"covered_lines": 19, "num_statements": 28, "percent_covered": 65.625, "percent_covered_display": "66", "missing_lines": 9, "excluded_lines": 0, "num_branches": 4, "num_partial_branches": 0, "covered_branches": 2, "missing_branches": 2}}