{"meta": {"version": "7.3.2", "timestamp": "2023-11-27T03:39:03.896969", "branch_coverage": true, "show_contexts": false}, "files": {"/input/test-apps/scrapy/scrapy/shell.py": {"executed_lines": [1, 6, 7, 9, 10, 11, 12, 14, 15, 16, 17, 18, 19, 20, 21, 22, 23, 26, 28, 30, 39, 78, 85, 97, 116, 134, 137, 155, 159, 164, 175, 176, 178, 183, 184, 185, 188, 189], "summary": {"covered_lines": 37, "num_statements": 128, "percent_covered": 22.89156626506024, "percent_covered_display": "23", "missing_lines": 91, "excluded_lines": 0, "num_branches": 38, "num_partial_branches": 1, "covered_branches": 1, "missing_branches": 37}, "missing_lines": [31, 32, 33, 34, 35, 36, 37, 41, 42, 43, 44, 45, 46, 47, 48, 50, 51, 52, 63, 64, 65, 66, 67, 68, 69, 70, 72, 74, 75, 79, 80, 81, 82, 83, 86, 87, 89, 90, 92, 93, 94, 95, 98, 99, 100, 102, 103, 104, 105, 107, 108, 109, 110, 112, 113, 114, 117, 119, 120, 121, 122, 123, 124, 125, 126, 127, 128, 129, 130, 131, 132, 135, 138, 139, 140, 141, 142, 143, 144, 145, 146, 148, 150, 151, 153, 156, 161, 179, 180, 181, 186], "excluded_lines": [], "executed_branches": [[185, 188]], "missing_branches": [[32, -32], [32, 33], [42, 43], [42, 44], [44, 45], [44, 46], [46, 47], [46, 50], [51, 52], [51, 54], [67, 68], [67, 69], [69, 70], [69, 72], [81, -81], [81, 82], [86, 87], [86, 89], [89, 90], [89, 92], [99, 100], [99, 102], [104, 105], [104, 107], [126, 127], [126, 128], [131, -116], [131, 132], [141, 142], [141, 144], [142, 141], [142, 143], [145, 146], [145, 150], [153, -153], [153, -137], [185, 186]]}}, "totals": {"covered_lines": 37, "num_statements": 128, "percent_covered": 22.89156626506024, "percent_covered_display": "23", "missing_lines": 91, "excluded_lines": 0, "num_branches": 38, "num_partial_branches": 1, "covered_branches": 1, "missing_branches": 37}}