{"meta": {"version": "7.3.2", "timestamp": "2023-11-27T04:49:09.171020", "branch_coverage": false, "show_contexts": false}, "files": {"/input/test-apps/dataclasses-json/dataclasses_json/utils.py": {"executed_lines": [1, 2, 3, 4, 7, 9, 25, 26, 29, 47, 56, 65, 74, 86, 90, 96, 100, 104, 109, 115, 129, 156], "summary": {"covered_lines": 22, "num_statements": 96, "percent_covered": 22.916666666666668, "percent_covered_display": "23", "missing_lines": 74, "excluded_lines": 0}, "missing_lines": [10, 11, 12, 13, 14, 15, 16, 18, 20, 21, 22, 23, 32, 33, 34, 35, 36, 37, 38, 39, 41, 43, 44, 48, 49, 50, 51, 53, 57, 58, 59, 60, 62, 66, 67, 68, 69, 75, 77, 78, 80, 81, 82, 83, 87, 91, 97, 101, 105, 110, 111, 112, 116, 117, 118, 119, 120, 121, 123, 124, 126, 134, 135, 136, 137, 138, 139, 141, 142, 144, 145, 146, 147, 149], "excluded_lines": []}}, "totals": {"covered_lines": 22, "num_statements": 96, "percent_covered": 22.916666666666668, "percent_covered_display": "23", "missing_lines": 74, "excluded_lines": 0}}