{"meta": {"version": "7.3.2", "timestamp": "2023-11-27T03:45:57.377139", "branch_coverage": true, "show_contexts": false}, "files": {"/input/test-apps/scrapy/scrapy/http/cookies.py": {"executed_lines": [1, 2, 3, 5, 6, 11, 14, 15, 22, 27, 59, 60, 63, 66, 69, 72, 75, 78, 83, 86, 90, 97, 98, 99, 100, 101, 102, 103, 104, 105, 106, 109, 110, 113, 117, 118, 123, 126, 129, 132, 135, 145, 149, 150, 153, 154, 157, 158, 161, 162, 165, 166, 169, 172, 176, 183, 187, 189, 192, 195], "summary": {"covered_lines": 59, "num_statements": 119, "percent_covered": 44.05594405594405, "percent_covered_display": "44", "missing_lines": 60, "excluded_lines": 0, "num_branches": 24, "num_partial_branches": 0, "covered_branches": 4, "missing_branches": 20}, "missing_lines": [16, 17, 18, 19, 20, 23, 24, 25, 28, 29, 33, 34, 35, 37, 38, 39, 40, 42, 44, 45, 46, 47, 49, 50, 51, 52, 54, 55, 57, 61, 64, 67, 70, 73, 76, 79, 80, 81, 84, 87, 111, 114, 124, 127, 130, 133, 143, 146, 151, 155, 159, 163, 167, 170, 173, 177, 184, 190, 193, 196], "excluded_lines": [], "executed_branches": [[101, 102], [101, 106], [106, -106], [106, -90], [106, 106]], "missing_branches": [[34, 35], [34, 37], [37, 38], [37, 42], [39, 40], [39, 44], [45, 46], [45, 49], [46, 45], [46, 47], [50, 51], [50, 54], [51, 52], [51, 54], [55, -27], [55, 57], [177, -177], [177, -176], [196, -196], [196, -195]]}}, "totals": {"covered_lines": 59, "num_statements": 119, "percent_covered": 44.05594405594405, "percent_covered_display": "44", "missing_lines": 60, "excluded_lines": 0, "num_branches": 24, "num_partial_branches": 0, "covered_branches": 4, "missing_branches": 20}}