{"meta": {"version": "7.3.2", "timestamp": "2023-11-27T03:59:06.075773", "branch_coverage": false, "show_contexts": false}, "files": {"/input/test-apps/docstring_parser/docstring_parser/parser.py": {"executed_lines": [1, 3, 4, 7, 15, 16], "summary": {"covered_lines": 5, "num_statements": 14, "percent_covered": 35.714285714285715, "percent_covered_display": "36", "missing_lines": 9, "excluded_lines": 0}, "missing_lines": [17, 18, 19, 20, 21, 22, 23, 24, 25], "excluded_lines": []}}, "totals": {"covered_lines": 5, "num_statements": 14, "percent_covered": 35.714285714285715, "percent_covered_display": "36", "missing_lines": 9, "excluded_lines": 0}}