{"meta": {"version": "7.3.2", "timestamp": "2023-11-27T04:37:28.413523", "branch_coverage": true, "show_contexts": false}, "files": {"/input/test-apps/tornado/tornado/locale.py": {"executed_lines": [15, 40, 41, 42, 43, 44, 45, 47, 48, 50, 52, 54, 55, 56, 57, 58, 61, 72, 75, 89, 176, 219, 224, 225, 231, 233, 234, 236, 237, 239, 240, 241, 243, 244, 245, 246, 247, 249, 251, 252, 257, 258, 259, 260, 261, 266, 267, 269, 270, 271, 272, 273, 274, 279, 280, 294, 304, 319, 328, 428, 450, 467, 479, 480, 482, 483, 484, 486, 492, 500, 501, 503, 515, 516, 518, 525, 537], "summary": {"covered_lines": 74, "num_statements": 221, "percent_covered": 27.692307692307693, "percent_covered_display": "28", "missing_lines": 147, "excluded_lines": 0, "num_branches": 104, "num_partial_branches": 6, "covered_branches": 16, "missing_branches": 88}, "missing_lines": [85, 86, 126, 127, 128, 129, 130, 131, 132, 137, 138, 139, 141, 142, 143, 144, 149, 152, 153, 154, 155, 156, 157, 158, 159, 160, 162, 163, 164, 170, 171, 172, 173, 200, 201, 202, 203, 204, 205, 206, 207, 208, 211, 212, 213, 214, 215, 216, 221, 238, 242, 248, 262, 263, 265, 275, 276, 317, 326, 347, 348, 349, 350, 351, 355, 358, 359, 360, 361, 362, 363, 364, 366, 367, 368, 369, 370, 371, 375, 376, 377, 381, 382, 384, 385, 386, 387, 388, 389, 390, 391, 397, 398, 404, 405, 406, 407, 408, 414, 420, 436, 437, 438, 439, 445, 456, 457, 458, 459, 460, 461, 462, 469, 470, 471, 472, 473, 474, 475, 476, 493, 494, 495, 496, 498, 510, 511, 512, 519, 520, 523, 531, 532, 533, 535, 563, 564, 565, 570, 571, 573, 574, 576, 577, 578, 580, 581], "excluded_lines": [], "executed_branches": [[236, 237], [236, 249], [237, 239], [241, 243], [243, 244], [243, 245], [245, 246], [245, 247], [247, 236], [257, 258], [257, 267], [260, 261], [273, 274], [273, 279], [274, 273], [492, 500]], "missing_branches": [[127, 128], [127, 172], [128, 129], [128, 130], [131, 132], [131, 138], [139, 141], [139, 152], [141, 142], [141, 143], [143, 144], [143, 149], [152, 127], [152, 153], [154, 152], [154, 155], [155, 156], [155, 157], [157, -157], [157, 158], [159, 160], [159, 162], [163, 164], [163, 171], [201, 202], [201, 214], [202, 203], [202, 204], [204, 205], [204, 206], [237, 238], [241, 242], [247, 248], [260, 262], [262, 263], [262, 265], [274, 275], [347, 348], [347, 349], [350, 351], [350, 359], [351, 355], [351, 358], [368, 369], [368, 397], [369, 370], [369, 384], [370, 371], [370, 375], [375, 376], [375, 381], [384, 385], [384, 386], [386, 387], [386, 388], [388, 389], [388, 390], [390, 391], [390, 397], [397, 398], [397, 404], [405, 406], [405, 407], [407, 408], [407, 414], [438, 439], [438, 445], [457, 458], [457, 459], [459, 460], [459, 461], [469, 470], [469, 471], [473, 474], [473, 476], [492, 493], [494, 495], [494, 498], [510, 511], [510, 512], [531, 532], [531, 535], [563, 564], [563, 576], [571, 573], [571, 574], [578, 580], [578, 581]]}}, "totals": {"covered_lines": 74, "num_statements": 221, "percent_covered": 27.692307692307693, "percent_covered_display": "28", "missing_lines": 147, "excluded_lines": 0, "num_branches": 104, "num_partial_branches": 6, "covered_branches": 16, "missing_branches": 88}}