{"meta": {"version": "7.3.2", "timestamp": "2023-11-27T03:48:06.849081", "branch_coverage": false, "show_contexts": false}, "files": {"/input/test-apps/py-backwards/py_backwards/utils/snippet.py": {"executed_lines": [1, 2, 3, 4, 6, 9, 10, 12, 19, 22, 23, 25, 28, 38, 42, 46, 50, 54, 58, 62, 72, 76, 81, 85, 86, 93, 103, 104, 106, 109, 123, 133, 147], "summary": {"covered_lines": 31, "num_statements": 89, "percent_covered": 34.831460674157306, "percent_covered_display": "35", "missing_lines": 58, "excluded_lines": 0}, "missing_lines": [13, 14, 15, 16, 26, 29, 30, 31, 32, 33, 34, 36, 39, 40, 43, 44, 47, 48, 51, 52, 55, 56, 59, 60, 63, 64, 65, 66, 68, 70, 73, 74, 77, 78, 79, 82, 83, 88, 89, 90, 94, 95, 96, 98, 107, 111, 112, 115, 116, 117, 119, 121, 125, 126, 127, 128, 129, 130], "excluded_lines": []}}, "totals": {"covered_lines": 31, "num_statements": 89, "percent_covered": 34.831460674157306, "percent_covered_display": "35", "missing_lines": 58, "excluded_lines": 0}}