{"meta": {"version": "7.3.2", "timestamp": "2023-11-27T04:40:22.630160", "branch_coverage": false, "show_contexts": false}, "files": {"/input/test-apps/pyMonet/pymonet/utils.py": {"executed_lines": [1, 3, 6, 9, 15, 16, 18, 19, 20, 21, 22, 25, 37, 49, 50, 54, 55, 56, 59, 60, 61, 64, 65, 81, 99, 110, 117, 140], "summary": {"covered_lines": 28, "num_statements": 49, "percent_covered": 57.142857142857146, "percent_covered_display": "57", "missing_lines": 21, "excluded_lines": 0}, "missing_lines": [34, 46, 51, 76, 77, 78, 92, 132, 133, 134, 135, 137, 154, 156, 157, 158, 159, 160, 161, 163, 165], "excluded_lines": []}}, "totals": {"covered_lines": 28, "num_statements": 49, "percent_covered": 57.142857142857146, "percent_covered_display": "57", "missing_lines": 21, "excluded_lines": 0}}