{"meta": {"version": "7.3.2", "timestamp": "2023-11-27T03:33:27.992229", "branch_coverage": false, "show_contexts": false}, "files": {"/input/test-apps/python-string-utils/string_utils/generation.py": {"executed_lines": [4, 11, 12, 13, 14, 15, 16, 18, 21, 41, 63, 78, 81, 82, 83, 85, 88], "summary": {"covered_lines": 17, "num_statements": 50, "percent_covered": 34.0, "percent_covered_display": "34", "missing_lines": 33, "excluded_lines": 0}, "missing_lines": [33, 35, 36, 38, 53, 54, 56, 57, 58, 60, 79, 106, 107, 109, 110, 112, 113, 115, 116, 118, 119, 122, 123, 124, 127, 130, 131, 132, 135, 136, 137, 138, 140], "excluded_lines": []}}, "totals": {"covered_lines": 17, "num_statements": 50, "percent_covered": 34.0, "percent_covered_display": "34", "missing_lines": 33, "excluded_lines": 0}}