{"meta": {"version": "7.3.2", "timestamp": "2023-11-27T03:42:29.669344", "branch_coverage": true, "show_contexts": false}, "files": {"/input/test-apps/scrapy/scrapy/utils/test.py": {"executed_lines": [1, 5, 6, 7, 8, 10, 11, 13, 16, 21, 26, 37, 57, 69, 76, 85, 92, 99, 103, 104, 106, 107, 109, 110, 112], "summary": {"covered_lines": 24, "num_statements": 64, "percent_covered": 34.285714285714285, "percent_covered_display": "34", "missing_lines": 40, "excluded_lines": 0, "num_branches": 6, "num_partial_branches": 0, "covered_branches": 0, "missing_branches": 6}, "missing_lines": [17, 18, 22, 23, 27, 28, 29, 30, 31, 32, 33, 34, 40, 41, 42, 43, 44, 45, 46, 48, 49, 50, 51, 52, 53, 54, 62, 63, 65, 66, 72, 73, 80, 81, 82, 89, 93, 94, 95, 96], "excluded_lines": [], "executed_branches": [], "missing_branches": [[17, -16], [17, 18], [22, -21], [22, 23], [44, 45], [44, 46]]}}, "totals": {"covered_lines": 24, "num_statements": 64, "percent_covered": 34.285714285714285, "percent_covered_display": "34", "missing_lines": 40, "excluded_lines": 0, "num_branches": 6, "num_partial_branches": 0, "covered_branches": 0, "missing_branches": 6}}