{"meta": {"version": "7.3.2", "timestamp": "2023-11-27T03:33:32.897599", "branch_coverage": false, "show_contexts": false}, "files": {"/input/test-apps/python-string-utils/string_utils/generation.py": {"executed_lines": [4, 11, 12, 13, 14, 15, 16, 18, 21, 41, 63, 88, 106, 107, 109, 112, 113, 115, 118, 119, 122, 123, 124, 127, 130, 131, 132, 135, 136, 137, 140], "summary": {"covered_lines": 31, "num_statements": 50, "percent_covered": 62.0, "percent_covered_display": "62", "missing_lines": 19, "excluded_lines": 0}, "missing_lines": [33, 35, 36, 38, 53, 54, 56, 57, 58, 60, 78, 79, 81, 82, 83, 85, 110, 116, 138], "excluded_lines": []}}, "totals": {"covered_lines": 31, "num_statements": 50, "percent_covered": 62.0, "percent_covered_display": "62", "missing_lines": 19, "excluded_lines": 0}}