{"meta": {"version": "7.3.2", "timestamp": "2023-11-27T03:44:17.411046", "branch_coverage": true, "show_contexts": false}, "files": {"/input/test-apps/scrapy/scrapy/utils/misc.py": {"executed_lines": [1, 2, 3, 4, 5, 6, 7, 8, 9, 10, 11, 13, 15, 16, 17, 18, 21, 24, 30, 31, 32, 33, 38, 48, 55, 56, 60, 61, 63, 64, 68, 71, 79, 80, 81, 82, 83, 84, 85, 86, 88, 89, 90, 93, 122, 139, 144, 179, 180, 197, 213, 216, 240], "summary": {"covered_lines": 52, "num_statements": 132, "percent_covered": 32.97872340425532, "percent_covered_display": "33", "missing_lines": 80, "excluded_lines": 0, "num_branches": 56, "num_partial_branches": 2, "covered_branches": 10, "missing_branches": 46}, "missing_lines": [35, 49, 50, 52, 57, 58, 65, 66, 100, 106, 107, 109, 110, 111, 112, 113, 115, 116, 118, 130, 131, 132, 133, 134, 135, 136, 141, 161, 162, 163, 164, 165, 166, 167, 168, 169, 170, 172, 173, 174, 175, 176, 185, 186, 187, 188, 190, 191, 192, 194, 201, 202, 203, 204, 205, 206, 207, 208, 209, 210, 221, 222, 224, 225, 226, 228, 229, 230, 231, 232, 233, 234, 236, 237, 245, 246, 247, 255, 256, 257], "excluded_lines": [], "executed_branches": [[30, 31], [30, 32], [32, 33], [48, 55], [82, 83], [82, 90], [83, 84], [83, 90], [85, 86], [85, 88]], "missing_branches": [[32, 35], [48, 49], [49, 50], [49, 52], [106, 107], [106, 109], [115, 116], [115, 118], [116, -116], [116, -93], [118, -118], [118, -93], [133, 134], [133, 135], [161, 162], [161, 165], [162, 163], [162, 164], [165, 166], [165, 168], [168, 169], [168, 172], [174, 175], [174, 176], [185, -185], [185, 186], [190, -179], [190, 191], [191, 192], [191, 194], [203, -197], [203, 204], [205, 206], [205, 209], [206, 207], [206, 208], [221, 222], [221, 224], [228, 229], [228, 236], [231, 232], [231, 236], [232, 231], [232, 233], [246, -240], [246, 247]]}}, "totals": {"covered_lines": 52, "num_statements": 132, "percent_covered": 32.97872340425532, "percent_covered_display": "33", "missing_lines": 80, "excluded_lines": 0, "num_branches": 56, "num_partial_branches": 2, "covered_branches": 10, "missing_branches": 46}}