{"meta": {"version": "7.3.2", "timestamp": "2023-11-27T04:29:15.334724", "branch_coverage": true, "show_contexts": false}, "files": {"/input/test-apps/tornado/tornado/netutil.py": {"executed_lines": [16, 18, 19, 20, 21, 22, 23, 24, 26, 27, 28, 30, 34, 35, 36, 38, 39, 46, 49, 52, 55, 86, 89, 90, 92, 99, 100, 101, 102, 103, 107, 110, 112, 113, 126, 127, 132, 133, 134, 139, 141, 150, 151, 155, 156, 157, 159, 160, 161, 162, 163, 179, 180, 183, 184, 185, 186, 189, 191, 226, 286, 307, 308, 331, 332, 335, 336, 339, 365, 374, 389, 390, 395, 404, 405, 422, 435, 440, 441, 447, 448, 458, 462, 463, 483, 484, 486, 490, 491, 505, 506, 528, 532, 535, 550, 555, 594], "summary": {"covered_lines": 91, "num_statements": 211, "percent_covered": 38.013698630136986, "percent_covered_display": "38", "missing_lines": 120, "excluded_lines": 0, "num_branches": 81, "num_partial_branches": 11, "covered_branches": 20, "missing_branches": 61}, "missing_lines": [87, 91, 98, 108, 125, 128, 129, 130, 131, 135, 136, 138, 140, 182, 203, 204, 205, 206, 207, 209, 210, 211, 212, 213, 214, 216, 217, 219, 220, 221, 222, 223, 246, 247, 249, 261, 262, 264, 265, 266, 267, 270, 271, 275, 276, 278, 279, 280, 282, 283, 291, 294, 295, 296, 299, 300, 301, 302, 303, 333, 337, 363, 371, 382, 383, 384, 385, 386, 398, 401, 427, 428, 429, 430, 432, 433, 436, 437, 438, 444, 459, 487, 488, 494, 495, 498, 499, 500, 501, 502, 529, 530, 533, 538, 539, 540, 541, 542, 543, 544, 568, 569, 570, 571, 574, 575, 576, 579, 580, 581, 582, 583, 584, 585, 590, 591, 608, 609, 615, 617], "excluded_lines": [], "executed_branches": [[36, 38], [86, 89], [90, 92], [92, 99], [99, 100], [99, 101], [103, -103], [103, 103], [103, 107], [103, 186], [107, 110], [113, 113], [113, 126], [132, 133], [139, 141], [141, 150], [141, 155], [150, 151], [156, 157], [156, 159], [163, 163], [163, 179], [189, 191]], "missing_branches": [[36, 46], [86, 87], [90, 91], [92, 98], [107, 108], [113, 125], [129, 130], [129, 131], [132, 139], [136, 138], [136, 139], [139, 140], [150, 155], [163, 182], [189, 226], [207, 209], [207, 210], [216, 217], [216, 219], [261, -249], [261, 262], [262, 264], [262, 265], [267, 270], [267, 271], [291, 294], [291, 295], [301, 302], [301, 303], [384, 385], [384, 386], [428, 429], [428, 432], [436, 437], [436, 438], [495, 498], [495, 499], [499, 500], [499, 502], [538, 539], [538, 540], [540, 541], [540, 542], [542, 543], [542, 544], [568, 569], [568, 570], [571, -571], [571, 574], [575, 576], [575, 579], [579, 580], [579, 581], [581, 582], [581, 583], [583, 584], [583, 585], [585, 590], [585, 591], [609, 615], [609, 617]]}}, "totals": {"covered_lines": 91, "num_statements": 211, "percent_covered": 38.013698630136986, "percent_covered_display": "38", "missing_lines": 120, "excluded_lines": 0, "num_branches": 81, "num_partial_branches": 11, "covered_branches": 20, "missing_branches": 61}}