{"meta": {"version": "7.3.2", "timestamp": "2023-11-27T03:39:28.620527", "branch_coverage": true, "show_contexts": false}, "files": {"/input/test-apps/scrapy/scrapy/utils/deprecate.py": {"executed_lines": [1, 3, 4, 5, 8, 17, 53, 55, 56, 58, 59, 60, 61, 62, 64, 65, 66, 67, 75, 80, 84, 98, 106, 108, 109, 110, 111, 112, 120, 123, 129, 134, 136, 137, 138, 139, 141, 142, 145], "summary": {"covered_lines": 38, "num_statements": 65, "percent_covered": 50.561797752808985, "percent_covered_display": "51", "missing_lines": 27, "excluded_lines": 0, "num_branches": 24, "num_partial_branches": 3, "covered_branches": 7, "missing_branches": 17}, "missing_lines": [9, 10, 68, 69, 72, 73, 74, 81, 85, 90, 92, 93, 95, 96, 99, 100, 101, 103, 104, 113, 118, 124, 125, 126, 172, 173, 174], "excluded_lines": [], "executed_branches": [[60, 61], [67, 75], [111, 112], [136, 137], [136, 142], [137, 136], [137, 138]], "missing_branches": [[60, 62], [67, 68], [72, 73], [72, 74], [81, -81], [81, -80], [85, 90], [85, 92], [92, 93], [92, 95], [96, -96], [96, -84], [100, 101], [100, 104], [111, 120], [124, 125], [124, 126]]}}, "totals": {"covered_lines": 38, "num_statements": 65, "percent_covered": 50.561797752808985, "percent_covered_display": "51", "missing_lines": 27, "excluded_lines": 0, "num_branches": 24, "num_partial_branches": 3, "covered_branches": 7, "missing_branches": 17}}