{"meta": {"version": "7.3.2", "timestamp": "2023-11-27T03:48:00.585480", "branch_coverage": false, "show_contexts": false}, "files": {"/input/test-apps/py-backwards/py_backwards/compiler.py": {"executed_lines": [2, 3, 4, 5, 6, 7, 8, 9, 10, 11, 12, 13, 14, 15, 16, 17, 18, 19, 20, 21, 22, 23, 24, 25, 26, 27, 28, 29, 30, 31, 32, 33, 36, 38, 39, 40, 41, 42, 43, 44, 45, 46, 47, 48, 49, 53, 54, 55, 56, 57, 58, 59, 60, 61, 65, 68, 87], "summary": {"covered_lines": 57, "num_statements": 81, "percent_covered": 70.37037037037037, "percent_covered_display": "70", "missing_lines": 24, "excluded_lines": 0}, "missing_lines": [50, 51, 62, 63, 70, 71, 72, 73, 75, 76, 78, 79, 80, 81, 82, 83, 84, 89, 90, 91, 92, 93, 94, 95], "excluded_lines": []}}, "totals": {"covered_lines": 57, "num_statements": 81, "percent_covered": 70.37037037037037, "percent_covered_display": "70", "missing_lines": 24, "excluded_lines": 0}}