{"meta": {"version": "7.3.2", "timestamp": "2023-11-27T04:29:12.357707", "branch_coverage": true, "show_contexts": false}, "files": {"/input/test-apps/tornado/tornado/platform/asyncio.py": {"executed_lines": [1, 25, 26, 27, 28, 29, 30, 31, 32, 33, 34, 35, 36, 38, 40, 50, 54, 57, 74, 77, 78, 125, 142, 156, 175, 187, 191, 203, 206, 218, 221, 241, 251, 259, 263, 264, 278, 281, 287, 288, 307, 318, 323, 332, 338, 347, 350, 366, 371, 374, 375, 392, 404, 405, 424, 447, 452, 483, 493, 504, 510, 516, 525, 575, 584, 593, 599, 605, 609], "summary": {"covered_lines": 64, "num_statements": 280, "percent_covered": 18.591549295774648, "percent_covered_display": "19", "missing_lines": 216, "excluded_lines": 0, "num_branches": 75, "num_partial_branches": 2, "covered_branches": 2, "missing_branches": 73}, "missing_lines": [41, 42, 44, 45, 46, 48, 58, 59, 60, 61, 62, 63, 64, 65, 70, 71, 83, 87, 88, 93, 95, 97, 98, 99, 111, 112, 113, 114, 116, 118, 120, 121, 123, 126, 127, 128, 129, 130, 131, 137, 138, 139, 140, 145, 146, 147, 148, 149, 150, 151, 152, 153, 154, 157, 158, 159, 160, 161, 163, 164, 165, 166, 167, 168, 169, 171, 172, 173, 176, 177, 178, 179, 180, 181, 182, 183, 184, 185, 188, 189, 192, 193, 194, 195, 196, 197, 198, 199, 201, 204, 212, 219, 222, 223, 225, 226, 227, 228, 234, 235, 239, 244, 245, 248, 249, 257, 260, 279, 284, 308, 309, 310, 311, 312, 315, 316, 319, 320, 321, 324, 325, 326, 327, 328, 329, 330, 333, 334, 335, 363, 369, 393, 394, 395, 399, 400, 401, 448, 449, 450, 453, 460, 461, 464, 465, 468, 470, 472, 473, 477, 478, 479, 480, 481, 489, 490, 491, 494, 495, 496, 497, 498, 499, 500, 501, 502, 505, 506, 507, 508, 511, 512, 513, 514, 520, 521, 522, 523, 526, 527, 528, 529, 530, 531, 532, 533, 534, 543, 551, 552, 553, 565, 566, 567, 568, 570, 572, 573, 578, 579, 580, 581, 582, 587, 588, 589, 590, 591, 596, 597, 602, 603, 606, 607, 610, 611], "excluded_lines": [], "executed_branches": [[40, 50], [366, 371]], "missing_branches": [[40, 41], [58, 59], [58, 71], [59, 60], [59, 62], [88, 93], [88, 95], [111, 112], [111, 114], [112, 111], [112, 113], [127, 128], [127, 137], [130, 127], [130, 131], [138, 139], [138, 140], [146, 147], [146, 148], [149, 150], [149, 152], [152, -142], [152, 153], [158, 159], [158, 163], [159, 160], [159, 166], [163, 164], [163, 166], [166, 167], [166, 171], [167, -156], [167, 168], [171, -156], [171, 172], [177, 178], [177, 179], [179, 180], [179, 182], [182, 183], [182, 185], [222, 223], [222, 225], [228, 234], [228, 235], [319, 320], [319, 321], [324, 325], [324, 330], [333, -332], [333, 334], [366, 369], [448, 449], [448, 450], [494, 495], [494, 497], [520, -516], [520, 521], [527, -525], [527, 528], [527, 543], [528, 529], [528, 530], [530, 531], [530, 532], [565, 566], [565, 572], [567, 568], [567, 570], [578, 579], [578, 580], [580, 581], [580, 582]]}}, "totals": {"covered_lines": 64, "num_statements": 280, "percent_covered": 18.591549295774648, "percent_covered_display": "19", "missing_lines": 216, "excluded_lines": 0, "num_branches": 75, "num_partial_branches": 2, "covered_branches": 2, "missing_branches": 73}}