{"meta": {"version": "7.3.2", "timestamp": "2023-11-27T03:49:15.493312", "branch_coverage": false, "show_contexts": false}, "files": {"/input/test-apps/flutils/flutils/packages.py": {"executed_lines": [2, 14, 17, 20, 21, 22, 23, 24, 25, 30, 31, 32, 37, 44, 45, 46, 47, 48, 49, 50, 53, 56, 57, 58, 59, 60, 61, 62, 63, 71, 74, 75, 76, 77, 78, 79, 84, 85, 86, 87, 90, 91, 92, 93, 94, 95, 98, 101, 102, 103, 104, 105, 106, 107, 108, 109, 112, 115, 116, 118, 124, 125, 126, 127, 130, 134, 135, 137, 138, 140, 141, 142, 143, 144, 145, 146, 147, 148, 149, 151, 156, 157, 158, 159, 160, 161, 162, 169, 223, 224, 225, 227, 228, 229, 230, 231, 232, 233, 235, 237, 238, 239, 244, 246, 248, 249, 254, 255, 257, 258, 259, 265, 271, 272, 273, 278, 280, 281, 283, 284, 289, 290, 291, 292], "summary": {"covered_lines": 124, "num_statements": 128, "percent_covered": 96.875, "percent_covered_display": "97", "missing_lines": 4, "excluded_lines": 0}, "missing_lines": [119, 152, 163, 247], "excluded_lines": []}}, "totals": {"covered_lines": 124, "num_statements": 128, "percent_covered": 96.875, "percent_covered_display": "97", "missing_lines": 4, "excluded_lines": 0}}