{"meta": {"version": "7.3.2", "timestamp": "2023-11-27T03:49:29.682128", "branch_coverage": false, "show_contexts": false}, "files": {"/input/test-apps/flutils/flutils/moduleutils.py": {"executed_lines": [1, 2, 3, 4, 5, 6, 7, 9, 10, 24, 26, 44, 45, 51, 55, 56, 57, 59, 62, 64, 68, 72, 76, 81, 84, 85, 87, 88, 90, 91, 93, 94, 96, 97, 100, 116, 120, 121, 122, 123, 124, 125, 126, 127, 129, 130, 138, 147, 148, 150, 151, 152, 155, 156, 159, 161, 164, 167, 169, 174, 181, 188, 189, 192, 193, 194, 195, 201, 205, 208, 210, 214, 215, 220, 221, 222, 226, 243, 247, 248, 252, 258, 263, 266, 274, 277, 281, 282, 283, 284, 288, 289, 290, 292, 294, 297, 300, 301, 322, 323, 325, 328, 329, 331, 332, 334, 335, 336, 338, 339, 348, 349, 358, 365, 366, 367, 371, 372, 373, 376, 377, 380, 473, 474, 475, 476, 477, 478, 480, 481, 489, 496, 497, 498, 499, 501, 502, 504, 507, 511, 516, 526, 535, 536, 542, 543, 557, 560, 607, 616, 617, 631, 632, 638, 643, 647, 664], "summary": {"covered_lines": 150, "num_statements": 235, "percent_covered": 63.829787234042556, "percent_covered_display": "64", "missing_lines": 85, "excluded_lines": 3}, "missing_lines": [65, 66, 69, 70, 73, 74, 77, 117, 170, 171, 182, 196, 202, 203, 227, 228, 229, 230, 231, 232, 238, 253, 254, 255, 291, 326, 333, 482, 503, 512, 517, 518, 522, 538, 563, 564, 569, 573, 577, 578, 579, 581, 585, 586, 587, 589, 592, 596, 597, 604, 605, 611, 612, 633, 639, 640, 644, 649, 650, 656, 657, 658, 659, 660, 703, 704, 705, 707, 710, 711, 714, 715, 716, 721, 722, 723, 752, 753, 755, 759, 761, 763, 768, 771, 772], "excluded_lines": [588, 598, 634]}}, "totals": {"covered_lines": 150, "num_statements": 235, "percent_covered": 63.829787234042556, "percent_covered_display": "64", "missing_lines": 85, "excluded_lines": 3}}