{"meta": {"version": "7.3.2", "timestamp": "2023-11-27T03:42:33.609441", "branch_coverage": true, "show_contexts": false}, "files": {"/input/test-apps/scrapy/scrapy/utils/boto.py": {"executed_lines": [1, 2, 4, 7, 13, 19, 20, 21, 22, 27], "summary": {"covered_lines": 9, "num_statements": 16, "percent_covered": 56.25, "percent_covered_display": "56", "missing_lines": 7, "excluded_lines": 0, "num_branches": 0, "num_partial_branches": 0, "covered_branches": 0, "missing_branches": 0}, "missing_lines": [23, 24, 28, 29, 30, 31, 32], "excluded_lines": [], "executed_branches": [], "missing_branches": []}}, "totals": {"covered_lines": 9, "num_statements": 16, "percent_covered": 56.25, "percent_covered_display": "56", "missing_lines": 7, "excluded_lines": 0, "num_branches": 0, "num_partial_branches": 0, "covered_branches": 0, "missing_branches": 0}}