{"meta": {"version": "7.3.2", "timestamp": "2023-11-27T03:51:33.569154", "branch_coverage": false, "show_contexts": false}, "files": {"/input/test-apps/flutils/flutils/objutils.py": {"executed_lines": [1, 5, 10, 13, 23, 36, 61, 88, 116, 146, 201, 202, 203, 206, 228, 229, 230, 231], "summary": {"covered_lines": 18, "num_statements": 37, "percent_covered": 48.648648648648646, "percent_covered_display": "49", "missing_lines": 19, "excluded_lines": 0}, "missing_lines": [55, 56, 57, 58, 81, 82, 83, 84, 85, 109, 110, 111, 112, 138, 139, 140, 141, 142, 143], "excluded_lines": []}}, "totals": {"covered_lines": 18, "num_statements": 37, "percent_covered": 48.648648648648646, "percent_covered_display": "49", "missing_lines": 19, "excluded_lines": 0}}