{"meta": {"version": "7.3.2", "timestamp": "2023-11-27T03:42:41.669065", "branch_coverage": true, "show_contexts": false}, "files": {"/input/test-apps/scrapy/scrapy/utils/trackref.py": {"executed_lines": [1, 12, 13, 14, 15, 16, 19, 20, 23, 24, 26, 28, 34, 49, 54, 56, 63], "summary": {"covered_lines": 15, "num_statements": 36, "percent_covered": 30.18867924528302, "percent_covered_display": "30", "missing_lines": 21, "excluded_lines": 0, "num_branches": 17, "num_partial_branches": 1, "covered_branches": 1, "missing_branches": 16}, "missing_lines": [29, 30, 31, 36, 37, 38, 40, 41, 42, 43, 44, 45, 46, 51, 57, 58, 59, 60, 65, 66, 67], "excluded_lines": [], "executed_branches": [[56, -54]], "missing_branches": [[38, -38], [38, 40], [38, 46], [40, 41], [40, 42], [42, 43], [42, 44], [56, 57], [57, 56], [57, 58], [58, 59], [58, 60], [65, -63], [65, 66], [66, 65], [66, 67]]}}, "totals": {"covered_lines": 15, "num_statements": 36, "percent_covered": 30.18867924528302, "percent_covered_display": "30", "missing_lines": 21, "excluded_lines": 0, "num_branches": 17, "num_partial_branches": 1, "covered_branches": 1, "missing_branches": 16}}