{"meta": {"version": "7.3.2", "timestamp": "2023-11-27T03:37:40.374832", "branch_coverage": true, "show_contexts": false}, "files": {"/input/test-apps/scrapy/scrapy/utils/iterators.py": {"executed_lines": [1, 2, 3, 4, 6, 7, 8, 11, 14, 56, 71, 73, 81, 85, 90, 96, 112, 114, 115, 117, 119, 120, 121, 122, 123, 124, 126, 127, 128, 129, 130, 131, 133, 134, 135, 136, 140, 142, 145, 146, 147, 152, 153, 155, 158, 159, 160, 162], "summary": {"covered_lines": 48, "num_statements": 97, "percent_covered": 48.90510948905109, "percent_covered_display": "49", "missing_lines": 49, "excluded_lines": 0, "num_branches": 40, "num_partial_branches": 3, "covered_branches": 19, "missing_branches": 21}, "missing_lines": [23, 25, 26, 27, 28, 29, 31, 32, 33, 34, 35, 36, 37, 38, 39, 40, 42, 43, 44, 53, 57, 58, 59, 60, 61, 62, 63, 64, 65, 66, 67, 68, 74, 75, 76, 78, 79, 82, 83, 86, 87, 88, 91, 92, 93, 148, 149, 154, 156], "excluded_lines": [], "executed_branches": [[115, -115], [115, -114], [115, 115], [120, 121], [120, 122], [122, 123], [122, 124], [126, 127], [126, 133], [133, -96], [133, 134], [135, 136], [135, 142], [147, 152], [152, 153], [152, 159], [153, 155], [155, 158], [159, 160], [159, 162]], "missing_branches": [[36, 37], [36, 42], [37, 38], [37, 42], [39, 37], [39, 40], [40, -40], [40, 37], [43, -14], [43, 44], [62, -56], [62, 63], [66, 67], [66, 68], [75, 76], [75, 78], [147, 148], [148, -148], [148, 149], [153, 154], [155, 156]]}}, "totals": {"covered_lines": 48, "num_statements": 97, "percent_covered": 48.90510948905109, "percent_covered_display": "49", "missing_lines": 49, "excluded_lines": 0, "num_branches": 40, "num_partial_branches": 3, "covered_branches": 19, "missing_branches": 21}}