{"meta": {"version": "7.3.2", "timestamp": "2023-11-27T04:48:30.612845", "branch_coverage": false, "show_contexts": false}, "files": {"/input/test-apps/flutes/flutes/io.py": {"executed_lines": [1, 2, 3, 4, 5, 7, 8, 10, 12, 19, 20, 49, 50, 52, 53, 54, 55, 57, 61, 66, 67, 69, 75, 76, 77, 78, 79, 81, 87, 94, 96, 99, 100, 104, 105, 109, 110, 114, 143, 144, 146, 149, 150, 152, 153, 154, 155, 158, 159, 161, 162, 209, 213, 216, 219, 222, 225, 228, 232], "summary": {"covered_lines": 59, "num_statements": 133, "percent_covered": 44.3609022556391, "percent_covered_display": "44", "missing_lines": 74, "excluded_lines": 0}, "missing_lines": [37, 38, 39, 40, 41, 42, 44, 45, 46, 58, 59, 62, 63, 64, 70, 71, 72, 73, 82, 83, 84, 85, 88, 89, 90, 91, 147, 163, 164, 166, 167, 168, 169, 170, 171, 172, 174, 175, 176, 177, 178, 179, 180, 181, 182, 183, 184, 185, 186, 188, 189, 193, 197, 198, 200, 201, 202, 203, 204, 206, 207, 210, 211, 214, 217, 220, 223, 226, 229, 244, 245, 246, 247, 249], "excluded_lines": []}}, "totals": {"covered_lines": 59, "num_statements": 133, "percent_covered": 44.3609022556391, "percent_covered_display": "44", "missing_lines": 74, "excluded_lines": 0}}