{"meta": {"version": "7.3.2", "timestamp": "2023-11-27T04:13:12.299043", "branch_coverage": false, "show_contexts": false}, "files": {"/input/test-apps/thonny/thonny/plugins/micropython/backend.py": {"executed_lines": [1, 36, 37, 38, 39, 40, 41, 42, 43, 44, 45, 46, 47, 48, 49, 50, 51, 53, 54, 73, 74, 76, 79, 82, 83, 84, 85, 86, 91, 93, 95, 97, 98, 99, 101, 102, 105, 108, 113, 114, 150, 165, 173, 178, 182, 193, 196, 251, 254, 259, 262, 268, 284, 287, 290, 293, 296, 299, 302, 305, 317, 389, 392, 395, 398, 401, 404, 407, 410, 413, 419, 429, 466, 470, 476, 479, 482, 494, 497, 512, 529, 535, 573, 577, 600, 604, 616, 619, 630, 633, 660, 663, 697, 765, 779, 799, 803, 835, 879, 886, 889, 893, 917, 944, 950, 971, 994, 1047, 1078, 1096, 1138, 1145, 1152, 1158, 1167, 1204, 1213, 1216, 1256, 1297, 1302, 1310, 1318, 1351, 1355, 1356, 1376, 1380, 1408, 1423, 1427, 1429, 1430, 1431, 1432, 1434, 1437, 1438, 1441], "summary": {"covered_lines": 138, "num_statements": 718, "percent_covered": 19.220055710306408, "percent_covered_display": "19", "missing_lines": 580, "excluded_lines": 0}, "missing_lines": [109, 115, 116, 117, 118, 119, 120, 121, 122, 123, 124, 125, 127, 128, 129, 130, 131, 132, 133, 135, 137, 138, 139, 141, 142, 143, 144, 145, 146, 147, 148, 151, 152, 153, 154, 155, 157, 158, 159, 161, 162, 163, 166, 167, 169, 170, 171, 174, 176, 179, 180, 183, 194, 199, 252, 257, 260, 263, 264, 266, 269, 270, 271, 273, 274, 275, 276, 277, 278, 279, 281, 282, 285, 288, 291, 294, 297, 300, 303, 306, 308, 309, 310, 311, 312, 313, 314, 315, 318, 319, 320, 322, 323, 325, 326, 327, 329, 330, 332, 334, 336, 337, 339, 340, 341, 343, 344, 345, 346, 347, 348, 349, 350, 351, 352, 353, 354, 355, 357, 359, 360, 361, 362, 364, 365, 366, 367, 369, 370, 372, 374, 376, 377, 378, 379, 380, 382, 383, 385, 387, 390, 393, 396, 399, 402, 405, 408, 411, 414, 415, 417, 420, 422, 423, 424, 425, 427, 430, 431, 438, 452, 455, 456, 459, 461, 462, 463, 464, 467, 468, 471, 472, 474, 477, 480, 483, 484, 486, 487, 489, 490, 492, 495, 498, 499, 501, 502, 503, 505, 506, 507, 509, 510, 527, 531, 532, 533, 540, 541, 542, 543, 544, 545, 546, 547, 549, 550, 555, 557, 558, 561, 562, 563, 565, 566, 567, 568, 569, 570, 571, 575, 582, 583, 585, 586, 587, 588, 589, 590, 592, 594, 597, 598, 602, 605, 606, 607, 609, 610, 611, 612, 614, 617, 621, 622, 623, 624, 625, 626, 628, 631, 634, 635, 639, 654, 655, 656, 658, 661, 664, 665, 666, 667, 669, 670, 678, 679, 680, 686, 695, 704, 725, 726, 727, 728, 763, 767, 773, 781, 782, 785, 786, 787, 791, 797, 800, 801, 804, 805, 806, 807, 808, 809, 810, 811, 812, 813, 814, 815, 816, 818, 820, 828, 832, 833, 836, 837, 838, 840, 841, 842, 843, 847, 850, 851, 853, 855, 856, 857, 858, 860, 862, 863, 864, 865, 866, 867, 868, 870, 872, 881, 882, 884, 887, 891, 894, 920, 921, 923, 925, 937, 938, 939, 940, 942, 945, 946, 947, 948, 952, 954, 955, 957, 964, 965, 966, 967, 969, 973, 974, 975, 976, 978, 979, 980, 981, 984, 985, 987, 988, 990, 992, 995, 998, 1000, 1002, 1003, 1006, 1007, 1010, 1011, 1012, 1013, 1015, 1018, 1021, 1022, 1023, 1024, 1025, 1031, 1033, 1034, 1036, 1039, 1041, 1042, 1043, 1045, 1050, 1067, 1068, 1073, 1076, 1079, 1081, 1082, 1083, 1094, 1097, 1107, 1108, 1110, 1111, 1113, 1114, 1116, 1117, 1118, 1120, 1121, 1123, 1124, 1125, 1126, 1127, 1128, 1130, 1131, 1132, 1133, 1136, 1139, 1140, 1141, 1143, 1146, 1147, 1148, 1150, 1153, 1154, 1155, 1156, 1159, 1161, 1162, 1164, 1165, 1171, 1172, 1192, 1193, 1194, 1196, 1200, 1202, 1205, 1206, 1207, 1208, 1209, 1210, 1211, 1214, 1217, 1218, 1220, 1222, 1224, 1225, 1226, 1227, 1229, 1230, 1232, 1233, 1234, 1240, 1246, 1248, 1249, 1250, 1251, 1252, 1253, 1254, 1258, 1259, 1261, 1263, 1265, 1266, 1267, 1268, 1270, 1271, 1273, 1274, 1275, 1281, 1287, 1289, 1290, 1291, 1292, 1293, 1294, 1295, 1298, 1300, 1303, 1304, 1306, 1308, 1311, 1312, 1313, 1314, 1316, 1319, 1320, 1322, 1323, 1324, 1325, 1326, 1327, 1328, 1329, 1331, 1332, 1333, 1334, 1336, 1337, 1339, 1341, 1347, 1348, 1349, 1352, 1357, 1370, 1371, 1372, 1373, 1377, 1381, 1383, 1384, 1386, 1388, 1392, 1393, 1394, 1395, 1396, 1397, 1398, 1399, 1403, 1405, 1409, 1410, 1412, 1413, 1415, 1416, 1417, 1418, 1420, 1424, 1442, 1443, 1444, 1445, 1446, 1447, 1448], "excluded_lines": []}}, "totals": {"covered_lines": 138, "num_statements": 718, "percent_covered": 19.220055710306408, "percent_covered_display": "19", "missing_lines": 580, "excluded_lines": 0}}