{"meta": {"version": "7.3.2", "timestamp": "2023-11-27T03:59:07.971043", "branch_coverage": false, "show_contexts": false}, "files": {"/input/test-apps/docstring_parser/docstring_parser/numpydoc.py": {"executed_lines": [1, 6, 7, 8, 9, 11, 21, 27, 33, 35, 37, 41, 45, 48, 49, 58, 59, 60, 62, 63, 69, 71, 80, 81, 91, 94, 104, 105, 112, 113, 114, 117, 118, 128, 157, 158, 165, 173, 174, 183, 185, 201, 202, 204, 207, 208, 210, 221, 256, 257, 262, 263, 264, 266, 267, 272, 281, 286, 287, 288, 326, 331], "summary": {"covered_lines": 53, "num_statements": 115, "percent_covered": 46.08695652173913, "percent_covered_display": "46", "missing_lines": 62, "excluded_lines": 0}, "missing_lines": [22, 23, 24, 28, 29, 30, 77, 92, 95, 96, 97, 98, 99, 129, 130, 131, 132, 133, 134, 135, 136, 137, 139, 141, 142, 143, 144, 145, 147, 166, 186, 187, 188, 190, 192, 211, 213, 214, 216, 278, 279, 291, 294, 295, 296, 297, 299, 300, 303, 304, 305, 306, 307, 310, 311, 313, 314, 315, 319, 320, 321, 323], "excluded_lines": []}}, "totals": {"covered_lines": 53, "num_statements": 115, "percent_covered": 46.08695652173913, "percent_covered_display": "46", "missing_lines": 62, "excluded_lines": 0}}