{"meta": {"version": "7.3.2", "timestamp": "2023-11-27T04:28:06.276728", "branch_coverage": true, "show_contexts": false}, "files": {"/input/test-apps/tornado/tornado/routing.py": {"executed_lines": [15, 178, 179, 181, 182, 183, 184, 185, 187, 190, 191, 193, 207, 213, 214, 218, 229, 230, 238, 262, 266, 270, 275, 276, 279, 289, 300, 301, 303, 334, 350, 358, 376, 404, 405, 412, 416, 428, 441, 442, 444, 477, 480, 490, 491, 493, 505, 510, 511, 513, 517, 518, 520, 528, 535, 536, 540, 544, 552, 553, 555, 570, 593, 608, 649, 650, 657, 688, 698, 699, 703, 704, 708, 715, 716, 717], "summary": {"covered_lines": 65, "num_statements": 218, "percent_covered": 22.185430463576157, "percent_covered_display": "22", "missing_lines": 153, "excluded_lines": 0, "num_branches": 84, "num_partial_branches": 0, "covered_branches": 2, "missing_branches": 82}, "missing_lines": [205, 210, 226, 233, 234, 235, 236, 243, 244, 251, 252, 253, 258, 260, 263, 264, 267, 268, 271, 272, 277, 280, 284, 330, 331, 332, 340, 341, 342, 343, 344, 346, 348, 356, 361, 362, 363, 364, 365, 367, 371, 372, 374, 388, 389, 391, 392, 393, 395, 396, 397, 401, 413, 414, 417, 419, 420, 421, 424, 426, 429, 430, 432, 433, 434, 435, 436, 438, 467, 470, 472, 473, 474, 475, 478, 481, 503, 507, 514, 521, 522, 523, 524, 526, 529, 530, 532, 541, 542, 546, 547, 548, 549, 556, 557, 558, 559, 561, 563, 568, 571, 572, 573, 574, 575, 577, 578, 584, 585, 589, 591, 594, 595, 596, 599, 600, 601, 602, 603, 604, 605, 606, 614, 615, 616, 617, 618, 620, 623, 625, 626, 627, 628, 629, 630, 631, 632, 635, 636, 638, 639, 640, 643, 644, 646, 681, 682, 684, 685, 686, 689, 700, 705], "excluded_lines": [], "executed_branches": [[715, 716], [715, 717]], "missing_branches": [[252, 253], [252, 260], [331, -303], [331, 332], [340, -334], [340, 341], [341, 342], [341, 348], [343, 344], [343, 346], [361, 362], [361, 374], [363, 361], [363, 364], [364, 365], [364, 367], [371, 361], [371, 372], [388, 389], [388, 391], [391, 392], [391, 395], [395, 396], [395, 401], [419, 420], [419, 426], [420, 421], [420, 424], [429, 430], [429, 432], [432, 433], [432, 438], [433, 432], [433, 434], [435, 432], [435, 436], [467, 470], [467, 472], [521, 522], [521, 526], [522, 523], [522, 524], [529, 530], [529, 532], [546, 547], [546, 549], [547, 548], [547, 549], [556, 557], [556, 561], [557, 558], [557, 559], [572, 573], [572, 574], [574, 575], [574, 577], [584, 585], [584, 589], [585, -585], [585, 591], [589, -589], [589, 591], [594, 595], [594, 596], [599, 600], [599, 601], [602, 603], [602, 606], [603, 604], [603, 605], [615, 616], [615, 617], [617, 618], [617, 620], [620, 623], [620, 625], [626, 627], [626, 646], [627, 628], [627, 638], [629, 626], [629, 630]]}}, "totals": {"covered_lines": 65, "num_statements": 218, "percent_covered": 22.185430463576157, "percent_covered_display": "22", "missing_lines": 153, "excluded_lines": 0, "num_branches": 84, "num_partial_branches": 0, "covered_branches": 2, "missing_branches": 82}}