{"meta": {"version": "7.3.2", "timestamp": "2023-11-27T04:48:13.474446", "branch_coverage": false, "show_contexts": false}, "files": {"/input/test-apps/flutes/flutes/iterator.py": {"executed_lines": [1, 2, 4, 17, 18, 19, 20, 23, 47, 59, 61, 62, 63, 64, 69, 81, 83, 84, 85, 86, 87, 88, 89, 92, 114, 115, 119, 120, 124, 160, 161, 164, 165, 168, 200, 201, 204, 205, 208, 230, 231, 237, 238, 242, 245, 253, 258, 263, 275, 276, 278, 279, 281, 288, 295, 296, 307, 308, 310, 311, 313, 314, 316, 330, 333, 340, 343, 346, 347, 349, 350, 352, 360, 361, 382, 386, 387, 389, 390, 392, 397, 400], "summary": {"covered_lines": 79, "num_statements": 187, "percent_covered": 42.24598930481283, "percent_covered_display": "42", "missing_lines": 108, "excluded_lines": 0}, "missing_lines": [35, 36, 37, 38, 39, 40, 41, 42, 43, 44, 60, 65, 66, 82, 105, 106, 107, 108, 109, 110, 111, 144, 145, 146, 147, 148, 149, 150, 151, 153, 154, 155, 156, 157, 187, 188, 189, 190, 191, 193, 194, 195, 196, 197, 227, 239, 240, 243, 246, 247, 248, 249, 250, 251, 254, 255, 256, 259, 260, 261, 264, 265, 266, 267, 268, 269, 270, 271, 272, 273, 282, 283, 285, 286, 289, 290, 292, 317, 318, 319, 320, 321, 322, 324, 325, 326, 327, 328, 331, 334, 335, 336, 337, 338, 341, 344, 353, 354, 355, 356, 357, 383, 384, 393, 394, 395, 398, 401], "excluded_lines": []}}, "totals": {"covered_lines": 79, "num_statements": 187, "percent_covered": 42.24598930481283, "percent_covered_display": "42", "missing_lines": 108, "excluded_lines": 0}}