{"meta": {"version": "7.3.2", "timestamp": "2023-11-27T03:50:11.195235", "branch_coverage": false, "show_contexts": false}, "files": {"/input/test-apps/flutils/flutils/pathutils.py": {"executed_lines": [1, 2, 3, 4, 5, 6, 7, 8, 9, 14, 23, 36, 44, 51, 103, 105, 106, 108, 111, 131, 132, 133, 138, 188, 189, 192, 194, 197, 199, 215, 216, 219, 274, 276, 281, 290, 292, 293, 295, 301, 302, 306, 307, 308, 312, 313, 321, 322, 324, 330, 331, 333, 336, 370, 372, 373, 387, 417, 441, 442, 443, 444, 445, 446, 461, 485, 493, 494, 495, 496, 504, 505, 548, 549, 550, 551, 552, 553, 554, 555, 556, 557, 558, 559, 560, 563, 564, 569, 570, 571, 574], "summary": {"covered_lines": 91, "num_statements": 177, "percent_covered": 51.41242937853107, "percent_covered_display": "51", "missing_lines": 86, "excluded_lines": 0}, "missing_lines": [109, 112, 113, 114, 115, 116, 117, 122, 123, 126, 127, 128, 129, 134, 135, 190, 195, 200, 201, 202, 203, 204, 208, 210, 211, 212, 213, 277, 282, 294, 296, 309, 310, 311, 315, 325, 326, 327, 374, 375, 376, 377, 378, 379, 380, 381, 382, 383, 384, 412, 413, 414, 447, 448, 452, 453, 454, 455, 486, 487, 488, 489, 497, 498, 565, 566, 600, 601, 602, 603, 604, 605, 606, 607, 608, 609, 610, 611, 612, 613, 614, 615, 617, 618, 619, 621], "excluded_lines": []}}, "totals": {"covered_lines": 91, "num_statements": 177, "percent_covered": 51.41242937853107, "percent_covered_display": "51", "missing_lines": 86, "excluded_lines": 0}}