{"meta": {"version": "7.3.2", "timestamp": "2023-11-27T03:48:37.242095", "branch_coverage": false, "show_contexts": false}, "files": {"/input/test-apps/thefuck/thefuck/logs.py": {"executed_lines": [3, 4, 5, 6, 7, 8, 9, 12, 14, 17, 20, 28, 39, 43, 50, 59, 75, 84, 85, 93, 117, 127, 137], "summary": {"covered_lines": 23, "num_statements": 45, "percent_covered": 51.111111111111114, "percent_covered_display": "51", "missing_lines": 22, "excluded_lines": 0}, "missing_lines": [15, 21, 29, 40, 44, 51, 60, 76, 77, 86, 87, 88, 90, 94, 98, 99, 107, 108, 114, 118, 128, 138], "excluded_lines": []}}, "totals": {"covered_lines": 23, "num_statements": 45, "percent_covered": 51.111111111111114, "percent_covered_display": "51", "missing_lines": 22, "excluded_lines": 0}}