{"meta": {"version": "7.3.2", "timestamp": "2023-11-27T04:45:47.948540", "branch_coverage": false, "show_contexts": false}, "files": {"/input/test-apps/httpie/httpie/downloads.py": {"executed_lines": [2, 6, 8, 9, 10, 11, 12, 13, 14, 15, 16, 17, 19, 21, 22, 23, 26, 28, 29, 35, 36, 37, 40, 41, 44, 56, 59, 63, 65, 69, 70, 71, 72, 84, 90, 100, 103, 124, 144, 155, 170, 177, 188, 190, 216, 232, 302, 307, 310, 311, 318, 328, 329, 347, 348, 350, 357, 363, 367, 368, 371, 377, 378, 385, 403, 407, 416, 470], "summary": {"covered_lines": 66, "num_statements": 229, "percent_covered": 28.820960698689955, "percent_covered_display": "29", "missing_lines": 163, "excluded_lines": 0}, "missing_lines": [57, 66, 87, 94, 115, 116, 117, 119, 120, 121, 125, 126, 127, 128, 129, 131, 133, 135, 136, 138, 139, 141, 145, 146, 147, 148, 149, 151, 152, 156, 157, 158, 159, 160, 162, 163, 164, 165, 166, 167, 171, 172, 173, 174, 178, 179, 180, 181, 182, 183, 184, 185, 206, 207, 208, 209, 210, 211, 223, 224, 225, 226, 229, 230, 247, 251, 252, 253, 254, 256, 257, 263, 264, 270, 271, 272, 273, 274, 275, 277, 282, 290, 298, 300, 303, 304, 305, 308, 312, 326, 334, 335, 336, 338, 339, 343, 344, 351, 352, 353, 354, 355, 358, 359, 360, 361, 364, 365, 369, 372, 373, 374, 392, 393, 394, 395, 396, 397, 398, 399, 400, 401, 405, 408, 409, 410, 411, 413, 414, 418, 420, 421, 422, 423, 425, 426, 428, 429, 434, 435, 436, 437, 439, 440, 442, 443, 444, 445, 447, 454, 455, 457, 464, 466, 471, 473, 475, 477, 478, 479, 483, 485, 492], "excluded_lines": []}}, "totals": {"covered_lines": 66, "num_statements": 229, "percent_covered": 28.820960698689955, "percent_covered_display": "29", "missing_lines": 163, "excluded_lines": 0}}