{"meta": {"version": "7.3.2", "timestamp": "2023-11-27T03:59:46.741884", "branch_coverage": false, "show_contexts": false}, "files": {"/input/test-apps/fastapi/fastapi/utils.py": {"executed_lines": [1, 2, 3, 4, 5, 7, 8, 9, 10, 11, 12, 13, 14, 17, 33, 37, 72, 122, 129, 141, 152, 153, 154, 155, 156], "summary": {"covered_lines": 25, "num_statements": 83, "percent_covered": 30.120481927710845, "percent_covered_display": "30", "missing_lines": 58, "excluded_lines": 0}, "missing_lines": [22, 23, 24, 27, 28, 29, 30, 34, 50, 51, 53, 64, 65, 66, 67, 78, 79, 80, 81, 82, 83, 84, 85, 86, 87, 88, 89, 90, 91, 94, 95, 96, 97, 98, 99, 100, 101, 102, 103, 104, 105, 109, 110, 113, 114, 115, 116, 117, 118, 119, 123, 124, 125, 126, 130, 131, 136, 138], "excluded_lines": []}}, "totals": {"covered_lines": 25, "num_statements": 83, "percent_covered": 30.120481927710845, "percent_covered_display": "30", "missing_lines": 58, "excluded_lines": 0}}