{"meta": {"version": "7.3.2", "timestamp": "2023-11-27T03:48:46.698200", "branch_coverage": false, "show_contexts": false}, "files": {"/input/test-apps/thefuck/thefuck/rules/cd_correction.py": {"executed_lines": [1, 3, 4, 5, 6, 7, 9, 11, 14, 16, 19, 20, 21, 31, 32], "summary": {"covered_lines": 14, "num_statements": 35, "percent_covered": 40.0, "percent_covered_display": "40", "missing_lines": 21, "excluded_lines": 0}, "missing_lines": [23, 39, 40, 41, 43, 44, 45, 46, 47, 49, 50, 51, 52, 53, 54, 55, 56, 57, 58, 60, 61], "excluded_lines": []}}, "totals": {"covered_lines": 14, "num_statements": 35, "percent_covered": 40.0, "percent_covered_display": "40", "missing_lines": 21, "excluded_lines": 0}}