{"meta": {"version": "7.3.2", "timestamp": "2023-11-27T04:00:45.283835", "branch_coverage": true, "show_contexts": false}, "files": {"/input/test-apps/sanic/sanic/errorpages.py": {"executed_lines": [1, 16, 17, 19, 20, 22, 23, 24, 25, 28, 29, 31, 36, 40, 43, 44, 48, 53, 54, 59, 60, 65, 66, 71, 72, 76, 90, 97, 105, 106, 112, 124, 128, 133, 141, 149, 160, 172, 173, 176, 177, 180, 201, 213, 214, 218, 219, 221, 232, 244, 245, 248, 264, 276, 277, 281, 285, 289, 324, 325, 329, 333, 336, 342, 349], "summary": {"covered_lines": 58, "num_statements": 135, "percent_covered": 36.024844720496894, "percent_covered_display": "36", "missing_lines": 77, "excluded_lines": 8, "num_branches": 26, "num_partial_branches": 0, "covered_branches": 0, "missing_branches": 26}, "missing_lines": [49, 50, 51, 55, 56, 57, 61, 62, 63, 67, 68, 69, 73, 74, 83, 88, 150, 161, 174, 178, 181, 182, 183, 184, 185, 187, 188, 189, 190, 191, 192, 199, 202, 203, 206, 222, 233, 246, 249, 250, 252, 258, 259, 260, 262, 265, 273, 282, 283, 286, 287, 290, 296, 297, 298, 300, 301, 316, 318, 319, 320, 322, 326, 359, 360, 362, 363, 364, 365, 366, 367, 369, 372, 376, 377, 379, 380], "excluded_lines": [32, 33, 90, 91, 95, 97, 98, 102], "executed_branches": [], "missing_branches": [[55, 56], [55, 57], [61, 62], [61, 63], [67, 68], [67, 69], [183, 184], [183, 187], [203, -203], [203, 206], [258, 259], [258, 262], [265, -265], [265, 273], [296, 297], [296, 322], [300, 301], [300, 318], [301, -301], [301, 316], [359, 360], [359, 379], [362, 363], [362, 379], [363, 364], [363, 376]]}}, "totals": {"covered_lines": 58, "num_statements": 135, "percent_covered": 36.024844720496894, "percent_covered_display": "36", "missing_lines": 77, "excluded_lines": 8, "num_branches": 26, "num_partial_branches": 0, "covered_branches": 0, "missing_branches": 26}}