{"meta": {"version": "7.3.2", "timestamp": "2023-11-27T04:28:57.397861", "branch_coverage": true, "show_contexts": false}, "files": {"/input/test-apps/tornado/tornado/options.py": {"executed_lines": [16, 96, 97, 98, 99, 100, 101, 103, 104, 105, 107, 121, 122, 124, 127, 128, 134, 136, 137, 138, 145, 146, 148, 149, 150, 151, 152, 154, 160, 163, 167, 170, 173, 180, 187, 210, 217, 262, 263, 268, 269, 273, 279, 280, 281, 282, 283, 284, 287, 290, 291, 302, 304, 328, 330, 331, 333, 334, 335, 336, 339, 340, 341, 342, 345, 346, 347, 348, 351, 353, 354, 356, 358, 427, 457, 462, 464, 466, 467, 468, 470, 488, 489, 501, 506, 509, 514, 518, 522, 524, 536, 538, 539, 541, 542, 543, 544, 545, 546, 547, 548, 549, 551, 552, 554, 555, 563, 575, 576, 578, 580, 604, 617, 625, 637, 639, 643, 660, 661, 663, 664, 667, 668, 674, 700, 707, 710, 718, 726, 735], "summary": {"covered_lines": 127, "num_statements": 248, "percent_covered": 43.29608938547486, "percent_covered_display": "43", "missing_lines": 121, "excluded_lines": 0, "num_branches": 110, "num_partial_branches": 12, "covered_branches": 28, "missing_branches": 82}, "missing_lines": [155, 156, 157, 158, 161, 164, 165, 168, 171, 178, 185, 204, 215, 264, 277, 286, 288, 329, 337, 338, 343, 344, 350, 404, 405, 406, 407, 408, 409, 410, 411, 412, 413, 419, 420, 422, 424, 425, 429, 430, 431, 432, 433, 434, 435, 437, 438, 439, 440, 441, 443, 444, 445, 446, 447, 448, 449, 450, 451, 452, 453, 454, 455, 458, 459, 460, 485, 503, 504, 507, 510, 511, 512, 515, 537, 540, 564, 565, 566, 568, 569, 570, 571, 573, 577, 581, 582, 583, 587, 588, 589, 594, 595, 599, 600, 601, 618, 619, 620, 621, 622, 623, 644, 645, 646, 647, 648, 649, 650, 651, 652, 653, 654, 655, 656, 657, 658, 688, 715, 723, 731], "excluded_lines": [], "executed_branches": [[150, 151], [150, 152], [263, 268], [273, 273], [273, 279], [280, 281], [280, 282], [282, 283], [282, 287], [283, 284], [287, 290], [328, 330], [331, 333], [331, 353], [333, 334], [333, 336], [336, 339], [342, 345], [346, 347], [346, 351], [347, 348], [353, 354], [353, 356], [467, -466], [467, 468], [536, 538], [539, 541], [563, 575], [576, 578]], "missing_branches": [[156, 157], [156, 158], [161, -161], [161, -160], [178, -178], [178, -173], [185, -185], [185, -180], [204, -204], [204, -187], [215, -215], [215, -210], [263, 264], [273, 277], [283, 286], [287, 288], [328, 329], [336, 337], [342, 343], [347, 350], [405, 406], [405, 407], [407, 408], [407, 424], [409, 407], [409, 410], [411, 412], [411, 419], [412, 413], [412, 419], [419, 420], [419, 422], [424, -358], [424, 425], [429, 430], [429, 431], [434, 435], [434, 437], [437, 438], [437, 455], [438, 439], [438, 440], [440, -440], [440, 441], [441, 437], [441, 443], [444, 445], [444, 446], [447, 448], [447, 449], [450, 451], [450, 452], [453, 441], [453, 454], [458, -457], [458, 459], [536, 537], [539, 540], [563, 564], [565, 566], [565, 576], [566, 568], [566, 573], [576, 577], [581, 582], [581, 594], [582, 583], [582, 587], [587, 588], [587, 599], [588, 587], [588, 589], [594, 595], [594, 599], [600, -580], [600, 601], [618, 619], [618, 623], [647, 648], [647, 656], [649, 650], [649, 651]]}}, "totals": {"covered_lines": 127, "num_statements": 248, "percent_covered": 43.29608938547486, "percent_covered_display": "43", "missing_lines": 121, "excluded_lines": 0, "num_branches": 110, "num_partial_branches": 12, "covered_branches": 28, "missing_branches": 82}}